<?xml version="1.0" encoding="utf-8"?><testsuites name="pytest tests"><testsuite name="pytest" errors="0" failures="0" skipped="2" tests="37" time="11.141" timestamp="2026-07-09T15:27:02.657389+00:00" hostname="agent-env-478547b6-fd20-49d2-ac3b-a3f74c3e9f49"><testcase classname="backend.tests.test_gate2_operational_flows.TestAtivos" name="test_ativo_01_list_ativos" time="1.468"><skipped type="pytest.skip" message="BUG-ATIVO-STATUS: 'status' field is not returned in /api/ativos list — see report">/app/backend/tests/test_gate2_operational_flows.py:110: BUG-ATIVO-STATUS: 'status' field is not returned in /api/ativos list — see report</skipped></testcase><testcase classname="backend.tests.test_gate2_operational_flows.TestAtivos" name="test_ativo_02_create" time="2.698" /><testcase classname="backend.tests.test_gate2_operational_flows.TestAtivos" name="test_ativo_03_update" time="0.216" /><testcase classname="backend.tests.test_gate2_operational_flows.TestAtivos" name="test_ativo_04_get_by_id" time="0.122"><skipped type="pytest.skip" message="BUG-ATIVO-STATUS: 'status' field missing in GET /api/ativos/{id} response">/app/backend/tests/test_gate2_operational_flows.py:152: BUG-ATIVO-STATUS: 'status' field missing in GET /api/ativos/{id} response</skipped></testcase><testcase classname="backend.tests.test_gate2_operational_flows.TestAtivos" name="test_ativo_05_soft_delete" time="0.315" /><testcase classname="backend.tests.test_gate2_operational_flows.TestBOM" name="test_bom_01_add_material" time="0.119" /><testcase classname="backend.tests.test_gate2_operational_flows.TestBOM" name="test_bom_02_list_materiais" time="0.100" /><testcase classname="backend.tests.test_gate2_operational_flows.TestEstoque" name="test_estoque_01_list" time="0.130" /><testcase classname="backend.tests.test_gate2_operational_flows.TestEstoque" name="test_estoque_02_create" time="0.099" /><testcase classname="backend.tests.test_gate2_operational_flows.TestEstoque" name="test_estoque_03_update" time="0.128" /><testcase classname="backend.tests.test_gate2_operational_flows.TestEstoque" name="test_estoque_04_movimentacao" time="0.102" /><testcase classname="backend.tests.test_gate2_operational_flows.TestEstoque" name="test_estoque_05_delete" time="0.220" /><testcase classname="backend.tests.test_gate2_operational_flows.TestPlanos" name="test_plano_01_list" time="0.139" /><testcase classname="backend.tests.test_gate2_operational_flows.TestPlanos" name="test_plano_02_create" time="0.105" /><testcase classname="backend.tests.test_gate2_operational_flows.TestPlanos" name="test_plano_03_approve" time="0.263" /><testcase classname="backend.tests.test_gate2_operational_flows.TestOSLifecycle" name="test_os_01_create_corretiva" time="0.103" /><testcase classname="backend.tests.test_gate2_operational_flows.TestOSLifecycle" name="test_os_02_list" time="0.108" /><testcase classname="backend.tests.test_gate2_operational_flows.TestOSLifecycle" name="test_os_03_get_by_id" time="0.100" /><testcase classname="backend.tests.test_gate2_operational_flows.TestOSLifecycle" name="test_os_04_status_solicitada_to_planejada" time="0.226" /><testcase classname="backend.tests.test_gate2_operational_flows.TestOSLifecycle" name="test_os_05_status_planejada_to_em_execucao" time="0.112" /><testcase classname="backend.tests.test_gate2_operational_flows.TestOSLifecycle" name="test_os_06_concluir" time="0.104" /><testcase classname="backend.tests.test_gate2_operational_flows.TestOSLifecycle" name="test_os_07_full_lifecycle_verify" time="0.119" /><testcase classname="backend.tests.test_gate2_operational_flows.TestOSLifecycle" name="test_os_08_material_consumption" time="0.441" /><testcase classname="backend.tests.test_gate2_operational_flows.TestInspecoes" name="test_insp_01_list" time="0.096" /><testcase classname="backend.tests.test_gate2_operational_flows.TestInspecoes" name="test_insp_02_create_from_approved_plan" time="0.108" /><testcase classname="backend.tests.test_gate2_operational_flows.TestInspecoes" name="test_insp_03_iniciar" time="0.095" /><testcase classname="backend.tests.test_gate2_operational_flows.TestInspecoes" name="test_insp_04_concluir" time="0.228" /><testcase classname="backend.tests.test_gate2_operational_flows.TestUpload" name="test_upload_01" time="0.376" /><testcase classname="backend.tests.test_gate2_operational_flows.TestExports" name="test_export_01_estoque" time="0.279" /><testcase classname="backend.tests.test_gate2_operational_flows.TestExports" name="test_export_02_sobressalentes" time="0.105" /><testcase classname="backend.tests.test_gate2_operational_flows.TestAudit" name="test_audit_01_logs" time="0.123" /><testcase classname="backend.tests.test_gate2_operational_flows.TestDashboard" name="test_dashboard_01_kpis" time="0.115" /><testcase classname="backend.tests.test_gate2_operational_flows.TestDashboard" name="test_dashboard_02_stats" time="0.101" /><testcase classname="backend.tests.test_gate2_operational_flows.TestDashboard" name="test_dashboard_03_solicitada_excluded_from_backlog" time="0.323" /><testcase classname="backend.tests.test_gate2_operational_flows.TestDashboard" name="test_dashboard_04_solicitada_excluded_from_os_por_setor" time="0.112" /><testcase classname="backend.tests.test_gate2_operational_flows.TestDashboard" name="test_dashboard_05_solicitada_excluded_from_os_por_disciplina" time="0.097" /><testcase classname="backend.tests.test_gate2_operational_flows.TestDashboard" name="test_dashboard_06_solicitada_excluded_from_ativos_mais_falhas" time="1.333" /></testsuite></testsuites>