<?xml version="1.0" encoding="utf-8"?><testsuites name="pytest tests"><testsuite name="pytest" errors="0" failures="1" skipped="0" tests="29" time="9.533" timestamp="2026-07-09T17:14:53.959764+00:00" hostname="agent-env-478547b6-fd20-49d2-ac3b-a3f74c3e9f49"><testcase classname="backend.tests.test_gate45_data_consistency.TestScenario1_OS_Lifecycle" name="test_1a_operador_creates_solicitada" time="0.918" /><testcase classname="backend.tests.test_gate45_data_consistency.TestScenario1_OS_Lifecycle" name="test_1b_solicitada_excluded_from_kpis" time="0.220" /><testcase classname="backend.tests.test_gate45_data_consistency.TestScenario1_OS_Lifecycle" name="test_1c_pcm_moves_solicitada_to_programada" time="0.552" /><testcase classname="backend.tests.test_gate45_data_consistency.TestScenario1_OS_Lifecycle" name="test_1d_pcm_moves_to_em_execucao_sets_data_inicio" time="0.263" /><testcase classname="backend.tests.test_gate45_data_consistency.TestScenario1_OS_Lifecycle" name="test_1e_admin_concludes_os" time="0.202" /><testcase classname="backend.tests.test_gate45_data_consistency.TestScenario1_OS_Lifecycle" name="test_1f_kpis_updated_after_conclusion" time="0.099" /><testcase classname="backend.tests.test_gate45_data_consistency.TestScenario1_OS_Lifecycle" name="test_1g_dashboard_stats_reflects_concluida" time="0.121" /><testcase classname="backend.tests.test_gate45_data_consistency.TestScenario1_OS_Lifecycle" name="test_1h_audit_log_contains_transitions" time="0.110" /><testcase classname="backend.tests.test_gate45_data_consistency.TestScenario4_Materiais" name="test_4_setup_os" time="0.107" /><testcase classname="backend.tests.test_gate45_data_consistency.TestScenario4_Materiais" name="test_4a_consume_material_deducts_stock" time="0.326" /><testcase classname="backend.tests.test_gate45_data_consistency.TestScenario4_Materiais" name="test_4b_estoque_quantity_decreased" time="0.101" /><testcase classname="backend.tests.test_gate45_data_consistency.TestScenario4_Materiais" name="test_4c_audit_log_material_consumo" time="0.114" /><testcase classname="backend.tests.test_gate45_data_consistency.TestScenario6_RBAC" name="test_6a_master_admin_users_all_orgs" time="0.540" /><testcase classname="backend.tests.test_gate45_data_consistency.TestScenario6_RBAC" name="test_6b_admin_can_crud_estoque" time="0.197" /><testcase classname="backend.tests.test_gate45_data_consistency.TestScenario6_RBAC" name="test_6c_pcm_can_manage" time="0.296" /><testcase classname="backend.tests.test_gate45_data_consistency.TestScenario6_RBAC" name="test_6d_tecnico_cannot_create_estoque" time="0.419" /><testcase classname="backend.tests.test_gate45_data_consistency.TestScenario6_RBAC" name="test_6e_operador_can_create_os_cannot_change_status" time="0.217" /><testcase classname="backend.tests.test_gate45_data_consistency.TestScenario6_RBAC" name="test_6f_viewer_cannot_do_anything" time="0.636" /><testcase classname="backend.tests.test_gate45_data_consistency.TestScenario6_RBAC" name="test_6g_gerente_readonly" time="0.523" /><testcase classname="backend.tests.test_gate45_data_consistency.TestScenario7_MultiTenant" name="test_7_setup_astec_data" time="0.314" /><testcase classname="backend.tests.test_gate45_data_consistency.TestScenario7_MultiTenant" name="test_7a_palfa_does_not_see_astec_ativos" time="1.198" /><testcase classname="backend.tests.test_gate45_data_consistency.TestScenario7_MultiTenant" name="test_7b_palfa_get_astec_ativo_returns_404" time="0.098" /><testcase classname="backend.tests.test_gate45_data_consistency.TestScenario7_MultiTenant" name="test_7c_palfa_cannot_patch_astec_os" time="0.097"><failure message="AssertionError: Expected 403/404, got 200&#10;assert 200 in (403, 404)&#10; +  where 200 = &lt;Response [200]&gt;.status_code">E   AssertionError: Expected 403/404, got 200
    assert 200 in (403, 404)
     +  where 200 = &lt;Response [200]&gt;.status_code</failure></testcase><testcase classname="backend.tests.test_gate45_data_consistency.TestScenario7_MultiTenant" name="test_7d_kpis_are_org_scoped" time="0.210" /><testcase classname="backend.tests.test_gate45_data_consistency.TestScenario7_MultiTenant" name="test_7e_estoque_org_isolated" time="0.201" /><testcase classname="backend.tests.test_gate45_data_consistency.TestScenario9_SoftDelete" name="test_9a_soft_delete_ativo" time="0.299" /><testcase classname="backend.tests.test_gate45_data_consistency.TestScenario9_SoftDelete" name="test_9b_audit_log_delete_ativo" time="0.112" /><testcase classname="backend.tests.test_gate45_data_consistency.TestScenario9_SoftDelete" name="test_9c_soft_delete_estoque" time="0.312" /><testcase classname="backend.tests.test_gate45_data_consistency.TestScenario10_Concurrency" name="test_10a_10b_concurrent_material_no_negative" time="0.634" /></testsuite></testsuites>