<?xml version="1.0" encoding="utf-8"?><testsuites name="pytest tests"><testsuite name="pytest" errors="0" failures="0" skipped="0" tests="43" time="31.441" timestamp="2026-07-20T11:46:29.538241+00:00" hostname="agent-env-478547b6-fd20-49d2-ac3b-a3f74c3e9f49"><testcase classname="backend.tests.test_iteration110_pilot_qa.TestLogin" name="test_login_admin" time="0.861" /><testcase classname="backend.tests.test_iteration110_pilot_qa.TestLogin" name="test_login_pcm" time="0.742" /><testcase classname="backend.tests.test_iteration110_pilot_qa.TestLogin" name="test_login_supervisor" time="0.756" /><testcase classname="backend.tests.test_iteration110_pilot_qa.TestLogin" name="test_login_tecnico" time="0.755" /><testcase classname="backend.tests.test_iteration110_pilot_qa.TestLogin" name="test_login_operador" time="0.768" /><testcase classname="backend.tests.test_iteration110_pilot_qa.TestLogin" name="test_login_invalid_credentials" time="0.618" /><testcase classname="backend.tests.test_iteration110_pilot_qa.TestLogin" name="test_login_no_token_returns_401" time="0.116" /><testcase classname="backend.tests.test_iteration110_pilot_qa.TestLogin" name="test_login_invalid_token_returns_401" time="0.113" /><testcase classname="backend.tests.test_iteration110_pilot_qa.TestHealth" name="test_health" time="0.262" /><testcase classname="backend.tests.test_iteration110_pilot_qa.TestCentral" name="test_central_admin" time="3.140" /><testcase classname="backend.tests.test_iteration110_pilot_qa.TestDashboard" name="test_dashboard_stats" time="0.814" /><testcase classname="backend.tests.test_iteration110_pilot_qa.TestDashboard" name="test_dashboard_os_por_setor" time="0.657" /><testcase classname="backend.tests.test_iteration110_pilot_qa.TestDashboard" name="test_dashboard_trend" time="0.671" /><testcase classname="backend.tests.test_iteration110_pilot_qa.TestDashboard" name="test_dashboard_executivo" time="1.083" /><testcase classname="backend.tests.test_iteration110_pilot_qa.TestAtivos" name="test_list_ativos" time="0.691" /><testcase classname="backend.tests.test_iteration110_pilot_qa.TestAtivos" name="test_get_ativo_detail" time="1.742" /><testcase classname="backend.tests.test_iteration110_pilot_qa.TestAtivos" name="test_tecnico_cannot_create_ativo" time="1.024" /><testcase classname="backend.tests.test_iteration110_pilot_qa.TestAtivos" name="test_operador_cannot_create_ativo" time="1.005" /><testcase classname="backend.tests.test_iteration110_pilot_qa.TestOSLifecycle" name="test_list_ordens_servico" time="0.679" /><testcase classname="backend.tests.test_iteration110_pilot_qa.TestOSLifecycle" name="test_create_os" time="1.905" /><testcase classname="backend.tests.test_iteration110_pilot_qa.TestOSLifecycle" name="test_pdf_generation" time="1.881" /><testcase classname="backend.tests.test_iteration110_pilot_qa.TestOSLifecycle" name="test_pdf_manual_mode" time="1.460" /><testcase classname="backend.tests.test_iteration110_pilot_qa.TestOSLifecycle" name="test_os_historico" time="0.406" /><testcase classname="backend.tests.test_iteration110_pilot_qa.TestProcedimentos" name="test_list_procedimentos" time="0.392" /><testcase classname="backend.tests.test_iteration110_pilot_qa.TestProcedimentos" name="test_create_procedimento_pcm" time="1.559" /><testcase classname="backend.tests.test_iteration110_pilot_qa.TestProcedimentos" name="test_tecnico_cannot_create_procedimento" time="0.238" /><testcase classname="backend.tests.test_iteration110_pilot_qa.TestProcedimentos" name="test_tecnico_cannot_delete_procedimento" time="0.235" /><testcase classname="backend.tests.test_iteration110_pilot_qa.TestProcedimentos" name="test_validate_empty_name" time="0.238" /><testcase classname="backend.tests.test_iteration110_pilot_qa.TestEstoque" name="test_list_estoque" time="0.385" /><testcase classname="backend.tests.test_iteration110_pilot_qa.TestCompliance" name="test_privacy_returns_content" time="0.106" /><testcase classname="backend.tests.test_iteration110_pilot_qa.TestCompliance" name="test_terms_returns_content" time="0.096" /><testcase classname="backend.tests.test_iteration110_pilot_qa.TestCompliance" name="test_compliance_status" time="0.384" /><testcase classname="backend.tests.test_iteration110_pilot_qa.TestCompliance" name="test_privacy_no_auth_required" time="0.097" /><testcase classname="backend.tests.test_iteration110_pilot_qa.TestUsers" name="test_list_users_admin" time="0.516" /><testcase classname="backend.tests.test_iteration110_pilot_qa.TestUsers" name="test_admin_users_endpoint" time="0.394" /><testcase classname="backend.tests.test_iteration110_pilot_qa.TestOrgConfig" name="test_org_config" time="0.393" /><testcase classname="backend.tests.test_iteration110_pilot_qa.TestAudit" name="test_audit_logs" time="0.405" /><testcase classname="backend.tests.test_iteration110_pilot_qa.TestAudit" name="test_audit_stats" time="0.521" /><testcase classname="backend.tests.test_iteration110_pilot_qa.TestBiblioteca" name="test_list_documentos_corporativos" time="0.526" /><testcase classname="backend.tests.test_iteration110_pilot_qa.TestExports" name="test_export_os" time="0.704" /><testcase classname="backend.tests.test_iteration110_pilot_qa.TestExports" name="test_export_ativos" time="0.674" /><testcase classname="backend.tests.test_iteration110_pilot_qa.TestExports" name="test_export_estoque" time="0.564" /><testcase classname="backend.tests.test_iteration110_pilot_qa.TestMultiTenant" name="test_no_token_blocked" time="0.732" /></testsuite></testsuites>