<?xml version="1.0" encoding="utf-8"?><testsuites name="pytest tests"><testsuite name="pytest" errors="0" failures="0" skipped="0" tests="11" time="14.814" timestamp="2026-07-22T20:52:56.217201+00:00" hostname="agent-env-478547b6-fd20-49d2-ac3b-a3f74c3e9f49"><testcase classname="backend.tests.test_iteration126_react_error_31_hotfix.TestAuthRegression" name="test_admin_login" time="0.837" /><testcase classname="backend.tests.test_iteration126_react_error_31_hotfix.TestAuthRegression" name="test_pcm_login" time="0.780" /><testcase classname="backend.tests.test_iteration126_react_error_31_hotfix.TestAuthRegression" name="test_admin_me" time="0.428" /><testcase classname="backend.tests.test_iteration126_react_error_31_hotfix.TestAuthRegression" name="test_pcm_me" time="0.407" /><testcase classname="backend.tests.test_iteration126_react_error_31_hotfix.TestOSValidationErrors" name="test_missing_ativo_id_returns_422_with_pydantic_array" time="0.262" /><testcase classname="backend.tests.test_iteration126_react_error_31_hotfix.TestOSValidationErrors" name="test_invalid_data_planejada_response_safe" time="2.841" /><testcase classname="backend.tests.test_iteration126_react_error_31_hotfix.TestOSValidationErrors" name="test_create_valid_os" time="3.079" /><testcase classname="backend.tests.test_iteration126_react_error_31_hotfix.TestOSValidationErrors" name="test_procedimento_id_empty_string_accepted_or_422" time="2.065" /><testcase classname="backend.tests.test_iteration126_react_error_31_hotfix.TestCentralAndAuditoria" name="test_central_loads_for_admin" time="2.991" /><testcase classname="backend.tests.test_iteration126_react_error_31_hotfix.TestCentralAndAuditoria" name="test_auditoria_endpoint_admin" time="0.771" /><testcase classname="backend.tests.test_iteration126_react_error_31_hotfix.TestCentralAndAuditoria" name="test_auditoria_denied_for_pcm" time="0.290" /></testsuite></testsuites>