<?xml version="1.0" encoding="utf-8"?><testsuites name="pytest tests"><testsuite name="pytest" errors="0" failures="0" skipped="0" tests="9" time="5.983" timestamp="2026-07-22T16:08:26.805586+00:00" hostname="agent-env-478547b6-fd20-49d2-ac3b-a3f74c3e9f49"><testcase classname="backend.tests.test_iteration121_wallpaper_fase4.TestPublicBranding" name="test_public_branding_returns_wallpaper_fields" time="0.351" /><testcase classname="backend.tests.test_iteration121_wallpaper_fase4.TestPublicBranding" name="test_public_branding_shape_no_500" time="0.203" /><testcase classname="backend.tests.test_iteration121_wallpaper_fase4.TestMasterConfigWallpaperPersistence" name="test_master_login_ok" time="0.595" /><testcase classname="backend.tests.test_iteration121_wallpaper_fase4.TestMasterConfigWallpaperPersistence" name="test_get_current_config" time="0.361" /><testcase classname="backend.tests.test_iteration121_wallpaper_fase4.TestMasterConfigWallpaperPersistence" name="test_put_wallpaper_settings_persist" time="1.149" /><testcase classname="backend.tests.test_iteration121_wallpaper_fase4.TestMasterConfigWallpaperPersistence" name="test_put_reset_to_defaults" time="0.791" /><testcase classname="backend.tests.test_iteration121_wallpaper_fase4.TestRegressions" name="test_public_dossier_still_ok" time="0.225" /><testcase classname="backend.tests.test_iteration121_wallpaper_fase4.TestRegressions" name="test_admin_login_works" time="0.639" /><testcase classname="backend.tests.test_iteration121_wallpaper_fase4.TestRegressions" name="test_public_qr_route_present" time="1.571" /></testsuite></testsuites>