<?xml version="1.0" encoding="utf-8"?><testsuites name="pytest tests"><testsuite name="pytest" errors="0" failures="0" skipped="0" tests="8" time="4.778" timestamp="2026-07-03T17:24:30.159634+00:00" hostname="agent-env-478547b6-fd20-49d2-ac3b-a3f74c3e9f49"><testcase classname="backend.tests.test_sprint58_login_dashboard.TestPublicOrganizations" name="test_list_is_public" time="0.219" /><testcase classname="backend.tests.test_sprint58_login_dashboard.TestPublicOrganizations" name="test_astec_is_findable" time="0.147" /><testcase classname="backend.tests.test_sprint58_login_dashboard.TestAuthLogin" name="test_login_master_success" time="0.363" /><testcase classname="backend.tests.test_sprint58_login_dashboard.TestAuthLogin" name="test_login_pcm_success" time="0.379" /><testcase classname="backend.tests.test_sprint58_login_dashboard.TestAuthLogin" name="test_login_invalid" time="0.158" /><testcase classname="backend.tests.test_sprint58_login_dashboard.TestEstatisticasSprint58" name="test_estatisticas_shape" time="0.472" /><testcase classname="backend.tests.test_sprint58_login_dashboard.TestEstatisticasSprint58" name="test_estatisticas_master_access" time="0.460" /><testcase classname="backend.tests.test_sprint58_login_dashboard.TestForgotPassword" name="test_forgot_password_returns_message" time="2.522" /></testsuite></testsuites>