<?xml version="1.0" encoding="utf-8"?><testsuites name="pytest tests"><testsuite name="pytest" errors="0" failures="1" skipped="0" tests="9" time="23.170" timestamp="2026-07-21T21:04:35.028601+00:00" hostname="agent-env-478547b6-fd20-49d2-ac3b-a3f74c3e9f49"><testcase classname="backend.tests.test_iteration114_public_qr_hotfix.TestPublicEquipmentEndpoint" name="test_public_equipment_returns_200_no_auth[av-01-alimentador-Wb2xZ_y_eeAWO8Q8iLzjQJkH4sa_TuIu]" time="10.096"><failure message="requests.exceptions.ReadTimeout: HTTPSConnectionPool(host='procure-manutrix.preview.emergentagent.com', port=443): Read timed out. (read timeout=10)">/root/.venv/lib/python3.11/site-packages/urllib3/connectionpool.py:534: in _make_request
    response = conn.getresponse()
               ^^^^^^^^^^^^^^^^^^
/root/.venv/lib/python3.11/site-packages/urllib3/connection.py:571: in getresponse
    httplib_response = super().getresponse()
                       ^^^^^^^^^^^^^^^^^^^^^
/usr/local/lib/python3.11/http/client.py:1415: in getresponse
    response.begin()
/usr/local/lib/python3.11/http/client.py:330: in begin
    version, status, reason = self._read_status()
                              ^^^^^^^^^^^^^^^^^^^
/usr/local/lib/python3.11/http/client.py:291: in _read_status
    line = str(self.fp.readline(_MAXLINE + 1), "iso-8859-1")
               ^^^^^^^^^^^^^^^^^^^^^^^^^^^^^^
/usr/local/lib/python3.11/socket.py:718: in readinto
    return self._sock.recv_into(b)
           ^^^^^^^^^^^^^^^^^^^^^^^
/usr/local/lib/python3.11/ssl.py:1314: in recv_into
    return self.read(nbytes, buffer)
           ^^^^^^^^^^^^^^^^^^^^^^^^^
/usr/local/lib/python3.11/ssl.py:1166: in read
    return self._sslobj.read(len, buffer)
           ^^^^^^^^^^^^^^^^^^^^^^^^^^^^^^
E   TimeoutError: The read operation timed out

The above exception was the direct cause of the following exception:
/root/.venv/lib/python3.11/site-packages/requests/adapters.py:644: in send
    resp = conn.urlopen(
/root/.venv/lib/python3.11/site-packages/urllib3/connectionpool.py:841: in urlopen
    retries = retries.increment(
/root/.venv/lib/python3.11/site-packages/urllib3/util/retry.py:490: in increment
    raise reraise(type(error), error, _stacktrace)
          ^^^^^^^^^^^^^^^^^^^^^^^^^^^^^^^^^^^^^^^^
/root/.venv/lib/python3.11/site-packages/urllib3/util/util.py:39: in reraise
    raise value
/root/.venv/lib/python3.11/site-packages/urllib3/connectionpool.py:787: in urlopen
    response = self._make_request(
/root/.venv/lib/python3.11/site-packages/urllib3/connectionpool.py:536: in _make_request
    self._raise_timeout(err=e, url=url, timeout_value=read_timeout)
/root/.venv/lib/python3.11/site-packages/urllib3/connectionpool.py:367: in _raise_timeout
    raise ReadTimeoutError(
E   urllib3.exceptions.ReadTimeoutError: HTTPSConnectionPool(host='procure-manutrix.preview.emergentagent.com', port=443): Read timed out. (read timeout=10)

During handling of the above exception, another exception occurred:
backend/tests/test_iteration114_public_qr_hotfix.py:22: in test_public_equipment_returns_200_no_auth
    r = requests.get(f"{BASE_URL}/api/public/equipment/{slug}/{token}", timeout=10)
        ^^^^^^^^^^^^^^^^^^^^^^^^^^^^^^^^^^^^^^^^^^^^^^^^^^^^^^^^^^^^^^^^^^^^^^^^^^^
/root/.venv/lib/python3.11/site-packages/requests/api.py:73: in get
    return request("get", url, params=params, **kwargs)
           ^^^^^^^^^^^^^^^^^^^^^^^^^^^^^^^^^^^^^^^^^^^^
/root/.venv/lib/python3.11/site-packages/requests/api.py:59: in request
    return session.request(method=method, url=url, **kwargs)
           ^^^^^^^^^^^^^^^^^^^^^^^^^^^^^^^^^^^^^^^^^^^^^^^^^
/root/.venv/lib/python3.11/site-packages/requests/sessions.py:589: in request
    resp = self.send(prep, **send_kwargs)
           ^^^^^^^^^^^^^^^^^^^^^^^^^^^^^^
/root/.venv/lib/python3.11/site-packages/requests/sessions.py:703: in send
    r = adapter.send(request, **kwargs)
        ^^^^^^^^^^^^^^^^^^^^^^^^^^^^^^^
/root/.venv/lib/python3.11/site-packages/requests/adapters.py:690: in send
    raise ReadTimeout(e, request=request)
E   requests.exceptions.ReadTimeout: HTTPSConnectionPool(host='procure-manutrix.preview.emergentagent.com', port=443): Read timed out. (read timeout=10)</failure></testcase><testcase classname="backend.tests.test_iteration114_public_qr_hotfix.TestPublicEquipmentEndpoint" name="test_public_equipment_returns_200_no_auth[bb-03-bomba-aspersao-patio-P4wbjMQ3JxqWXFxOWsnYIYBtkOi1ewNf]" time="9.470" /><testcase classname="backend.tests.test_iteration114_public_qr_hotfix.TestPublicEquipmentEndpoint" name="test_public_equipment_response_time_under_3s[av-01-alimentador-Wb2xZ_y_eeAWO8Q8iLzjQJkH4sa_TuIu]" time="0.565" /><testcase classname="backend.tests.test_iteration114_public_qr_hotfix.TestPublicEquipmentEndpoint" name="test_public_equipment_response_time_under_3s[bb-03-bomba-aspersao-patio-P4wbjMQ3JxqWXFxOWsnYIYBtkOi1ewNf]" time="0.614" /><testcase classname="backend.tests.test_iteration114_public_qr_hotfix.TestPublicEquipmentEndpoint" name="test_public_equipment_invalid_token_returns_error_payload" time="0.258" /><testcase classname="backend.tests.test_iteration114_public_qr_hotfix.TestPublicEquipmentEndpoint" name="test_public_equipment_invalid_slug_returns_error_payload" time="0.261" /><testcase classname="backend.tests.test_iteration114_public_qr_hotfix.TestAuthNoRegression" name="test_admin_login" time="0.779" /><testcase classname="backend.tests.test_iteration114_public_qr_hotfix.TestAuthNoRegression" name="test_pcm_login" time="0.778" /><testcase classname="backend.tests.test_iteration114_public_qr_hotfix.TestAuthNoRegression" name="test_protected_route_still_requires_auth" time="0.122" /></testsuite></testsuites>