<?xml version="1.0" encoding="utf-8"?><testsuites name="pytest tests"><testsuite name="pytest" errors="0" failures="0" skipped="0" tests="12" time="1.119" timestamp="2026-07-03T11:46:41.258894+00:00" hostname="agent-env-478547b6-fd20-49d2-ac3b-a3f74c3e9f49"><testcase classname="backend.tests.test_iteration66_portal_qr.TestPublicAtivoEndpoint" name="test_endpoint_reachable" time="0.172" /><testcase classname="backend.tests.test_iteration66_portal_qr.TestPublicAtivoEndpoint" name="test_returns_ativo_core_fields" time="0.049" /><testcase classname="backend.tests.test_iteration66_portal_qr.TestPublicAtivoEndpoint" name="test_returns_area" time="0.051" /><testcase classname="backend.tests.test_iteration66_portal_qr.TestPublicAtivoEndpoint" name="test_returns_kpis_block" time="0.046" /><testcase classname="backend.tests.test_iteration66_portal_qr.TestPublicAtivoEndpoint" name="test_returns_ultimas_lists" time="0.047" /><testcase classname="backend.tests.test_iteration66_portal_qr.TestPublicAtivoEndpoint" name="test_returns_branding_block" time="0.068" /><testcase classname="backend.tests.test_iteration66_portal_qr.TestPublicAtivoEndpoint" name="test_no_mongo_id_leak" time="0.053" /><testcase classname="backend.tests.test_iteration66_portal_qr.TestPublicAtivoEndpoint" name="test_public_no_auth_required" time="0.113" /><testcase classname="backend.tests.test_iteration66_portal_qr.TestPublicAtivoEndpoint" name="test_invalid_id_returns_404" time="0.044" /><testcase classname="backend.tests.test_iteration66_portal_qr.TestPublicAtivoEndpoint" name="test_ultimas_os_limit_5" time="0.047" /><testcase classname="backend.tests.test_iteration66_portal_qr.TestMasterLogin" name="test_master_login_works" time="0.269" /><testcase classname="backend.tests.test_iteration66_portal_qr.TestMasterLogin" name="test_ativo_detail_requires_auth" time="0.094" /></testsuite></testsuites>