<?xml version="1.0" encoding="utf-8"?><testsuites name="pytest tests"><testsuite name="pytest" errors="0" failures="0" skipped="0" tests="18" time="5.823" timestamp="2026-07-07T17:39:52.285599+00:00" hostname="agent-env-478547b6-fd20-49d2-ac3b-a3f74c3e9f49"><testcase classname="backend.tests.test_iteration86_rc10_palfa.TestLoginPalfa" name="test_pcm_login" time="0.454" /><testcase classname="backend.tests.test_iteration86_rc10_palfa.TestLoginPalfa" name="test_operador_login" time="0.351" /><testcase classname="backend.tests.test_iteration86_rc10_palfa.TestLoginPalfa" name="test_gerente_login" time="0.377" /><testcase classname="backend.tests.test_iteration86_rc10_palfa.TestLoginPalfa" name="test_viewer_login" time="0.341" /><testcase classname="backend.tests.test_iteration86_rc10_palfa.TestIsolationPalfa" name="test_ativos_palfa_only" time="0.455" /><testcase classname="backend.tests.test_iteration86_rc10_palfa.TestIsolationPalfa" name="test_ordens_servico_palfa" time="0.133" /><testcase classname="backend.tests.test_iteration86_rc10_palfa.TestEstoqueFix" name="test_create_estoque_with_string_unidade" time="0.189" /><testcase classname="backend.tests.test_iteration86_rc10_palfa.TestEstoqueFix" name="test_list_estoque_contains_created" time="0.112" /><testcase classname="backend.tests.test_iteration86_rc10_palfa.TestDossiePalfa" name="test_pesquisa_bm001" time="0.240" /><testcase classname="backend.tests.test_iteration86_rc10_palfa.TestDossiePalfa" name="test_dossie_os_enrichment" time="0.256" /><testcase classname="backend.tests.test_iteration86_rc10_palfa.TestPublicPortal" name="test_public_bm001" time="0.272" /><testcase classname="backend.tests.test_iteration86_rc10_palfa.TestMasterCrossOrg" name="test_master_sees_all_orgs_users" time="0.467" /><testcase classname="backend.tests.test_iteration86_rc10_palfa.TestRbacPalfa" name="test_viewer_cannot_post_os" time="0.557" /><testcase classname="backend.tests.test_iteration86_rc10_palfa.TestRbacPalfa" name="test_operador_can_post_os" time="0.560" /><testcase classname="backend.tests.test_iteration86_rc10_palfa.TestRbacPalfa" name="test_gerente_can_access_dashboard" time="0.472" /><testcase classname="backend.tests.test_iteration86_rc10_palfa.TestRbacPalfa" name="test_gerente_cannot_create_os" time="0.228" /><testcase classname="backend.tests.test_iteration86_rc10_palfa.TestRegressionAstec" name="test_master_astec_ativos" time="0.136" /><testcase classname="backend.tests.test_iteration86_rc10_palfa.TestRegressionAstec" name="test_dashboard_stats" time="0.129" /></testsuite></testsuites>