<?xml version="1.0" encoding="utf-8"?><testsuites name="pytest tests"><testsuite name="pytest" errors="0" failures="1" skipped="1" tests="30" time="9.407" timestamp="2026-07-03T14:38:14.039811+00:00" hostname="agent-env-478547b6-fd20-49d2-ac3b-a3f74c3e9f49"><testcase classname="tests.test_iteration67_homologacao.TestAuthAllRoles" name="test_login_ok[master]" time="0.425" /><testcase classname="tests.test_iteration67_homologacao.TestAuthAllRoles" name="test_login_ok[admin]" time="0.336" /><testcase classname="tests.test_iteration67_homologacao.TestAuthAllRoles" name="test_login_ok[pcm]" time="0.324" /><testcase classname="tests.test_iteration67_homologacao.TestAuthAllRoles" name="test_login_ok[sup_mec]" time="0.327" /><testcase classname="tests.test_iteration67_homologacao.TestAuthAllRoles" name="test_login_ok[sup_ele]" time="0.330" /><testcase classname="tests.test_iteration67_homologacao.TestAuthAllRoles" name="test_login_ok[mec]" time="0.327" /><testcase classname="tests.test_iteration67_homologacao.TestAuthAllRoles" name="test_login_ok[ele]" time="0.321" /><testcase classname="tests.test_iteration67_homologacao.TestAuthAllRoles" name="test_login_ok[operador]" time="0.326" /><testcase classname="tests.test_iteration67_homologacao.TestAuthAllRoles" name="test_operador_user_has_producao_disciplina" time="2.844" /><testcase classname="tests.test_iteration67_homologacao.TestAuthAllRoles" name="test_mec_user_has_mecanica" time="0.000" /><testcase classname="tests.test_iteration67_homologacao.TestAuthAllRoles" name="test_ele_user_has_eletrica_and_instrumentacao" time="0.000" /><testcase classname="tests.test_iteration67_homologacao.TestOSVisibility" name="test_master_sees_os" time="0.123" /><testcase classname="tests.test_iteration67_homologacao.TestOSVisibility" name="test_operador_never_sees_mecanica_eletrica" time="0.123" /><testcase classname="tests.test_iteration67_homologacao.TestOSVisibility" name="test_mecanico_sees_only_mecanica" time="0.112" /><testcase classname="tests.test_iteration67_homologacao.TestOSVisibility" name="test_eletricista_sees_only_eletrica_or_instrumentacao" time="0.102" /><testcase classname="tests.test_iteration67_homologacao.TestInspecoesVisibility" name="test_operador_no_mecanica_eletrica_inspections" time="0.117" /><testcase classname="tests.test_iteration67_homologacao.TestInspecoesVisibility" name="test_mecanico_only_mecanica_inspections" time="0.132" /><testcase classname="tests.test_iteration67_homologacao.TestProntuario" name="test_master_gets_ativo_detail" time="0.117" /><testcase classname="tests.test_iteration67_homologacao.TestProntuario" name="test_prontuario_related_endpoints" time="0.209" /><testcase classname="tests.test_iteration67_homologacao.TestProntuario" name="test_bom_endpoint" time="0.101" /><testcase classname="tests.test_iteration67_homologacao.TestProntuario" name="test_pcm_can_create_ativo" time="0.205"><failure message="AssertionError: PCM create ativo failed: 403 {&quot;detail&quot;:&quot;Apenas administradores podem realizar esta operação&quot;}&#10;assert 403 in (200, 201)&#10; +  where 403 = &lt;Response [403]&gt;.status_code">tests/test_iteration67_homologacao.py:225: in test_pcm_can_create_ativo
    assert r.status_code in (200, 201), f"PCM create ativo failed: {r.status_code} {r.text[:200]}"
E   AssertionError: PCM create ativo failed: 403 {"detail":"Apenas administradores podem realizar esta operação"}
E   assert 403 in (200, 201)
E    +  where 403 = &lt;Response [403]&gt;.status_code</failure></testcase><testcase classname="tests.test_iteration67_homologacao.TestPublicPortal" name="test_public_ativo_no_auth" time="0.107" /><testcase classname="tests.test_iteration67_homologacao.TestPublicPortal" name="test_public_ativo_404" time="0.106" /><testcase classname="tests.test_iteration67_homologacao.TestWhiteLabel" name="test_master_list_orgs" time="0.100" /><testcase classname="tests.test_iteration67_homologacao.TestWhiteLabel" name="test_get_white_label_config" time="0.420"><skipped type="pytest.skip" message="No white-label GET endpoint responded 200 (verified via UI instead)">/app/backend/tests/test_iteration67_homologacao.py:282: No white-label GET endpoint responded 200 (verified via UI instead)</skipped></testcase><testcase classname="tests.test_iteration67_homologacao.TestCentral" name="test_central_endpoint[sup_mec]" time="0.352" /><testcase classname="tests.test_iteration67_homologacao.TestCentral" name="test_central_endpoint[mec]" time="0.318" /><testcase classname="tests.test_iteration67_homologacao.TestCentral" name="test_central_endpoint[ele]" time="0.315" /><testcase classname="tests.test_iteration67_homologacao.TestCentral" name="test_central_endpoint[operador]" time="0.311" /><testcase classname="tests.test_iteration67_homologacao.TestCentral" name="test_central_endpoint[pcm]" time="0.375" /></testsuite></testsuites>