<?xml version="1.0" encoding="utf-8"?><testsuites name="pytest tests"><testsuite name="pytest" errors="0" failures="1" skipped="0" tests="22" time="4.398" timestamp="2026-06-29T10:48:26.533280+00:00" hostname="agent-env-478547b6-fd20-49d2-ac3b-a3f74c3e9f49"><testcase classname="backend.tests.test_iteration48_biblioteca.TestCategorias" name="test_create_categoria_auto_code" time="0.897" /><testcase classname="backend.tests.test_iteration48_biblioteca.TestCategorias" name="test_list_categorias_pagination_search" time="0.235" /><testcase classname="backend.tests.test_iteration48_biblioteca.TestCategorias" name="test_update_categoria" time="0.098" /><testcase classname="backend.tests.test_iteration48_biblioteca.TestFabricantes" name="test_create_fabricante_links_categoria" time="0.144" /><testcase classname="backend.tests.test_iteration48_biblioteca.TestFabricantes" name="test_list_fabricantes_filter_by_categoria" time="0.100" /><testcase classname="backend.tests.test_iteration48_biblioteca.TestModelosMestre" name="test_create_modelo_mestre_with_planos" time="0.137" /><testcase classname="backend.tests.test_iteration48_biblioteca.TestModelosMestre" name="test_get_modelo_mestre_by_id" time="0.106" /><testcase classname="backend.tests.test_iteration48_biblioteca.TestModelosMestre" name="test_list_modelos_mestre_enriched" time="0.138" /><testcase classname="backend.tests.test_iteration48_biblioteca.TestDeepCopy" name="test_aplicar_modelo_deep_copy" time="0.219" /><testcase classname="backend.tests.test_iteration48_biblioteca.TestDeepCopy" name="test_planos_have_traceability" time="0.094" /><testcase classname="backend.tests.test_iteration48_biblioteca.TestDeepCopy" name="test_ativo_updated_with_classification" time="0.109" /><testcase classname="backend.tests.test_iteration48_biblioteca.TestRBAC" name="test_tecnico_cannot_create_categoria" time="0.590" /><testcase classname="backend.tests.test_iteration48_biblioteca.TestRBAC" name="test_tecnico_cannot_create_fabricante" time="0.100" /><testcase classname="backend.tests.test_iteration48_biblioteca.TestRBAC" name="test_tecnico_cannot_create_modelo_mestre" time="0.097" /><testcase classname="backend.tests.test_iteration48_biblioteca.TestRBAC" name="test_tecnico_can_read_categorias" time="0.100" /><testcase classname="backend.tests.test_iteration48_biblioteca.TestSoftDeleteAndCleanup" name="test_soft_delete_modelo" time="0.208" /><testcase classname="backend.tests.test_iteration48_biblioteca.TestSoftDeleteAndCleanup" name="test_soft_delete_fabricante" time="0.100" /><testcase classname="backend.tests.test_iteration48_biblioteca.TestSoftDeleteAndCleanup" name="test_soft_delete_categoria" time="0.109" /><testcase classname="backend.tests.test_iteration48_biblioteca.TestRegression" name="test_login_admin" time="0.286" /><testcase classname="backend.tests.test_iteration48_biblioteca.TestRegression" name="test_dashboard" time="0.206"><failure message="assert 404 == 200&#10; +  where 404 = &lt;Response [404]&gt;.status_code">backend/tests/test_iteration48_biblioteca.py:327: in test_dashboard
    assert r.status_code == 200
E   assert 404 == 200
E    +  where 404 = &lt;Response [404]&gt;.status_code</failure></testcase><testcase classname="backend.tests.test_iteration48_biblioteca.TestRegression" name="test_os_list" time="0.095" /><testcase classname="backend.tests.test_iteration48_biblioteca.TestRegression" name="test_ativos_list" time="0.116" /></testsuite></testsuites>