<?xml version="1.0" encoding="utf-8"?><testsuites name="pytest tests"><testsuite name="pytest" errors="0" failures="0" skipped="0" tests="24" time="9.662" timestamp="2026-07-02T14:00:42.854249+00:00" hostname="agent-env-478547b6-fd20-49d2-ac3b-a3f74c3e9f49"><testcase classname="backend.tests.test_iteration57_prod_audit.TestAuth" name="test_login_master" time="0.512" /><testcase classname="backend.tests.test_iteration57_prod_audit.TestAuth" name="test_login_wrong_password" time="0.594" /><testcase classname="backend.tests.test_iteration57_prod_audit.TestAuth" name="test_me_returns_profile" time="3.317" /><testcase classname="backend.tests.test_iteration57_prod_audit.TestAuth" name="test_me_tecnico_has_disciplina" time="0.108" /><testcase classname="backend.tests.test_iteration57_prod_audit.TestRBAC" name="test_tecnico_mec_sees_only_mecanica" time="0.116" /><testcase classname="backend.tests.test_iteration57_prod_audit.TestRBAC" name="test_operador_never_sees_mecanica_eletrica" time="0.111" /><testcase classname="backend.tests.test_iteration57_prod_audit.TestRBAC" name="test_operador_cannot_seed" time="0.101" /><testcase classname="backend.tests.test_iteration57_prod_audit.TestAtivoCRUD" name="test_list_ativos" time="0.114" /><testcase classname="backend.tests.test_iteration57_prod_audit.TestAtivoCRUD" name="test_create_ativo" time="0.626" /><testcase classname="backend.tests.test_iteration57_prod_audit.TestPlanoFlow" name="test_list_planos_enriched" time="0.202" /><testcase classname="backend.tests.test_iteration57_prod_audit.TestPlanoFlow" name="test_duplicate_plano_returns_409" time="0.339" /><testcase classname="backend.tests.test_iteration57_prod_audit.TestPlanoFlow" name="test_create_and_approve_plano" time="0.452" /><testcase classname="backend.tests.test_iteration57_prod_audit.TestPlanoFlow" name="test_execucao_requires_plano_id" time="0.142" /><testcase classname="backend.tests.test_iteration57_prod_audit.TestPlanoFlow" name="test_execucao_with_approved_plano" time="0.143" /><testcase classname="backend.tests.test_iteration57_prod_audit.TestPlanoFlow" name="test_execucao_with_non_approved_plano_returns_400" time="0.587" /><testcase classname="backend.tests.test_iteration57_prod_audit.TestPlanoFlow" name="test_cleanup_created" time="0.292" /><testcase classname="backend.tests.test_iteration57_prod_audit.TestOS" name="test_create_and_close_os" time="0.586" /><testcase classname="backend.tests.test_iteration57_prod_audit.TestCentralProntuarioDashboard" name="test_central_role_adaptive" time="0.181" /><testcase classname="backend.tests.test_iteration57_prod_audit.TestCentralProntuarioDashboard" name="test_prontuario_ativo" time="0.289" /><testcase classname="backend.tests.test_iteration57_prod_audit.TestCentralProntuarioDashboard" name="test_prontuario_ativo_saude" time="0.295" /><testcase classname="backend.tests.test_iteration57_prod_audit.TestCentralProntuarioDashboard" name="test_dashboard_stats" time="0.146" /><testcase classname="backend.tests.test_iteration57_prod_audit.TestBranding" name="test_index_html_clean" time="0.000" /><testcase classname="backend.tests.test_iteration57_prod_audit.TestBranding" name="test_server_error_messages_clean" time="0.001" /><testcase classname="backend.tests.test_iteration57_prod_audit.TestRailway" name="test_railway_login_returns_401" time="0.322" /></testsuite></testsuites>