<?xml version="1.0" encoding="utf-8"?><testsuites name="pytest tests"><testsuite name="pytest" errors="0" failures="0" skipped="0" tests="13" time="3.699" timestamp="2026-07-03T19:46:07.371663+00:00" hostname="agent-env-478547b6-fd20-49d2-ac3b-a3f74c3e9f49"><testcase classname="tests.test_sprint59_rbac.TestAuthPermissionsMatrix" name="test_tec_mecanico_permissions" time="1.825" /><testcase classname="tests.test_sprint59_rbac.TestAuthPermissionsMatrix" name="test_operador_permissions" time="0.110" /><testcase classname="tests.test_sprint59_rbac.TestAuthPermissionsMatrix" name="test_pcm_permissions" time="0.106" /><testcase classname="tests.test_sprint59_rbac.TestAuthPermissionsMatrix" name="test_gerente_permissions" time="0.141" /><testcase classname="tests.test_sprint59_rbac.TestAuthPermissionsMatrix" name="test_matrix_contains_46_permissions" time="0.098" /><testcase classname="tests.test_sprint59_rbac.TestEstoquePermissionEnforcement" name="test_operador_cannot_create_estoque" time="0.101" /><testcase classname="tests.test_sprint59_rbac.TestEstoquePermissionEnforcement" name="test_pcm_can_create_estoque" time="0.275" /><testcase classname="tests.test_sprint59_rbac.TestExportPermissionEnforcement" name="test_operador_cannot_export" time="0.101" /><testcase classname="tests.test_sprint59_rbac.TestExportPermissionEnforcement" name="test_tec_mecanico_cannot_export" time="0.111" /><testcase classname="tests.test_sprint59_rbac.TestExportPermissionEnforcement" name="test_pcm_can_export" time="0.337" /><testcase classname="tests.test_sprint59_rbac.TestExportPermissionEnforcement" name="test_gerente_can_export" time="0.110" /><testcase classname="tests.test_sprint59_rbac.TestTecMecanicoVisibility" name="test_login_and_list_os" time="0.203" /><testcase classname="tests.test_sprint59_rbac.TestTecMecanicoVisibility" name="test_list_inspecoes" time="0.103" /></testsuite></testsuites>