<?xml version="1.0" encoding="utf-8"?><testsuites name="pytest tests"><testsuite name="pytest" errors="0" failures="0" skipped="0" tests="11" time="4.666" timestamp="2026-07-07T15:33:42.412224+00:00" hostname="agent-env-478547b6-fd20-49d2-ac3b-a3f74c3e9f49"><testcase classname="backend.tests.test_rc09_congelamento.TestLoginOrgRequired" name="test_login_without_org_id_returns_422" time="0.161" /><testcase classname="backend.tests.test_rc09_congelamento.TestLoginOrgRequired" name="test_login_with_correct_org_returns_200_and_token" time="0.449" /><testcase classname="backend.tests.test_rc09_congelamento.TestLoginOrgRequired" name="test_login_with_wrong_org_returns_401" time="0.106" /><testcase classname="backend.tests.test_rc09_congelamento.TestLoginOrgRequired" name="test_login_with_wrong_password_returns_401" time="0.331" /><testcase classname="backend.tests.test_rc09_congelamento.TestForgotPasswordOrgRequired" name="test_forgot_without_org_returns_422" time="0.101" /><testcase classname="backend.tests.test_rc09_congelamento.TestForgotPasswordOrgRequired" name="test_forgot_with_org_returns_success" time="0.108" /><testcase classname="backend.tests.test_rc09_congelamento.TestRegisterDisabled" name="test_register_returns_403" time="0.118" /><testcase classname="backend.tests.test_rc09_congelamento.TestAdminCreateUserInheritsOrg" name="test_admin_creates_user_without_org_inherits_admin_org" time="1.633" /><testcase classname="backend.tests.test_rc09_congelamento.TestRbacOrdensServico" name="test_tec_can_create_ordem_servico" time="0.658" /><testcase classname="backend.tests.test_rc09_congelamento.TestRbacOrdensServico" name="test_gerente_cannot_create_ordem_servico" time="0.610" /><testcase classname="backend.tests.test_rc09_congelamento.TestExportsRegression" name="test_master_export_ativos_excel_200" time="0.304" /></testsuite></testsuites>