<?xml version="1.0" encoding="utf-8"?><testsuites name="pytest tests"><testsuite name="pytest" errors="0" failures="0" skipped="0" tests="17" time="3.583" timestamp="2026-07-02T14:36:26.602056+00:00" hostname="agent-env-478547b6-fd20-49d2-ac3b-a3f74c3e9f49"><testcase classname="backend.tests.test_iteration58_auth_bootstrap.TestAuthLogin" name="test_login_master_returns_access_token" time="0.489" /><testcase classname="backend.tests.test_iteration58_auth_bootstrap.TestAuthLogin" name="test_login_wrong_password_returns_401" time="0.448" /><testcase classname="backend.tests.test_iteration58_auth_bootstrap.TestAuthLogin" name="test_login_nonexistent_email_returns_401" time="0.121" /><testcase classname="backend.tests.test_iteration58_auth_bootstrap.TestAuthMe" name="test_me_returns_profile" time="0.290" /><testcase classname="backend.tests.test_iteration58_auth_bootstrap.TestAuthMe" name="test_me_with_invalid_token_returns_401" time="0.049" /><testcase classname="backend.tests.test_iteration58_auth_bootstrap.TestAuthMe" name="test_me_with_expired_token_returns_401" time="0.045" /><testcase classname="backend.tests.test_iteration58_auth_bootstrap.TestJWTClaims" name="test_jwt_contains_expected_claims" time="0.000" /><testcase classname="backend.tests.test_iteration58_auth_bootstrap.TestBcryptHashing" name="test_hash_password_bcrypt_format" time="1.410" /><testcase classname="backend.tests.test_iteration58_auth_bootstrap.TestBcryptHashing" name="test_verify_password_supports_legacy_sha256" time="0.000" /><testcase classname="backend.tests.test_iteration58_auth_bootstrap.TestMasterUserDBHashFormat" name="test_master_password_hash_starts_with_2b" time="0.004" /><testcase classname="backend.tests.test_iteration58_auth_bootstrap.TestBootstrapCode" name="test_bootstrap_block_present" time="0.001" /><testcase classname="backend.tests.test_iteration58_auth_bootstrap.TestBootstrapCode" name="test_bootstrap_guarded_by_admin_count_check" time="0.001" /><testcase classname="backend.tests.test_iteration58_auth_bootstrap.TestBootstrapCode" name="test_bootstrap_creates_org_config_and_force_password_change" time="0.000" /><testcase classname="backend.tests.test_iteration58_auth_bootstrap.TestBootstrapCode" name="test_bootstrap_uses_master_role_and_bcrypt" time="0.000" /><testcase classname="backend.tests.test_iteration58_auth_bootstrap.TestBootstrapCode" name="test_bootstrap_idempotent_on_emergent_env" time="0.003" /><testcase classname="backend.tests.test_iteration58_auth_bootstrap.TestRailwaySmoke" name="test_railway_login_endpoint_reachable" time="0.336" /><testcase classname="backend.tests.test_iteration58_auth_bootstrap.TestRailwaySmoke" name="test_railway_login_with_bootstrap_email" time="0.308" /></testsuite></testsuites>