<?xml version="1.0" encoding="utf-8"?><testsuites name="pytest tests"><testsuite name="pytest" errors="0" failures="0" skipped="0" tests="9" time="3.005" timestamp="2026-07-01T18:09:21.176281+00:00" hostname="agent-env-478547b6-fd20-49d2-ac3b-a3f74c3e9f49"><testcase classname="backend.tests.test_iteration53_planos_usability.TestListPlanosEnrichment" name="test_list_planos_returns_hierarchy_fields" time="0.479" /><testcase classname="backend.tests.test_iteration53_planos_usability.TestDuplicateValidation" name="test_create_baseline_plan" time="0.516" /><testcase classname="backend.tests.test_iteration53_planos_usability.TestDuplicateValidation" name="test_duplicate_returns_409" time="0.114" /><testcase classname="backend.tests.test_iteration53_planos_usability.TestDuplicateValidation" name="test_force_override_bypasses_check" time="0.123" /><testcase classname="backend.tests.test_iteration53_planos_usability.TestDuplicateValidation" name="test_generic_plan_no_ativo_no_dup_check" time="0.969" /><testcase classname="backend.tests.test_iteration53_planos_usability.TestPlanosPorAtivo" name="test_por_ativo_returns_only_approved" time="0.109" /><testcase classname="backend.tests.test_iteration53_planos_usability.TestPlanosPorAtivo" name="test_por_ativo_invalid_id_returns_empty" time="0.109" /><testcase classname="backend.tests.test_iteration53_planos_usability.TestCentralOperadorSemDataFix" name="test_operador_sem_data_no_restricted_disciplines" time="0.406" /><testcase classname="backend.tests.test_iteration53_planos_usability.TestCentralOperadorSemDataFix" name="test_operador_all_sections_no_restricted" time="0.111" /></testsuite></testsuites>