<?xml version="1.0" encoding="utf-8"?><testsuites name="pytest tests"><testsuite name="pytest" errors="0" failures="1" skipped="0" tests="16" time="3.854" timestamp="2026-07-03T16:53:54.777115+00:00" hostname="agent-env-478547b6-fd20-49d2-ac3b-a3f74c3e9f49"><testcase classname="backend.tests.test_sprint57_plan_import.TestParseText" name="test_parse_numbered_list" time="0.561" /><testcase classname="backend.tests.test_sprint57_plan_import.TestParseText" name="test_parse_bullets" time="0.143" /><testcase classname="backend.tests.test_sprint57_plan_import.TestParseText" name="test_parse_with_frequency" time="0.144" /><testcase classname="backend.tests.test_sprint57_plan_import.TestParseText" name="test_parse_checkboxes" time="0.101" /><testcase classname="backend.tests.test_sprint57_plan_import.TestParseText" name="test_parse_empty_text_400" time="0.163" /><testcase classname="backend.tests.test_sprint57_plan_import.TestParseText" name="test_parse_no_auth_401" time="0.153" /><testcase classname="backend.tests.test_sprint57_plan_import.TestParseText" name="test_parse_operador_forbidden" time="0.471" /><testcase classname="backend.tests.test_sprint57_plan_import.TestParseText" name="test_parse_field_type_detection" time="0.108" /><testcase classname="backend.tests.test_sprint57_plan_import.TestParseFile" name="test_parse_txt_file" time="0.111" /><testcase classname="backend.tests.test_sprint57_plan_import.TestParseFile" name="test_parse_txt_bullets" time="0.107" /><testcase classname="backend.tests.test_sprint57_plan_import.TestParseFile" name="test_parse_unknown_extension_falls_back_to_txt" time="0.107" /><testcase classname="backend.tests.test_sprint57_plan_import.TestParseFile" name="test_parse_file_no_auth_401" time="0.100" /><testcase classname="backend.tests.test_sprint57_plan_import.TestParseFile" name="test_parse_docx_file" time="0.194" /><testcase classname="backend.tests.test_sprint57_plan_import.TestParseFile" name="test_parse_xlsx_file" time="0.577" /><testcase classname="backend.tests.test_sprint57_plan_import.TestSaveAsPlanAndTemplate" name="test_save_parsed_as_template" time="0.253"><failure message="AssertionError: Template create failed: 422 {&quot;detail&quot;:[{&quot;type&quot;:&quot;missing&quot;,&quot;loc&quot;:[&quot;body&quot;,&quot;itens&quot;,0,&quot;descricao&quot;],&quot;msg&quot;:&quot;Field required&quot;,&quot;input&quot;:{&quot;texto&quot;:&quot;TEST_SP57 Verificar limpeza&quot;,&quot;tipo_campo&quot;:&quot;conforme_nao_conforme&quot;,&quot;obrigatorio&quot;:true,&quot;ordem&quot;:&#10;assert 422 in (200, 201)&#10; +  where 422 = &lt;Response [422]&gt;.status_code">backend/tests/test_sprint57_plan_import.py:244: in test_save_parsed_as_template
    assert r2.status_code in (200, 201), f"Template create failed: {r2.status_code} {r2.text[:200]}"
E   AssertionError: Template create failed: 422 {"detail":[{"type":"missing","loc":["body","itens",0,"descricao"],"msg":"Field required","input":{"texto":"TEST_SP57 Verificar limpeza","tipo_campo":"conforme_nao_conforme","obrigatorio":true,"ordem":
E   assert 422 in (200, 201)
E    +  where 422 = &lt;Response [422]&gt;.status_code</failure></testcase><testcase classname="backend.tests.test_sprint57_plan_import.TestSaveAsPlanAndTemplate" name="test_save_parsed_as_plan" time="0.452" /></testsuite></testsuites>