<?xml version="1.0" encoding="utf-8"?><testsuites name="pytest tests"><testsuite name="pytest" errors="0" failures="0" skipped="0" tests="7" time="34.578" timestamp="2026-07-22T18:11:46.466770+00:00" hostname="agent-env-478547b6-fd20-49d2-ac3b-a3f74c3e9f49"><testcase classname="backend.tests.test_iteration123_rc_correcoes.TestAuditoria" name="test_admin_can_read_audit_logs" time="21.089" /><testcase classname="backend.tests.test_iteration123_rc_correcoes.TestAuditoria" name="test_pcm_can_read_audit_via_api" time="1.167" /><testcase classname="backend.tests.test_iteration123_rc_correcoes.TestNovaOS" name="test_create_corretiva_sem_causa_falha" time="2.726" /><testcase classname="backend.tests.test_iteration123_rc_correcoes.TestNovaOS" name="test_create_preventiva_sem_procedimento" time="2.140" /><testcase classname="backend.tests.test_iteration123_rc_correcoes.TestNovaOS" name="test_title_independent_from_procedure" time="2.661" /><testcase classname="backend.tests.test_iteration123_rc_correcoes.TestPDF" name="test_gerar_pdf_existing_os" time="3.427" /><testcase classname="backend.tests.test_iteration123_rc_correcoes.TestAtivoQR" name="test_get_ativo_qr" time="1.306" /></testsuite></testsuites>