<?xml version="1.0" encoding="utf-8"?><testsuites name="pytest tests"><testsuite name="pytest" errors="0" failures="0" skipped="0" tests="18" time="43.249" timestamp="2026-07-22T11:33:49.745863+00:00" hostname="agent-env-478547b6-fd20-49d2-ac3b-a3f74c3e9f49"><testcase classname="backend.tests.test_iteration115_qr_absolute_url.TestPublicEndpoint" name="test_public_equipment_no_auth[av-01-alimentador-Wb2xZ_y_eeAWO8Q8iLzjQJkH4sa_TuIu]" time="29.046" /><testcase classname="backend.tests.test_iteration115_qr_absolute_url.TestPublicEndpoint" name="test_public_equipment_no_auth[bb-03-bomba-aspersao-patio-P4wbjMQ3JxqWXFxOWsnYIYBtkOi1ewNf]" time="0.567" /><testcase classname="backend.tests.test_iteration115_qr_absolute_url.TestPublicEndpoint" name="test_invalid_token_generic" time="0.241" /><testcase classname="backend.tests.test_iteration115_qr_absolute_url.TestBackfill" name="test_all_ativos_have_absolute_url" time="1.481" /><testcase classname="backend.tests.test_iteration115_qr_absolute_url.TestBackfill" name="test_backfill_significant_count" time="0.540" /><testcase classname="backend.tests.test_iteration115_qr_absolute_url.TestQrPng" name="test_png_returns_image" time="0.965" /><testcase classname="backend.tests.test_iteration115_qr_absolute_url.TestQrPng" name="test_png_qr_decodes_to_absolute_url" time="0.443" /><testcase classname="backend.tests.test_iteration115_qr_absolute_url.TestQrSvg" name="test_svg_returns_svg" time="0.458" /><testcase classname="backend.tests.test_iteration115_qr_absolute_url.TestQrPdfIndividual" name="test_pdf_returns_pdf[simples]" time="1.017" /><testcase classname="backend.tests.test_iteration115_qr_absolute_url.TestQrPdfIndividual" name="test_pdf_returns_pdf[etiqueta]" time="0.766" /><testcase classname="backend.tests.test_iteration115_qr_absolute_url.TestQrPdfIndividual" name="test_pdf_returns_pdf[placa]" time="0.751" /><testcase classname="backend.tests.test_iteration115_qr_absolute_url.TestQrPdfIndividual" name="test_pdf_qr_decodes_to_absolute_url[simples]" time="1.088" /><testcase classname="backend.tests.test_iteration115_qr_absolute_url.TestQrPdfIndividual" name="test_pdf_qr_decodes_to_absolute_url[etiqueta]" time="1.342" /><testcase classname="backend.tests.test_iteration115_qr_absolute_url.TestQrPdfIndividual" name="test_pdf_qr_decodes_to_absolute_url[placa]" time="1.391" /><testcase classname="backend.tests.test_iteration115_qr_absolute_url.TestQrBatchPdf" name="test_batch_pdf_6_ativos" time="1.972" /><testcase classname="backend.tests.test_iteration115_qr_absolute_url.TestAuthNoRegression" name="test_protected_route_requires_auth" time="0.133" /><testcase classname="backend.tests.test_iteration115_qr_absolute_url.TestAuthNoRegression" name="test_login_still_works" time="0.772" /><testcase classname="backend.tests.test_iteration115_qr_absolute_url.TestAuthNoRegression" name="test_qr_endpoints_require_auth" time="0.114" /></testsuite></testsuites>