<?xml version="1.0" encoding="utf-8"?><testsuites name="pytest tests"><testsuite name="pytest" errors="0" failures="0" skipped="0" tests="14" time="7.751" timestamp="2026-07-06T21:25:47.256036+00:00" hostname="agent-env-478547b6-fd20-49d2-ac3b-a3f74c3e9f49"><testcase classname="tests.test_rc04_fixes.TestFix1GerenteAprovacao" name="test_gerente_can_approve_os" time="2.807" /><testcase classname="tests.test_rc04_fixes.TestFix1GerenteWritesBlocked" name="test_gerente_cannot_create_os" time="0.113" /><testcase classname="tests.test_rc04_fixes.TestFix1GerenteWritesBlocked" name="test_gerente_cannot_create_ativo" time="0.215" /><testcase classname="tests.test_rc04_fixes.TestFix2ConcluirTempo" name="test_concluir_auto_tempo_minimum_1" time="0.450" /><testcase classname="tests.test_rc04_fixes.TestFix2ConcluirTempo" name="test_concluir_explicit_tempo" time="0.446" /><testcase classname="tests.test_rc04_fixes.TestRegressionMaster" name="test_master_endpoints" time="0.778" /><testcase classname="tests.test_rc04_fixes.TestRegressionPCM" name="test_pcm_can_create_os_and_export" time="0.240" /><testcase classname="tests.test_rc04_fixes.TestRegressionPCM" name="test_pcm_cannot_iniciar_os" time="0.255" /><testcase classname="tests.test_rc04_fixes.TestRegressionOperador" name="test_operador_can_create_solicitation" time="0.112" /><testcase classname="tests.test_rc04_fixes.TestRegressionOperador" name="test_operador_cannot_approve" time="0.233" /><testcase classname="tests.test_rc04_fixes.TestRegressionOperador" name="test_operador_cannot_access_admin_users" time="0.105" /><testcase classname="tests.test_rc04_fixes.TestRegressionVisualizador" name="test_visualizador_can_read" time="1.586" /><testcase classname="tests.test_rc04_fixes.TestRegressionVisualizador" name="test_visualizador_cannot_write_os" time="0.116" /><testcase classname="tests.test_rc04_fixes.TestRegressionVisualizador" name="test_visualizador_cannot_write_estoque" time="0.221" /></testsuite></testsuites>