<?xml version="1.0" encoding="utf-8"?><testsuites name="pytest tests"><testsuite name="pytest" errors="0" failures="0" skipped="0" tests="7" time="1.474" timestamp="2026-07-02T16:19:01.879948+00:00" hostname="agent-env-478547b6-fd20-49d2-ac3b-a3f74c3e9f49"><testcase classname="backend.tests.test_iteration62_planos_save" name="test_01_create_plano_with_boolean_force_override_false" time="0.720" /><testcase classname="backend.tests.test_iteration62_planos_save" name="test_02_duplicate_returns_409" time="0.183" /><testcase classname="backend.tests.test_iteration62_planos_save" name="test_03_force_override_true_bypasses_duplicate" time="0.058" /><testcase classname="backend.tests.test_iteration62_planos_save" name="test_04_force_override_non_boolean_rejected" time="0.058" /><testcase classname="backend.tests.test_iteration62_planos_save" name="test_05_update_plano" time="0.057" /><testcase classname="backend.tests.test_iteration62_planos_save" name="test_06_approve_plano" time="0.161" /><testcase classname="backend.tests.test_iteration62_planos_save" name="test_99_cleanup" time="0.175" /></testsuite></testsuites>