<?xml version="1.0" encoding="utf-8"?><testsuites name="pytest tests"><testsuite name="pytest" errors="0" failures="0" skipped="0" tests="12" time="3.732" timestamp="2026-07-01T18:30:39.658646+00:00" hostname="agent-env-478547b6-fd20-49d2-ac3b-a3f74c3e9f49"><testcase classname="backend.tests.test_iteration54_homologacao.TestSectors" name="test_sectors_has_4_expected_areas" time="0.745" /><testcase classname="backend.tests.test_iteration54_homologacao.TestAtivos" name="test_ativos_count_and_fields" time="0.147" /><testcase classname="backend.tests.test_iteration54_homologacao.TestAtivos" name="test_ativos_span_all_areas" time="0.223" /><testcase classname="backend.tests.test_iteration54_homologacao.TestPlanos" name="test_planos_80_plus_and_enrichment" time="0.203" /><testcase classname="backend.tests.test_iteration54_homologacao.TestPlanos" name="test_planos_por_ativo_br01" time="0.237" /><testcase classname="backend.tests.test_iteration54_homologacao.TestOS" name="test_os_count_and_statuses" time="0.126" /><testcase classname="backend.tests.test_iteration54_homologacao.TestCentral" name="test_master_sees_everything" time="0.139" /><testcase classname="backend.tests.test_iteration54_homologacao.TestCentral" name="test_mec_only_sees_mecanica" time="0.462" /><testcase classname="backend.tests.test_iteration54_homologacao.TestCentral" name="test_operador_never_sees_restricted" time="0.558" /><testcase classname="backend.tests.test_iteration54_homologacao.TestDashboardStats" name="test_master_stats" time="0.106" /><testcase classname="backend.tests.test_iteration54_homologacao.TestDashboardStats" name="test_operador_stats_scoped" time="0.110" /><testcase classname="backend.tests.test_iteration54_homologacao.TestInspecaoFromPlano" name="test_create_inspecao_from_approved_plan" time="0.609" /></testsuite></testsuites>