<?xml version="1.0" encoding="utf-8"?><testsuites name="pytest tests"><testsuite name="pytest" errors="0" failures="0" skipped="0" tests="10" time="3.143" timestamp="2026-07-03T11:22:53.019750+00:00" hostname="agent-env-478547b6-fd20-49d2-ac3b-a3f74c3e9f49"><testcase classname="backend.tests.test_iteration65_whitelabel_master" name="test_master_login_success" time="0.420" /><testcase classname="backend.tests.test_iteration65_whitelabel_master" name="test_master_list_organizations" time="0.523" /><testcase classname="backend.tests.test_iteration65_whitelabel_master" name="test_non_master_cannot_list_organizations" time="0.452" /><testcase classname="backend.tests.test_iteration65_whitelabel_master" name="test_master_get_org_config" time="0.265" /><testcase classname="backend.tests.test_iteration65_whitelabel_master" name="test_master_get_config_nonexistent_org" time="0.102" /><testcase classname="backend.tests.test_iteration65_whitelabel_master" name="test_master_create_organization" time="0.205" /><testcase classname="backend.tests.test_iteration65_whitelabel_master" name="test_master_create_organization_empty_name" time="0.108" /><testcase classname="backend.tests.test_iteration65_whitelabel_master" name="test_master_update_org_config_and_verify" time="0.303" /><testcase classname="backend.tests.test_iteration65_whitelabel_master" name="test_org_config_isolation" time="0.585" /><testcase classname="backend.tests.test_iteration65_whitelabel_master" name="test_master_update_nonexistent_org_config" time="0.102" /></testsuite></testsuites>