<?xml version="1.0" encoding="utf-8"?><testsuites name="pytest tests"><testsuite name="pytest" errors="0" failures="0" skipped="0" tests="11" time="3.314" timestamp="2026-07-02T13:18:33.080549+00:00" hostname="agent-env-478547b6-fd20-49d2-ac3b-a3f74c3e9f49"><testcase classname="backend.tests.test_iteration56_prod_fix.TestEmergentAuth" name="test_login_master" time="0.482" /><testcase classname="backend.tests.test_iteration56_prod_fix.TestEmergentAuth" name="test_login_test_mec" time="0.513" /><testcase classname="backend.tests.test_iteration56_prod_fix.TestEmergentAuth" name="test_login_wrong_password" time="0.632" /><testcase classname="backend.tests.test_iteration56_prod_fix.TestProtectedEndpoints" name="test_central_after_login" time="0.545" /><testcase classname="backend.tests.test_iteration56_prod_fix.TestProtectedEndpoints" name="test_ativos_after_login" time="0.156" /><testcase classname="backend.tests.test_iteration56_prod_fix.TestProtectedEndpoints" name="test_ativos_no_auth" time="0.458" /><testcase classname="backend.tests.test_iteration56_prod_fix.TestRailwayBackend" name="test_railway_login_endpoint_responds" time="0.369" /><testcase classname="backend.tests.test_iteration56_prod_fix.TestRailwayBackend" name="test_railway_cors_preflight" time="0.098" /><testcase classname="backend.tests.test_iteration56_prod_fix.TestFrontendFiles" name="test_vercel_json_has_rewrites" time="0.000" /><testcase classname="backend.tests.test_iteration56_prod_fix.TestFrontendFiles" name="test_api_js_fallback_empty" time="0.000" /><testcase classname="backend.tests.test_iteration56_prod_fix.TestFrontendFiles" name="test_index_html_no_emergent" time="0.000" /></testsuite></testsuites>