<?xml version="1.0" encoding="utf-8"?><testsuites name="pytest tests"><testsuite name="pytest" errors="0" failures="0" skipped="0" tests="12" time="3.207" timestamp="2026-07-07T17:08:51.868681+00:00" hostname="agent-env-478547b6-fd20-49d2-ac3b-a3f74c3e9f49"><testcase classname="backend.tests.test_iteration85_rc12_dossie.TestHistorico" name="test_historico_returns_events" time="0.774" /><testcase classname="backend.tests.test_iteration85_rc12_dossie.TestDossieOS" name="test_dossie_os_enriched" time="0.329" /><testcase classname="backend.tests.test_iteration85_rc12_dossie.TestDossieOS" name="test_dossie_os_404" time="0.151" /><testcase classname="backend.tests.test_iteration85_rc12_dossie.TestDossieInspecao" name="test_dossie_inspecao_enriched" time="0.274" /><testcase classname="backend.tests.test_iteration85_rc12_dossie.TestPesquisa" name="test_pesquisa_q_bomba" time="0.118" /><testcase classname="backend.tests.test_iteration85_rc12_dossie.TestPesquisa" name="test_pesquisa_tipo_inspecao" time="0.146" /><testcase classname="backend.tests.test_iteration85_rc12_dossie.TestPesquisa" name="test_pesquisa_no_params" time="0.195" /><testcase classname="backend.tests.test_iteration85_rc12_dossie.TestRBAC" name="test_tec_blocked_dossie_os" time="0.443" /><testcase classname="backend.tests.test_iteration85_rc12_dossie.TestRBAC" name="test_tec_blocked_dossie_inspecao" time="0.110" /><testcase classname="backend.tests.test_iteration85_rc12_dossie.TestRegression" name="test_master_dashboard" time="0.125" /><testcase classname="backend.tests.test_iteration85_rc12_dossie.TestRegression" name="test_os_list" time="0.147" /><testcase classname="backend.tests.test_iteration85_rc12_dossie.TestRegression" name="test_inspecoes_list" time="0.232" /></testsuite></testsuites>