<?xml version="1.0" encoding="utf-8"?><testsuites name="pytest tests"><testsuite name="pytest" errors="0" failures="1" skipped="0" tests="78" time="109.593" timestamp="2026-07-20T12:34:03.362414+00:00" hostname="agent-env-478547b6-fd20-49d2-ac3b-a3f74c3e9f49"><testcase classname="tests.test_iteration111_r2_qa.TestHealthPublic" name="test_health" time="9.480"><failure message="assert 502 == 200&#10; +  where 502 = &lt;Response [502 Bad Gateway]&gt;.status_code">E   assert 502 == 200
     +  where 502 = &lt;Response [502 Bad Gateway]&gt;.status_code</failure></testcase><testcase classname="tests.test_iteration111_r2_qa.TestHealthPublic" name="test_public_organizations" time="19.074" /><testcase classname="tests.test_iteration111_r2_qa.TestMasterPanel" name="test_master_organizations_forbidden_for_admin" time="1.035" /><testcase classname="tests.test_iteration111_r2_qa.TestMasterPanel" name="test_master_login_broken_documented" time="0.253" /><testcase classname="tests.test_iteration111_r2_qa.TestWhiteLabel" name="test_get_org_config" time="0.447" /><testcase classname="tests.test_iteration111_r2_qa.TestWhiteLabel" name="test_org_config_branding_persists" time="2.482" /><testcase classname="tests.test_iteration111_r2_qa.TestWhiteLabel" name="test_org_config_identidade" time="0.918" /><testcase classname="tests.test_iteration111_r2_qa.TestWhiteLabel" name="test_org_config_tema" time="0.539" /><testcase classname="tests.test_iteration111_r2_qa.TestWhiteLabel" name="test_org_config_terminologia" time="0.812" /><testcase classname="tests.test_iteration111_r2_qa.TestWhiteLabel" name="test_org_config_forbidden_for_non_admin" time="1.149" /><testcase classname="tests.test_iteration111_r2_qa.TestInspecoes" name="test_list_inspecoes" time="0.386" /><testcase classname="tests.test_iteration111_r2_qa.TestInspecoes" name="test_planos_inspecao_list" time="0.381" /><testcase classname="tests.test_iteration111_r2_qa.TestInspecoes" name="test_create_inspecao_admin" time="0.921" /><testcase classname="tests.test_iteration111_r2_qa.TestUploads" name="test_upload_asset_document" time="0.656" /><testcase classname="tests.test_iteration111_r2_qa.TestUploads" name="test_upload_os_anexo" time="0.809" /><testcase classname="tests.test_iteration111_r2_qa.TestUploads" name="test_upload_requires_auth" time="0.626" /><testcase classname="tests.test_iteration111_r2_qa.TestPermMatrix" name="test_admin_access[/ativos]" time="0.539" /><testcase classname="tests.test_iteration111_r2_qa.TestPermMatrix" name="test_admin_access[/ordens-servico]" time="0.682" /><testcase classname="tests.test_iteration111_r2_qa.TestPermMatrix" name="test_admin_access[/procedimentos]" time="0.383" /><testcase classname="tests.test_iteration111_r2_qa.TestPermMatrix" name="test_admin_access[/estoque]" time="0.382" /><testcase classname="tests.test_iteration111_r2_qa.TestPermMatrix" name="test_admin_access[/users]" time="0.385" /><testcase classname="tests.test_iteration111_r2_qa.TestPermMatrix" name="test_admin_access[/admin/users]" time="0.395" /><testcase classname="tests.test_iteration111_r2_qa.TestPermMatrix" name="test_admin_access[/admin/audit-logs]" time="0.526" /><testcase classname="tests.test_iteration111_r2_qa.TestPermMatrix" name="test_admin_access[/org/config]" time="0.386" /><testcase classname="tests.test_iteration111_r2_qa.TestPermMatrix" name="test_pcm_allowed[/ativos]" time="0.530" /><testcase classname="tests.test_iteration111_r2_qa.TestPermMatrix" name="test_pcm_allowed[/ordens-servico]" time="0.673" /><testcase classname="tests.test_iteration111_r2_qa.TestPermMatrix" name="test_pcm_allowed[/procedimentos]" time="0.403" /><testcase classname="tests.test_iteration111_r2_qa.TestPermMatrix" name="test_pcm_allowed[/estoque]" time="0.384" /><testcase classname="tests.test_iteration111_r2_qa.TestPermMatrix" name="test_pcm_cannot_admin_users" time="0.234" /><testcase classname="tests.test_iteration111_r2_qa.TestPermMatrix" name="test_pcm_cannot_org_config" time="0.392" /><testcase classname="tests.test_iteration111_r2_qa.TestPermMatrix" name="test_pcm_can_create_procedure" time="0.813" /><testcase classname="tests.test_iteration111_r2_qa.TestPermMatrix" name="test_supervisor_reads_ativos" time="1.286" /><testcase classname="tests.test_iteration111_r2_qa.TestPermMatrix" name="test_supervisor_cannot_create_procedure" time="0.240" /><testcase classname="tests.test_iteration111_r2_qa.TestPermMatrix" name="test_supervisor_cannot_create_ativo" time="1.120" /><testcase classname="tests.test_iteration111_r2_qa.TestPermMatrix" name="test_tecnico_reads_os" time="1.764" /><testcase classname="tests.test_iteration111_r2_qa.TestPermMatrix" name="test_tecnico_cannot_create_procedure" time="0.243" /><testcase classname="tests.test_iteration111_r2_qa.TestPermMatrix" name="test_tecnico_cannot_create_ativo" time="0.246" /><testcase classname="tests.test_iteration111_r2_qa.TestPermMatrix" name="test_operador_cannot_create_ativo" time="1.013" /><testcase classname="tests.test_iteration111_r2_qa.TestPermMatrix" name="test_operador_cannot_create_procedure" time="0.238" /><testcase classname="tests.test_iteration111_r2_qa.TestFluxoCliente" name="test_full_client_flow[1]" time="7.327" /><testcase classname="tests.test_iteration111_r2_qa.TestFluxoCliente" name="test_full_client_flow[2]" time="6.998" /><testcase classname="tests.test_iteration111_r2_qa.TestFluxoCliente" name="test_full_client_flow[3]" time="6.983" /><testcase classname="tests.test_iteration111_r2_qa.TestFluxoTecnico" name="test_tecnico_flow[1]" time="3.003" /><testcase classname="tests.test_iteration111_r2_qa.TestFluxoTecnico" name="test_tecnico_flow[2]" time="2.851" /><testcase classname="tests.test_iteration111_r2_qa.TestFluxoTecnico" name="test_tecnico_flow[3]" time="2.864" /><testcase classname="tests.test_iteration111_r2_qa.TestPreventivos" name="test_list_planos_inspecao" time="0.383" /><testcase classname="tests.test_iteration111_r2_qa.TestPreventivos" name="test_get_plano_detail" time="0.504" /><testcase classname="tests.test_iteration111_r2_qa.TestOSLifecycle" name="test_os_full_lifecycle[1]" time="4.155" /><testcase classname="tests.test_iteration111_r2_qa.TestOSLifecycle" name="test_os_full_lifecycle[2]" time="4.347" /><testcase classname="tests.test_iteration111_r2_qa.TestOSLifecycle" name="test_os_full_lifecycle[3]" time="4.249" /><testcase classname="tests.test_iteration111_r2_qa.TestExports" name="test_exports[/export/ordens-servico]" time="0.998" /><testcase classname="tests.test_iteration111_r2_qa.TestExports" name="test_exports[/export/ativos]" time="0.740" /><testcase classname="tests.test_iteration111_r2_qa.TestExports" name="test_exports[/export/estoque]" time="0.579" /><testcase classname="tests.test_iteration111_r2_qa.TestAreasUnidades" name="test_list_sectors" time="0.808" /><testcase classname="tests.test_iteration111_r2_qa.TestAreasUnidades" name="test_list_unidades" time="0.380" /><testcase classname="tests.test_iteration111_r2_qa.TestEstoqueMovimentacao" name="test_list_estoque" time="0.382" /><testcase classname="tests.test_iteration111_r2_qa.TestEstoqueMovimentacao" name="test_create_and_movimentar" time="1.640" /><testcase classname="tests.test_iteration111_r2_qa.TestAudit" name="test_audit_logs" time="0.539" /><testcase classname="tests.test_iteration111_r2_qa.TestAudit" name="test_audit_stats" time="0.527" /><testcase classname="tests.test_iteration111_r2_qa.TestSobressalentes" name="test_list" time="2.369" /><testcase classname="tests.test_iteration111_r2_qa.TestParadas" name="test_list" time="0.403" /><testcase classname="tests.test_iteration111_r2_qa.TestComplianceRegression" name="test_privacy[1]" time="0.101" /><testcase classname="tests.test_iteration111_r2_qa.TestComplianceRegression" name="test_privacy[2]" time="0.102" /><testcase classname="tests.test_iteration111_r2_qa.TestComplianceRegression" name="test_privacy[3]" time="0.099" /><testcase classname="tests.test_iteration111_r2_qa.TestComplianceRegression" name="test_terms[1]" time="0.101" /><testcase classname="tests.test_iteration111_r2_qa.TestComplianceRegression" name="test_terms[2]" time="0.096" /><testcase classname="tests.test_iteration111_r2_qa.TestComplianceRegression" name="test_terms[3]" time="0.105" /><testcase classname="tests.test_iteration111_r2_qa.TestComplianceRegression" name="test_status[1]" time="0.387" /><testcase classname="tests.test_iteration111_r2_qa.TestComplianceRegression" name="test_status[2]" time="0.382" /><testcase classname="tests.test_iteration111_r2_qa.TestComplianceRegression" name="test_status[3]" time="0.394" /><testcase classname="tests.test_iteration111_r2_qa.TestNoTokenIsolation" name="test_no_token_401_or_403[/ativos]" time="0.117" /><testcase classname="tests.test_iteration111_r2_qa.TestNoTokenIsolation" name="test_no_token_401_or_403[/ordens-servico]" time="0.098" /><testcase classname="tests.test_iteration111_r2_qa.TestNoTokenIsolation" name="test_no_token_401_or_403[/procedimentos]" time="0.113" /><testcase classname="tests.test_iteration111_r2_qa.TestNoTokenIsolation" name="test_no_token_401_or_403[/estoque]" time="0.099" /><testcase classname="tests.test_iteration111_r2_qa.TestNoTokenIsolation" name="test_no_token_401_or_403[/users]" time="0.106" /><testcase classname="tests.test_iteration111_r2_qa.TestNoTokenIsolation" name="test_no_token_401_or_403[/admin/audit-logs]" time="0.104" /><testcase classname="tests.test_iteration111_r2_qa.TestNoTokenIsolation" name="test_no_token_401_or_403[/org/config]" time="0.099" /><testcase classname="tests.test_iteration111_r2_qa.TestCrossOrg" name="test_admin_ativos_only_own_org" time="0.679" /></testsuite></testsuites>