<?xml version="1.0" encoding="utf-8"?><testsuites name="pytest tests"><testsuite name="pytest" errors="0" failures="0" skipped="0" tests="24" time="72.262" timestamp="2026-07-22T18:52:45.749284+00:00" hostname="agent-env-478547b6-fd20-49d2-ac3b-a3f74c3e9f49"><testcase classname="backend.tests.test_iteration124_pdf_os_correcao.TestOSSemProcedimento" name="test_pdf_200_and_content_type" time="3.805" /><testcase classname="backend.tests.test_iteration124_pdf_os_correcao.TestOSSemProcedimento" name="test_header_astec" time="2.969" /><testcase classname="backend.tests.test_iteration124_pdf_os_correcao.TestOSSemProcedimento" name="test_header_unidade" time="2.999" /><testcase classname="backend.tests.test_iteration124_pdf_os_correcao.TestOSSemProcedimento" name="test_header_os_number" time="2.946" /><testcase classname="backend.tests.test_iteration124_pdf_os_correcao.TestOSSemProcedimento" name="test_header_titulo_intervencao" time="3.020" /><testcase classname="backend.tests.test_iteration124_pdf_os_correcao.TestOSSemProcedimento" name="test_no_fictitious_cnpj" time="2.986" /><testcase classname="backend.tests.test_iteration124_pdf_os_correcao.TestOSSemProcedimento" name="test_no_maintrix_int_ltda" time="3.071" /><testcase classname="backend.tests.test_iteration124_pdf_os_correcao.TestOSSemProcedimento" name="test_no_fictitious_phone" time="2.961" /><testcase classname="backend.tests.test_iteration124_pdf_os_correcao.TestOSSemProcedimento" name="test_no_fictitious_address" time="3.208" /><testcase classname="backend.tests.test_iteration124_pdf_os_correcao.TestOSSemProcedimento" name="test_no_qr_code_image" time="2.942" /><testcase classname="backend.tests.test_iteration124_pdf_os_correcao.TestOSSemProcedimento" name="test_no_empty_procedimento_section" time="3.059" /><testcase classname="backend.tests.test_iteration124_pdf_os_correcao.TestOSSemProcedimento" name="test_footer_maintrix_enterprise" time="2.980" /><testcase classname="backend.tests.test_iteration124_pdf_os_correcao.TestOSSemProcedimento" name="test_fits_one_page" time="2.987" /><testcase classname="backend.tests.test_iteration124_pdf_os_correcao.TestOSComProcedimento" name="test_pdf_200" time="3.147" /><testcase classname="backend.tests.test_iteration124_pdf_os_correcao.TestOSComProcedimento" name="test_titulo_intervencao_preserved" time="3.170" /><testcase classname="backend.tests.test_iteration124_pdf_os_correcao.TestOSComProcedimento" name="test_procedimento_aplicavel_section" time="3.182" /><testcase classname="backend.tests.test_iteration124_pdf_os_correcao.TestOSComProcedimento" name="test_procedure_annex_present" time="3.163" /><testcase classname="backend.tests.test_iteration124_pdf_os_correcao.TestOSComProcedimento" name="test_no_qr_on_first_page" time="3.181" /><testcase classname="backend.tests.test_iteration124_pdf_os_correcao.TestOSComProcedimento" name="test_no_fictitious_cnpj" time="3.221" /><testcase classname="backend.tests.test_iteration124_pdf_os_correcao.TestOSCamposVazios" name="test_pdf_200" time="2.989" /><testcase classname="backend.tests.test_iteration124_pdf_os_correcao.TestOSCamposVazios" name="test_no_dash_only_lines" time="2.976" /><testcase classname="backend.tests.test_iteration124_pdf_os_correcao.TestOSCamposVazios" name="test_one_page" time="2.986" /><testcase classname="backend.tests.test_iteration124_pdf_os_correcao.TestOSUmaPagina" name="test_signatures_on_same_page" time="2.992" /><testcase classname="backend.tests.test_iteration124_pdf_os_correcao.TestAtivoQRUnaffected" name="test_ativo_qrcode_png_200" time="1.196" /></testsuite></testsuites>