<?xml version="1.0" encoding="utf-8"?><testsuites name="pytest tests"><testsuite name="pytest" errors="0" failures="0" skipped="0" tests="14" time="7.822" timestamp="2026-07-04T19:49:27.281783+00:00" hostname="agent-env-478547b6-fd20-49d2-ac3b-a3f74c3e9f49"><testcase classname="backend.tests.test_rbac_audit_rc02.TestP0_04_DiagRemoved" name="test_diag_endpoint_returns_404" time="0.123" /><testcase classname="backend.tests.test_rbac_audit_rc02.TestP0_05_ForgotPasswordNoToken" name="test_no_token_in_response" time="0.289" /><testcase classname="backend.tests.test_rbac_audit_rc02.TestP0_01_02_TecMecCanExecute" name="test_tec_mec_can_create_os" time="0.852" /><testcase classname="backend.tests.test_rbac_audit_rc02.TestP0_01_02_TecMecCanExecute" name="test_tec_mec_can_iniciar_os" time="0.100" /><testcase classname="backend.tests.test_rbac_audit_rc02.TestP0_01_02_TecMecCanExecute" name="test_tec_mec_can_iniciar_inspecao" time="0.236" /><testcase classname="backend.tests.test_rbac_audit_rc02.TestP0_03_CentralVisibility" name="test_central_returns_items_for_tec_mec" time="0.915" /><testcase classname="backend.tests.test_rbac_audit_rc02.TestP0_06_AdminCreateUserPersistence" name="test_disciplina_turno_area_persist" time="1.136" /><testcase classname="backend.tests.test_rbac_audit_rc02.TestP1_03_MasterCanExportAudit" name="test_master_export_audit_excel" time="0.640" /><testcase classname="backend.tests.test_rbac_audit_rc02.TestRegressionMaster" name="test_master_dashboard_stats" time="0.427" /><testcase classname="backend.tests.test_rbac_audit_rc02.TestRegressionMaster" name="test_master_ordens_servico_list" time="0.447" /><testcase classname="backend.tests.test_rbac_audit_rc02.TestRegressionMaster" name="test_master_inspecoes_list" time="0.456" /><testcase classname="backend.tests.test_rbac_audit_rc02.TestRegressionGerente" name="test_gerente_can_read_os" time="0.436" /><testcase classname="backend.tests.test_rbac_audit_rc02.TestRegressionGerente" name="test_gerente_cannot_create_os" time="0.867" /><testcase classname="backend.tests.test_rbac_audit_rc02.TestRegressionOperador" name="test_operador_can_create_solicitation" time="0.840" /></testsuite></testsuites>