<?xml version="1.0" encoding="utf-8"?><testsuites name="pytest tests"><testsuite name="pytest" errors="0" failures="1" skipped="0" tests="24" time="56.161" timestamp="2026-07-17T20:27:23.708697+00:00" hostname="agent-env-478547b6-fd20-49d2-ac3b-a3f74c3e9f49"><testcase classname="tests.test_rc_visual_wave1.TestCreateLayoutBlocks" name="test_create_layout_with_blocks" time="8.671" /><testcase classname="tests.test_rc_visual_wave1.TestBlockValidation" name="test_invalid_block_type" time="0.250" /><testcase classname="tests.test_rc_visual_wave1.TestBlockValidation" name="test_duplicate_block_ids" time="0.280" /><testcase classname="tests.test_rc_visual_wave1.TestBlockValidation" name="test_max_one_header" time="0.265" /><testcase classname="tests.test_rc_visual_wave1.TestBlockValidation" name="test_max_one_footer" time="0.252" /><testcase classname="tests.test_rc_visual_wave1.TestPublicationFlow" name="test_publish_layout" time="2.374" /><testcase classname="tests.test_rc_visual_wave1.TestPublicationFlow" name="test_publish_deactivates_others_same_tipo" time="6.767" /><testcase classname="tests.test_rc_visual_wave1.TestPublicationFlow" name="test_publish_already_published_fails" time="1.963" /><testcase classname="tests.test_rc_visual_wave1.TestDuplicateLayout" name="test_duplicate_creates_draft_new_block_ids" time="3.078" /><testcase classname="tests.test_rc_visual_wave1.TestPreviewData" name="test_preview_data_returns_resolved_blocks" time="0.966" /><testcase classname="tests.test_rc_visual_wave1.TestGetPublished" name="test_get_published_layout" time="1.929" /><testcase classname="tests.test_rc_visual_wave1.TestGetPublished" name="test_get_published_none_for_unknown_tipo" time="0.410" /><testcase classname="tests.test_rc_visual_wave1.TestVersioning" name="test_versioning_and_list_versions" time="1.822" /><testcase classname="tests.test_rc_visual_wave1.TestRestore" name="test_restore_v1_creates_v3" time="2.847" /><testcase classname="tests.test_rc_visual_wave1.TestRBAC" name="test_tecnico_cannot_create" time="1.020" /><testcase classname="tests.test_rc_visual_wave1.TestRBAC" name="test_tecnico_cannot_update" time="0.793" /><testcase classname="tests.test_rc_visual_wave1.TestRBAC" name="test_tecnico_cannot_publish" time="0.880" /><testcase classname="tests.test_rc_visual_wave1.TestRBAC" name="test_tecnico_cannot_delete" time="0.854" /><testcase classname="tests.test_rc_visual_wave1.TestRBAC" name="test_tecnico_cannot_duplicate" time="0.830" /><testcase classname="tests.test_rc_visual_wave1.TestRBAC" name="test_tecnico_can_read_layouts" time="0.548" /><testcase classname="tests.test_rc_visual_wave1.TestCrossTenant" name="test_publish_with_invalid_library_ref_blocked" time="1.108" /><testcase classname="tests.test_rc_visual_wave1.TestBackwardCompat" name="test_old_layout_without_blocks_still_works" time="0.966"><failure message="AssertionError: assert [{'id': '1823...der': 3, ...}] == []&#10;  &#10;  Left contains 4 more items, first extra item: {'id': '18239979-559d-4951-816f-1654b5138765', 'library_ref_id': None, 'library_ref_type': None, 'order': 0, ...}&#10;  &#10;  Full diff:&#10;  - []&#10;  + [&#10;  +     {...&#10;  &#10;  ...Full output truncated (36 lines hidden), use '-vv' to show">tests/test_rc_visual_wave1.py:393: in test_old_layout_without_blocks_still_works
    assert r.json().get("blocks") == []
E   AssertionError: assert [{'id': '1823...der': 3, ...}] == []
E     
E     Left contains 4 more items, first extra item: {'id': '18239979-559d-4951-816f-1654b5138765', 'library_ref_id': None, 'library_ref_type': None, 'order': 0, ...}
E     
E     Full diff:
E     - []
E     + [
E     +     {...
E     
E     ...Full output truncated (36 lines hidden), use '-vv' to show</failure></testcase><testcase classname="tests.test_rc_visual_wave1.TestBackwardCompat" name="test_os_without_layout_generates_pdf" time="3.472" /><testcase classname="tests.test_rc_visual_wave1.TestStress" name="test_50_blocks_created" time="13.672" /></testsuite></testsuites>