<?xml version="1.0" encoding="utf-8"?><testsuites name="pytest tests"><testsuite name="pytest" errors="0" failures="0" skipped="0" tests="8" time="7.165" timestamp="2026-07-02T15:36:09.130756+00:00" hostname="agent-env-478547b6-fd20-49d2-ac3b-a3f74c3e9f49"><testcase classname="backend.tests.test_iteration60_change_password" name="test_00_baseline_login_ok" time="0.347" /><testcase classname="backend.tests.test_iteration60_change_password" name="test_01_force_change_only_new_password_succeeds" time="1.878" /><testcase classname="backend.tests.test_iteration60_change_password" name="test_02_normal_change_with_current_and_new_succeeds" time="1.780" /><testcase classname="backend.tests.test_iteration60_change_password" name="test_03_wrong_current_password_returns_400" time="0.707" /><testcase classname="backend.tests.test_iteration60_change_password" name="test_04_short_new_password_returns_400" time="0.466" /><testcase classname="backend.tests.test_iteration60_change_password" name="test_05_only_new_password_when_force_false_returns_400_not_422" time="0.454" /><testcase classname="backend.tests.test_iteration60_change_password" name="test_06_change_password_without_token_returns_401_or_403" time="0.369" /><testcase classname="backend.tests.test_iteration60_change_password" name="test_07_old_password_still_works_after_change_supabase_bug" time="0.956" /></testsuite></testsuites>