<?xml version="1.0" encoding="utf-8"?><testsuites name="pytest tests"><testsuite name="pytest" errors="0" failures="0" skipped="0" tests="15" time="4.795" timestamp="2026-07-08T17:13:03.721303+00:00" hostname="agent-env-478547b6-fd20-49d2-ac3b-a3f74c3e9f49"><testcase classname="backend.tests.test_iteration87_rc13_material_images.TestAuthPreCheck" name="test_admin_login_returns_access_token" time="0.442" /><testcase classname="backend.tests.test_iteration87_rc13_material_images.TestModelImagesField" name="test_estoque_create_persists_images_field" time="0.749" /><testcase classname="backend.tests.test_iteration87_rc13_material_images.TestModelImagesField" name="test_spare_create_persists_images_field" time="0.373" /><testcase classname="backend.tests.test_iteration87_rc13_material_images.TestMaterialImageEndpoints" name="test_upload_estoque_image_returns_updated_images" time="0.569" /><testcase classname="backend.tests.test_iteration87_rc13_material_images.TestMaterialImageEndpoints" name="test_upload_estoque_image_rejects_non_image" time="0.108" /><testcase classname="backend.tests.test_iteration87_rc13_material_images.TestMaterialImageEndpoints" name="test_upload_estoque_image_404_when_item_missing" time="0.109" /><testcase classname="backend.tests.test_iteration87_rc13_material_images.TestMaterialImageEndpoints" name="test_upload_estoque_invalid_tipo_returns_400" time="0.114" /><testcase classname="backend.tests.test_iteration87_rc13_material_images.TestMaterialImageEndpoints" name="test_upload_spare_image_returns_updated_images" time="0.503" /><testcase classname="backend.tests.test_iteration87_rc13_material_images.TestMaterialImageEndpoints" name="test_delete_estoque_image_removes_url" time="0.548" /><testcase classname="backend.tests.test_iteration87_rc13_material_images.TestMaterialImageEndpoints" name="test_delete_spare_image_removes_url" time="0.349" /><testcase classname="backend.tests.test_iteration87_rc13_material_images.TestMaterialImageEndpoints" name="test_upload_requires_auth" time="0.119" /><testcase classname="backend.tests.test_iteration87_rc13_material_images.TestOSMaterialImageUrl" name="test_work_orders_list_accepts_get" time="0.153" /><testcase classname="backend.tests.test_iteration87_rc13_material_images.TestExportsRegression" name="test_sobressalentes_export_excel" time="0.106" /><testcase classname="backend.tests.test_iteration87_rc13_material_images.TestExportsRegression" name="test_sobressalentes_export_pdf" time="0.113" /><testcase classname="backend.tests.test_iteration87_rc13_material_images.TestDashboardRegression" name="test_dashboard_stats_ok" time="0.356" /></testsuite></testsuites>