<?xml version="1.0" encoding="utf-8"?><testsuites name="pytest tests"><testsuite name="pytest" errors="0" failures="0" skipped="0" tests="21" time="5.679" timestamp="2026-06-25T16:45:25.508531+00:00" hostname="agent-env-478547b6-fd20-49d2-ac3b-a3f74c3e9f49"><testcase classname="backend.tests.test_iteration45_org_config.TestOrgConfig" name="test_get_org_config_autocreates" time="0.688" /><testcase classname="backend.tests.test_iteration45_org_config.TestOrgConfig" name="test_update_identidade" time="0.233" /><testcase classname="backend.tests.test_iteration45_org_config.TestOrgConfig" name="test_update_tema_all_colors" time="0.274" /><testcase classname="backend.tests.test_iteration45_org_config.TestOrgConfig" name="test_update_terminologia" time="0.237" /><testcase classname="backend.tests.test_iteration45_org_config.TestOrgConfig" name="test_update_numeracao" time="0.224" /><testcase classname="backend.tests.test_iteration45_org_config.TestOrgConfig" name="test_update_preferencias" time="0.219" /><testcase classname="backend.tests.test_iteration45_org_config.TestOrgConfig" name="test_numeracao_preview" time="0.174" /><testcase classname="backend.tests.test_iteration45_org_config.TestOrgConfig" name="test_tecnico_cannot_update_config" time="0.976" /><testcase classname="backend.tests.test_iteration45_org_config.TestUnidades" name="test_list_unidades" time="0.102" /><testcase classname="backend.tests.test_iteration45_org_config.TestUnidades" name="test_create_unidade" time="0.206" /><testcase classname="backend.tests.test_iteration45_org_config.TestUnidades" name="test_update_unidade" time="0.104" /><testcase classname="backend.tests.test_iteration45_org_config.TestUnidades" name="test_delete_unidade_soft" time="0.204" /><testcase classname="backend.tests.test_iteration45_org_config.TestPlantasCompat" name="test_list_plantas_compat" time="0.111" /><testcase classname="backend.tests.test_iteration45_org_config.TestPlantasCompat" name="test_create_planta_compat" time="0.241" /><testcase classname="backend.tests.test_iteration45_org_config.TestPlantasCompat" name="test_update_planta_compat" time="0.105" /><testcase classname="backend.tests.test_iteration45_org_config.TestPlantasCompat" name="test_delete_planta_compat" time="0.117" /><testcase classname="backend.tests.test_iteration45_org_config.TestRegression" name="test_login_three_roles" time="0.867" /><testcase classname="backend.tests.test_iteration45_org_config.TestRegression" name="test_dashboard_stats" time="0.141" /><testcase classname="backend.tests.test_iteration45_org_config.TestRegression" name="test_ativos" time="0.117" /><testcase classname="backend.tests.test_iteration45_org_config.TestRegression" name="test_ordens_servico" time="0.129" /><testcase classname="backend.tests.test_iteration45_org_config.TestRegression" name="test_inspecoes" time="0.128" /></testsuite></testsuites>