<?xml version="1.0" encoding="utf-8"?><testsuites name="pytest tests"><testsuite name="pytest" errors="0" failures="0" skipped="1" tests="7" time="1.861" timestamp="2026-07-03T17:49:52.009686+00:00" hostname="agent-env-478547b6-fd20-49d2-ac3b-a3f74c3e9f49"><testcase classname="backend.tests.test_sprint58_hh_manual.TestHHManualHoras" name="test_hh_manual_with_horas" time="0.643" /><testcase classname="backend.tests.test_sprint58_hh_manual.TestHHManualHoras" name="test_hh_manual_with_data_inicio_fim" time="0.108" /><testcase classname="backend.tests.test_sprint58_hh_manual.TestHHManualHoras" name="test_hh_manual_without_horas_or_dates_returns_400" time="0.110" /><testcase classname="backend.tests.test_sprint58_hh_manual.TestHHManualHoras" name="test_hh_manual_persists_registros" time="0.212" /><testcase classname="backend.tests.test_sprint58_hh_manual.TestHHManualHoras" name="test_hh_manual_updates_resumo" time="0.112" /><testcase classname="backend.tests.test_sprint58_hh_manual.TestOrgConfigModoHH" name="test_workflow_modo_hh_exists" time="0.507"><skipped type="pytest.skip" message="org-config endpoint not found under /api/org-config">/app/backend/tests/test_sprint58_hh_manual.py:122: org-config endpoint not found under /api/org-config</skipped></testcase><testcase classname="backend.tests.test_sprint58_hh_manual.TestOSStatusTransitions" name="test_get_os_detail" time="0.107" /></testsuite></testsuites>