<?xml version="1.0" encoding="utf-8"?><testsuites name="pytest tests"><testsuite name="pytest" errors="0" failures="0" skipped="0" tests="7" time="0.983" timestamp="2026-07-03T00:05:52.009066+00:00" hostname="agent-env-478547b6-fd20-49d2-ac3b-a3f74c3e9f49"><testcase classname="backend.tests.test_iteration64_whitelabel_retest.TestPublicOrgs" name="test_public_organizations_returns_astec_cedro" time="0.160" /><testcase classname="backend.tests.test_iteration64_whitelabel_retest.TestPublicOrgs" name="test_public_organizations_has_required_fields" time="0.042" /><testcase classname="backend.tests.test_iteration64_whitelabel_retest.TestPublicBranding" name="test_branding_by_org_id" time="0.314" /><testcase classname="backend.tests.test_iteration64_whitelabel_retest.TestPublicBranding" name="test_branding_fallback_unknown_identifier" time="0.045" /><testcase classname="backend.tests.test_iteration64_whitelabel_retest.TestOrgConfigTemaWhitelist" name="test_put_tema_accepts_extended_colors" time="0.046" /><testcase classname="backend.tests.test_iteration64_whitelabel_retest.TestOrgConfigTemaWhitelist" name="test_get_org_config_persists_extended_colors" time="0.048" /><testcase classname="backend.tests.test_iteration64_whitelabel_retest.TestLogin" name="test_login_master_maintrix" time="0.269" /></testsuite></testsuites>