<?xml version="1.0" encoding="utf-8"?><testsuites name="pytest tests"><testsuite name="pytest" errors="0" failures="0" skipped="0" tests="12" time="2.584" timestamp="2026-07-04T18:54:14.588828+00:00" hostname="agent-env-478547b6-fd20-49d2-ac3b-a3f74c3e9f49"><testcase classname="backend.tests.test_anomalia_removal.TestAnomaliaEndpointsRemoved" name="test_get_anomalias_returns_404" time="0.462" /><testcase classname="backend.tests.test_anomalia_removal.TestAnomaliaEndpointsRemoved" name="test_post_anomalias_returns_404" time="0.097" /><testcase classname="backend.tests.test_anomalia_removal.TestAnomaliaEndpointsRemoved" name="test_get_anomalia_by_id_returns_404" time="0.098" /><testcase classname="backend.tests.test_anomalia_removal.TestRoleLabels" name="test_tec_mec_role_label" time="0.435" /><testcase classname="backend.tests.test_anomalia_removal.TestRoleLabels" name="test_gerente_role" time="0.429" /><testcase classname="backend.tests.test_anomalia_removal.TestRoleLabels" name="test_tec_mec_no_anomalia_permissions" time="0.102" /><testcase classname="backend.tests.test_anomalia_removal.TestRoleLabels" name="test_master_no_anomalia_permissions" time="0.103" /><testcase classname="backend.tests.test_anomalia_removal.TestCoreEndpoints" name="test_master_dashboard" time="0.106" /><testcase classname="backend.tests.test_anomalia_removal.TestCoreEndpoints" name="test_master_ordens_servico" time="0.118" /><testcase classname="backend.tests.test_anomalia_removal.TestCoreEndpoints" name="test_master_ativos" time="0.101" /><testcase classname="backend.tests.test_anomalia_removal.TestCoreEndpoints" name="test_master_inspecoes" time="0.145" /><testcase classname="backend.tests.test_anomalia_removal.TestCoreEndpoints" name="test_operador_can_login" time="0.330" /></testsuite></testsuites>