<?xml version="1.0" encoding="utf-8"?><testsuites name="pytest tests"><testsuite name="pytest" errors="0" failures="0" skipped="0" tests="53" time="101.432" timestamp="2026-07-17T20:29:34.342221+00:00" hostname="agent-env-478547b6-fd20-49d2-ac3b-a3f74c3e9f49"><testcase classname="tests.test_rc41.TestAuth" name="test_login_all_roles" time="2.791" /><testcase classname="tests.test_rc41.TestAuth" name="test_login_wrong_password" time="0.503" /><testcase classname="tests.test_rc41.TestAuth" name="test_login_auto_resolve" time="0.755" /><testcase classname="tests.test_rc41.TestAuth" name="test_login_master_requires_org" time="0.279" /><testcase classname="tests.test_rc41.TestAuth" name="test_lookup_email" time="0.387" /><testcase classname="tests.test_rc41.TestAuth" name="test_auth_me" time="0.890" /><testcase classname="tests.test_rc41.TestStateMachine" name="test_direct_execution" time="4.743" /><testcase classname="tests.test_rc41.TestStateMachine" name="test_programada_to_em_execucao" time="3.527" /><testcase classname="tests.test_rc41.TestStateMachine" name="test_invalid_transition" time="2.192" /><testcase classname="tests.test_rc41.TestStateMachine" name="test_get_transitions" time="2.243" /><testcase classname="tests.test_rc41.TestStateMachine" name="test_full_lifecycle_direct" time="6.125" /><testcase classname="tests.test_rc41.TestStateMachine" name="test_full_lifecycle_long" time="4.824" /><testcase classname="tests.test_rc41.TestStateMachine" name="test_foto_obrigatoria_corretiva" time="2.504" /><testcase classname="tests.test_rc41.TestStateMachine" name="test_concluir_sem_descricao" time="2.493" /><testcase classname="tests.test_rc41.TestStateMachine" name="test_terminal_state_no_transition" time="2.974" /><testcase classname="tests.test_rc41.TestStateMachine" name="test_audit_trail" time="3.075" /><testcase classname="tests.test_rc41.TestStateMachine" name="test_error_message_consistency" time="2.215" /><testcase classname="tests.test_rc41.TestDashboard" name="test_dashboard_stats" time="2.573" /><testcase classname="tests.test_rc41.TestDashboard" name="test_dashboard_executivo" time="2.441" /><testcase classname="tests.test_rc41.TestDashboard" name="test_indicadores" time="1.818" /><testcase classname="tests.test_rc41.TestDashboard" name="test_minha_area" time="0.987" /><testcase classname="tests.test_rc41.TestDossier" name="test_dossier" time="2.287" /><testcase classname="tests.test_rc41.TestPerformance" name="test_health_fast" time="0.324" /><testcase classname="tests.test_rc41.TestPerformance" name="test_dashboard_fast" time="2.293" /><testcase classname="tests.test_rc41.TestRBAC" name="test_unauthenticated_rejected" time="0.178" /><testcase classname="tests.test_rc41.TestRBAC" name="test_system_status_admin" time="0.664" /><testcase classname="tests.test_rc41.TestRBAC" name="test_system_status_tecnico_denied" time="0.263" /><testcase classname="tests.test_rc41.TestRBAC" name="test_tecnico_cannot_approve" time="2.333" /><testcase classname="tests.test_rc41.TestRBAC" name="test_tecnico_can_execute" time="3.487" /><testcase classname="tests.test_rc41.TestRBAC" name="test_pcm_can_plan" time="2.686" /><testcase classname="tests.test_rc41.TestRBAC" name="test_tecnico_cannot_cancel" time="2.455" /><testcase classname="tests.test_rc41.TestExports" name="test_os_individual_pdf" time="3.059" /><testcase classname="tests.test_rc41.TestExports" name="test_os_batch_pdf" time="2.533" /><testcase classname="tests.test_rc41.TestExports" name="test_batch_pdf_rbac_tecnico_denied" time="0.309" /><testcase classname="tests.test_rc41.TestExports" name="test_batch_pdf_rbac_pcm_allowed" time="2.644" /><testcase classname="tests.test_rc41.TestExports" name="test_export_os_excel" time="1.431" /><testcase classname="tests.test_rc41.TestExports" name="test_export_ativos_excel" time="0.701" /><testcase classname="tests.test_rc41.TestExports" name="test_export_inspecoes_excel" time="0.582" /><testcase classname="tests.test_rc41.TestExports" name="test_export_preventivas_excel" time="0.694" /><testcase classname="tests.test_rc41.TestExports" name="test_export_preventivas_pdf" time="0.752" /><testcase classname="tests.test_rc41.TestExports" name="test_qr_code_in_os_pdf" time="2.685" /><testcase classname="tests.test_rc41.TestDocConfig" name="test_get_doc_config" time="0.441" /><testcase classname="tests.test_rc41.TestDocConfig" name="test_update_doc_config" time="0.428" /><testcase classname="tests.test_rc41.TestDocConfig" name="test_doc_config_rbac_tecnico_blocked" time="0.287" /><testcase classname="tests.test_rc41.TestDocConfig" name="test_doc_config_pcm_allowed" time="0.408" /><testcase classname="tests.test_rc41.TestDocConfig" name="test_procedimento_crud" time="2.547" /><testcase classname="tests.test_rc41.TestDocConfig" name="test_seguranca_crud" time="1.629" /><testcase classname="tests.test_rc41.TestDocConfig" name="test_os_with_procedure_and_safety" time="3.006" /><testcase classname="tests.test_rc41.TestDocConfig" name="test_pdf_digital_mode" time="2.901" /><testcase classname="tests.test_rc41.TestDocConfig" name="test_pdf_manual_mode" time="3.124" /><testcase classname="tests.test_rc41.TestDocConfig" name="test_inspection_pdf_digital" time="0.402" /><testcase classname="tests.test_rc41.TestDocConfig" name="test_inspection_pdf_manual" time="0.448" /><testcase classname="tests.test_rc41.TestDocConfig" name="test_old_os_pdf_fallback" time="2.991" /></testsuite></testsuites>