<?xml version="1.0" encoding="utf-8"?><testsuites name="pytest tests"><testsuite name="pytest" errors="0" failures="0" skipped="0" tests="11" time="7.481" timestamp="2026-07-01T17:25:09.785147+00:00" hostname="agent-env-478547b6-fd20-49d2-ac3b-a3f74c3e9f49"><testcase classname="backend.tests.test_iteration51_planos_execucao" name="test_1_plan_defaults_to_rascunho" time="1.410" /><testcase classname="backend.tests.test_iteration51_planos_execucao" name="test_2_inspecao_rejects_rascunho_plan" time="0.304" /><testcase classname="backend.tests.test_iteration51_planos_execucao" name="test_3_aprovar_transitions_to_aprovado" time="0.443" /><testcase classname="backend.tests.test_iteration51_planos_execucao" name="test_4_inspecao_from_approved_plan_copies_checklist" time="0.577" /><testcase classname="backend.tests.test_iteration51_planos_execucao" name="test_5_execution_preserves_plano_metadata" time="0.434" /><testcase classname="backend.tests.test_iteration51_planos_execucao" name="test_6a_plan_with_5_questions_creates_5_items" time="0.434" /><testcase classname="backend.tests.test_iteration51_planos_execucao" name="test_6b_plan_with_100_questions_creates_100_items" time="0.440" /><testcase classname="backend.tests.test_iteration51_planos_execucao" name="test_7_inspecao_without_plano_id_returns_422" time="0.137" /><testcase classname="backend.tests.test_iteration51_planos_execucao" name="test_8_por_ativo_returns_only_aprovado" time="0.565" /><testcase classname="backend.tests.test_iteration51_planos_execucao" name="test_9_aprovar_plan_without_perguntas_returns_400" time="0.279" /><testcase classname="backend.tests.test_iteration51_planos_execucao" name="test_10_ronda_mode_auto_concludes" time="2.391" /></testsuite></testsuites>