<?xml version="1.0" encoding="utf-8"?><testsuites name="pytest tests"><testsuite name="pytest" errors="0" failures="1" skipped="0" tests="28" time="5.598" timestamp="2026-06-25T16:02:27.880667+00:00" hostname="agent-env-478547b6-fd20-49d2-ac3b-a3f74c3e9f49"><testcase classname="tests.test_iteration44_events_hh.TestHHRegistros" name="test_hh_iniciar_creates_records" time="0.750" /><testcase classname="tests.test_iteration44_events_hh.TestHHRegistros" name="test_hh_invalid_sequence_pausar_without_iniciar_fresh_os" time="0.000" /><testcase classname="tests.test_iteration44_events_hh.TestHHRegistros" name="test_hh_sequence_full" time="0.646" /><testcase classname="tests.test_iteration44_events_hh.TestHHRegistros" name="test_hh_invalid_transition" time="0.159" /><testcase classname="tests.test_iteration44_events_hh.TestHHRegistros" name="test_hh_list_chronological" time="0.152" /><testcase classname="tests.test_iteration44_events_hh.TestHHRegistros" name="test_hh_resumo" time="0.126" /><testcase classname="tests.test_iteration44_events_hh.TestOSEventos" name="test_eventos_listing" time="0.106" /><testcase classname="tests.test_iteration44_events_hh.TestExecutantes" name="test_add_executante" time="0.371" /><testcase classname="tests.test_iteration44_events_hh.TestExecutantes" name="test_duplicate_executante_400" time="0.116" /><testcase classname="tests.test_iteration44_events_hh.TestExecutantes" name="test_list_executantes" time="0.115" /><testcase classname="tests.test_iteration44_events_hh.TestExecutantes" name="test_equipe_array_updated" time="0.107" /><testcase classname="tests.test_iteration44_events_hh.TestExecutantes" name="test_soft_delete_executante" time="0.252" /><testcase classname="tests.test_iteration44_events_hh.TestExecutantes" name="test_delete_nonexistent_executante_404" time="0.116" /><testcase classname="tests.test_iteration44_events_hh.TestExecutantes" name="test_readd_after_soft_delete" time="0.115"><failure message="AssertionError: 500 on re-add after soft-delete: Internal Server Error&#10;assert 500 != 500&#10; +  where 500 = &lt;Response [500]&gt;.status_code">E   AssertionError: 500 on re-add after soft-delete: Internal Server Error
    assert 500 != 500
     +  where 500 = &lt;Response [500]&gt;.status_code</failure></testcase><testcase classname="tests.test_iteration44_events_hh.TestMetrics" name="test_user_metrics_hoje" time="0.107" /><testcase classname="tests.test_iteration44_events_hh.TestMetrics" name="test_user_metrics_mes" time="0.117" /><testcase classname="tests.test_iteration44_events_hh.TestMetrics" name="test_team_metrics_semana" time="0.108" /><testcase classname="tests.test_iteration44_events_hh.TestMetrics" name="test_team_metrics_mes" time="0.116" /><testcase classname="tests.test_iteration44_events_hh.TestMetrics" name="test_rebuild_admin_can" time="0.128" /><testcase classname="tests.test_iteration44_events_hh.TestMetrics" name="test_rebuild_tecnico_forbidden" time="0.427" /><testcase classname="tests.test_iteration44_events_hh.TestMetrics" name="test_rebuild_for_specific_user" time="0.119" /><testcase classname="tests.test_iteration44_events_hh.TestIndexes" name="test_36_indexes_exist" time="0.179" /><testcase classname="tests.test_iteration44_events_hh.TestRegression" name="test_dashboard" time="0.118" /><testcase classname="tests.test_iteration44_events_hh.TestRegression" name="test_ativos" time="0.120" /><testcase classname="tests.test_iteration44_events_hh.TestRegression" name="test_os_list" time="0.139" /><testcase classname="tests.test_iteration44_events_hh.TestRegression" name="test_inspecoes" time="0.119" /><testcase classname="tests.test_iteration44_events_hh.TestRegression" name="test_login_master" time="0.266" /><testcase classname="tests.test_iteration44_events_hh.TestRegression" name="test_login_tecnico" time="0.312" /></testsuite></testsuites>