<?xml version="1.0" encoding="utf-8"?><testsuites name="pytest tests"><testsuite name="pytest" errors="0" failures="0" skipped="0" tests="20" time="2.240" timestamp="2026-06-27T16:47:28.823609+00:00" hostname="agent-env-478547b6-fd20-49d2-ac3b-a3f74c3e9f49"><testcase classname="backend.tests.test_iteration47_planos_per_ativo.TestPlanosInspecaoCRUD" name="test_01_create_plano_inspecao" time="0.713" /><testcase classname="backend.tests.test_iteration47_planos_per_ativo.TestPlanosInspecaoCRUD" name="test_02_create_plano_lubrificacao" time="0.046" /><testcase classname="backend.tests.test_iteration47_planos_per_ativo.TestPlanosInspecaoCRUD" name="test_03_list_planos_filter_by_ativo" time="0.045" /><testcase classname="backend.tests.test_iteration47_planos_per_ativo.TestPlanosInspecaoCRUD" name="test_04_planos_por_ativo" time="0.050" /><testcase classname="backend.tests.test_iteration47_planos_per_ativo.TestPlanosInspecaoCRUD" name="test_05_resolver_plano_inspecao" time="0.049" /><testcase classname="backend.tests.test_iteration47_planos_per_ativo.TestPlanosInspecaoCRUD" name="test_06_resolver_plano_lubrificacao" time="0.046" /><testcase classname="backend.tests.test_iteration47_planos_per_ativo.TestPlanosInspecaoCRUD" name="test_07_categorias_disponiveis" time="0.048" /><testcase classname="backend.tests.test_iteration47_planos_per_ativo.TestPlanosInspecaoCRUD" name="test_08_update_plano" time="0.047" /><testcase classname="backend.tests.test_iteration47_planos_per_ativo.TestInspecaoAutoLoad" name="test_01_create_inspecao_loads_plan_checklist" time="0.052" /><testcase classname="backend.tests.test_iteration47_planos_per_ativo.TestInspecaoAutoLoad" name="test_02_create_inspecao_backward_compat_mecanica" time="0.047" /><testcase classname="backend.tests.test_iteration47_planos_per_ativo.TestInspecaoAutoLoad" name="test_03_create_inspecao_sem_plano_uses_default" time="0.164" /><testcase classname="backend.tests.test_iteration47_planos_per_ativo.TestInspecaoAutoLoad" name="test_04_get_inspecao_persists_plano_fields" time="0.050" /><testcase classname="backend.tests.test_iteration47_planos_per_ativo.TestPlanoCleanup" name="test_01_delete_plano_soft_deletes" time="0.092" /><testcase classname="backend.tests.test_iteration47_planos_per_ativo.TestPlanoCleanup" name="test_02_deleted_plano_not_in_list" time="0.051" /><testcase classname="backend.tests.test_iteration47_planos_per_ativo.TestPlanoCleanup" name="test_03_resolver_returns_none_after_delete" time="0.085" /><testcase classname="backend.tests.test_iteration47_planos_per_ativo.TestRegressionSmoke" name="test_login_admin" time="0.281" /><testcase classname="backend.tests.test_iteration47_planos_per_ativo.TestRegressionSmoke" name="test_dashboard_kpis" time="0.150" /><testcase classname="backend.tests.test_iteration47_planos_per_ativo.TestRegressionSmoke" name="test_ordens_servico" time="0.047" /><testcase classname="backend.tests.test_iteration47_planos_per_ativo.TestRegressionSmoke" name="test_ativos" time="0.050" /><testcase classname="backend.tests.test_iteration47_planos_per_ativo.TestRegressionSmoke" name="test_metricas_equipe" time="0.046" /></testsuite></testsuites>