<?xml version="1.0" encoding="utf-8"?><testsuites name="pytest tests"><testsuite name="pytest" errors="0" failures="0" skipped="0" tests="48" time="84.383" timestamp="2026-07-20T13:06:33.019106+00:00" hostname="agent-env-478547b6-fd20-49d2-ac3b-a3f74c3e9f49"><testcase classname="backend.tests.test_iteration112_r3_qa.TestMasterLoginPanel" name="test_master_login_returns_token_and_role" time="28.960" /><testcase classname="backend.tests.test_iteration112_r3_qa.TestMasterLoginPanel" name="test_master_list_organizations" time="2.011" /><testcase classname="backend.tests.test_iteration112_r3_qa.TestMasterLoginPanel" name="test_admin_cannot_access_master_organizations" time="1.037" /><testcase classname="backend.tests.test_iteration112_r3_qa.TestMasterLoginPanel" name="test_pcm_cannot_access_master_organizations" time="1.019" /><testcase classname="backend.tests.test_iteration112_r3_qa.TestMasterLoginPanel" name="test_tecnico_cannot_access_master_organizations" time="0.993" /><testcase classname="backend.tests.test_iteration112_r3_qa.TestMasterLoginPanel" name="test_master_get_org_config_by_id" time="0.402" /><testcase classname="backend.tests.test_iteration112_r3_qa.TestMasterLoginPanel" name="test_master_get_org_config_nonexistent_returns_404" time="0.522" /><testcase classname="backend.tests.test_iteration112_r3_qa.TestMasterLoginPanel" name="test_master_org_config_update_and_restore" time="2.419" /><testcase classname="backend.tests.test_iteration112_r3_qa.TestUploads" name="test_upload_pdf_ok" time="0.413" /><testcase classname="backend.tests.test_iteration112_r3_qa.TestUploads" name="test_upload_png_ok" time="0.482" /><testcase classname="backend.tests.test_iteration112_r3_qa.TestUploads" name="test_upload_jpg_ok" time="0.382" /><testcase classname="backend.tests.test_iteration112_r3_qa.TestUploads" name="test_upload_disallowed_extension" time="0.244" /><testcase classname="backend.tests.test_iteration112_r3_qa.TestUploads" name="test_upload_requires_auth" time="0.110" /><testcase classname="backend.tests.test_iteration112_r3_qa.TestUploads" name="test_download_uploaded_file" time="0.687" /><testcase classname="backend.tests.test_iteration112_r3_qa.TestUploads" name="test_expected_ativos_documentos_endpoint_missing" time="0.774" /><testcase classname="backend.tests.test_iteration112_r3_qa.TestUploads" name="test_expected_os_anexos_endpoint_missing" time="1.083" /><testcase classname="backend.tests.test_iteration112_r3_qa.TestOSStatusTransitions" name="test_os_initial_status" time="1.772" /><testcase classname="backend.tests.test_iteration112_r3_qa.TestOSStatusTransitions" name="test_get_transitions_endpoint" time="2.172" /><testcase classname="backend.tests.test_iteration112_r3_qa.TestOSStatusTransitions" name="test_valid_transition_via_patch" time="2.875" /><testcase classname="backend.tests.test_iteration112_r3_qa.TestOSStatusTransitions" name="test_invalid_transition_returns_400" time="2.192" /><testcase classname="backend.tests.test_iteration112_r3_qa.TestOSStatusTransitions" name="test_historico_records_transitions" time="2.821" /><testcase classname="backend.tests.test_iteration112_r3_qa.TestOSStatusTransitions" name="test_full_lifecycle_via_endpoints" time="4.549" /><testcase classname="backend.tests.test_iteration112_r3_qa.TestRBACOrdering" name="test_operator_gets_403_before_422" time="1.012" /><testcase classname="backend.tests.test_iteration112_r3_qa.TestRBACOrdering" name="test_tecnico_gets_403_before_422" time="0.240" /><testcase classname="backend.tests.test_iteration112_r3_qa.TestRBACOrdering" name="test_admin_with_invalid_payload_gets_422" time="0.241" /><testcase classname="backend.tests.test_iteration112_r3_qa.TestRBACOrdering" name="test_no_token_gets_401_or_403" time="0.112" /><testcase classname="backend.tests.test_iteration112_r3_qa.TestWhiteLabel" name="test_full_branding_cycle" time="5.336" /><testcase classname="backend.tests.test_iteration112_r3_qa.TestWhiteLabel" name="test_tecnico_cannot_update_branding" time="0.253" /><testcase classname="backend.tests.test_iteration112_r3_qa.TestWhiteLabel" name="test_operador_cannot_update_branding" time="0.242" /><testcase classname="backend.tests.test_iteration112_r3_qa.TestDirectURLAccess" name="test_tecnico_denied_admin_users" time="0.235" /><testcase classname="backend.tests.test_iteration112_r3_qa.TestDirectURLAccess" name="test_operador_denied_admin_audit_logs" time="0.250" /><testcase classname="backend.tests.test_iteration112_r3_qa.TestDirectURLAccess" name="test_supervisor_denied_admin_users" time="1.022" /><testcase classname="backend.tests.test_iteration112_r3_qa.TestDirectURLAccess" name="test_pcm_denied_admin_users" time="0.239" /><testcase classname="backend.tests.test_iteration112_r3_qa.TestDirectURLAccess" name="test_tecnico_denied_put_branding" time="0.244" /><testcase classname="backend.tests.test_iteration112_r3_qa.TestDirectURLAccess" name="test_no_auth_admin_users" time="0.111" /><testcase classname="backend.tests.test_iteration112_r3_qa.TestCrossOrgIsolation" name="test_all_ativos_belong_to_admin_org" time="0.663" /><testcase classname="backend.tests.test_iteration112_r3_qa.TestCrossOrgIsolation" name="test_all_os_belong_to_admin_org" time="0.972" /><testcase classname="backend.tests.test_iteration112_r3_qa.TestComplianceRegression" name="test_privacy[1]" time="0.112" /><testcase classname="backend.tests.test_iteration112_r3_qa.TestComplianceRegression" name="test_privacy[2]" time="0.099" /><testcase classname="backend.tests.test_iteration112_r3_qa.TestComplianceRegression" name="test_privacy[3]" time="0.098" /><testcase classname="backend.tests.test_iteration112_r3_qa.TestComplianceRegression" name="test_terms[1]" time="0.095" /><testcase classname="backend.tests.test_iteration112_r3_qa.TestComplianceRegression" name="test_terms[2]" time="0.100" /><testcase classname="backend.tests.test_iteration112_r3_qa.TestComplianceRegression" name="test_terms[3]" time="0.101" /><testcase classname="backend.tests.test_iteration112_r3_qa.TestPDFRegression" name="test_os_pdf_x3" time="5.221" /><testcase classname="backend.tests.test_iteration112_r3_qa.TestProcedimentosRegression" name="test_procedimentos_cycle_x3" time="5.620" /><testcase classname="backend.tests.test_iteration112_r3_qa.TestMasterPanelDetailed" name="test_all_master_endpoints_accessible_by_master" time="2.776" /><testcase classname="backend.tests.test_iteration112_r3_qa.TestMasterPanelDetailed" name="test_master_create_organization_and_isolation" time="0.692" /><testcase classname="backend.tests.test_iteration112_r3_qa.TestMasterPanelDetailed" name="test_admin_cannot_create_organization" time="0.240" /></testsuite></testsuites>