<?xml version="1.0" encoding="utf-8"?><testsuites name="pytest tests"><testsuite name="pytest" errors="0" failures="1" skipped="0" tests="9" time="23.194" timestamp="2026-07-22T15:50:55.343489+00:00" hostname="agent-env-478547b6-fd20-49d2-ac3b-a3f74c3e9f49"><testcase classname="backend.tests.test_iteration121_wallpaper_fase4.TestPublicBranding" name="test_public_branding_returns_wallpaper_fields" time="17.448" /><testcase classname="backend.tests.test_iteration121_wallpaper_fase4.TestPublicBranding" name="test_public_branding_shape_no_500" time="0.249" /><testcase classname="backend.tests.test_iteration121_wallpaper_fase4.TestMasterConfigWallpaperPersistence" name="test_master_login_ok" time="0.602" /><testcase classname="backend.tests.test_iteration121_wallpaper_fase4.TestMasterConfigWallpaperPersistence" name="test_get_current_config" time="0.366" /><testcase classname="backend.tests.test_iteration121_wallpaper_fase4.TestMasterConfigWallpaperPersistence" name="test_put_wallpaper_settings_persist" time="1.172"><failure message="AssertionError: wallpaper_aplicacao NOT persisted (got None)&#10;assert None == 'sistema_inteiro'&#10; +  where None = &lt;built-in method get of dict object at 0xfde478ae1200&gt;('wallpaper_aplicacao')&#10; +    where &lt;built-in method get of dict object at 0xfde478ae1200&gt; = {'favicon_url': '/api/storage/maintrix/org_assets/9a232bf2-fc01-4253-813f-8df356be31c1/6da5a165.png', 'logo_branca_url': '/api/storage/maintrix/org_assets/9a232bf2-fc01-4253-813f-8df356be31c1/35596bd7.jpg', 'logo_url': '/api/storage/maintrix/org_assets/9a232bf2-fc01-4253-813f-8df356be31c1/385108ad.jpg', 'mostrar_powered_by': True, ...}.get">backend/tests/test_iteration121_wallpaper_fase4.py:115: in test_put_wallpaper_settings_persist
    assert ident.get("wallpaper_aplicacao") == "sistema_inteiro", \
E   AssertionError: wallpaper_aplicacao NOT persisted (got None)
E   assert None == 'sistema_inteiro'
E    +  where None = &lt;built-in method get of dict object at 0xfde478ae1200&gt;('wallpaper_aplicacao')
E    +    where &lt;built-in method get of dict object at 0xfde478ae1200&gt; = {'favicon_url': '/api/storage/maintrix/org_assets/9a232bf2-fc01-4253-813f-8df356be31c1/6da5a165.png', 'logo_branca_url': '/api/storage/maintrix/org_assets/9a232bf2-fc01-4253-813f-8df356be31c1/35596bd7.jpg', 'logo_url': '/api/storage/maintrix/org_assets/9a232bf2-fc01-4253-813f-8df356be31c1/385108ad.jpg', 'mostrar_powered_by': True, ...}.get</failure></testcase><testcase classname="backend.tests.test_iteration121_wallpaper_fase4.TestMasterConfigWallpaperPersistence" name="test_put_reset_to_defaults" time="0.800" /><testcase classname="backend.tests.test_iteration121_wallpaper_fase4.TestRegressions" name="test_public_dossier_still_ok" time="0.217" /><testcase classname="backend.tests.test_iteration121_wallpaper_fase4.TestRegressions" name="test_admin_login_works" time="0.709" /><testcase classname="backend.tests.test_iteration121_wallpaper_fase4.TestRegressions" name="test_public_qr_route_present" time="1.549" /></testsuite></testsuites>