<?xml version="1.0" encoding="utf-8"?><testsuites name="pytest tests"><testsuite name="pytest" errors="0" failures="0" skipped="1" tests="16" time="36.302" timestamp="2026-07-23T08:23:00.834956+00:00" hostname="agent-env-478547b6-fd20-49d2-ac3b-a3f74c3e9f49"><testcase classname="backend.tests.test_iteration127_estoque_import.TestTemplate" name="test_template_returns_xlsx" time="19.649" /><testcase classname="backend.tests.test_iteration127_estoque_import.TestTemplate" name="test_template_requires_auth" time="0.100" /><testcase classname="backend.tests.test_iteration127_estoque_import.TestValidate" name="test_validate_valid_file" time="0.422" /><testcase classname="backend.tests.test_iteration127_estoque_import.TestValidate" name="test_validate_rejects_non_xlsx" time="0.242" /><testcase classname="backend.tests.test_iteration127_estoque_import.TestValidate" name="test_validate_duplicates_in_sheet" time="0.390" /><testcase classname="backend.tests.test_iteration127_estoque_import.TestValidate" name="test_validate_invalid_row_missing_required" time="0.432" /><testcase classname="backend.tests.test_iteration127_estoque_import.TestValidate" name="test_validate_existing_items" time="0.399" /><testcase classname="backend.tests.test_iteration127_estoque_import.TestConfirm" name="test_confirm_imports_and_persists" time="3.099" /><testcase classname="backend.tests.test_iteration127_estoque_import.TestConfirm" name="test_confirm_no_duplicate_on_reimport" time="2.695" /><testcase classname="backend.tests.test_iteration127_estoque_import.TestIndicadores" name="test_indicadores_structure" time="0.529" /><testcase classname="backend.tests.test_iteration127_estoque_import.TestIndicadores" name="test_indicadores_valor_only_from_conferidos" time="3.416" /><testcase classname="backend.tests.test_iteration127_estoque_import.TestPermissions" name="test_pcm_can_validate" time="1.154" /><testcase classname="backend.tests.test_iteration127_estoque_import.TestPermissions" name="test_no_auth_denied" time="0.106" /><testcase classname="backend.tests.test_iteration127_estoque_import.TestPermissions" name="test_tecnico_denied_if_exists" time="0.000"><skipped type="pytest.skip" message="Sem usuário tecnico/operador de teste — contexto informa que não existe">/app/backend/tests/test_iteration127_estoque_import.py:279: Sem usuário tecnico/operador de teste — contexto informa que não existe</skipped></testcase><testcase classname="backend.tests.test_iteration127_estoque_import.TestEstoqueRegression" name="test_list_estoque" time="0.382" /><testcase classname="backend.tests.test_iteration127_estoque_import.TestEstoqueRegression" name="test_create_manual_and_update" time="2.999" /></testsuite></testsuites>