<?xml version="1.0" encoding="utf-8"?><testsuites name="pytest tests"><testsuite name="pytest" errors="0" failures="1" skipped="0" tests="12" time="3.028" timestamp="2026-07-11T12:46:57.221311+00:00" hostname="agent-env-478547b6-fd20-49d2-ac3b-a3f74c3e9f49"><testcase classname="backend.tests.test_iteration97_compliance.TestAbout" name="test_about_endpoint" time="0.536" /><testcase classname="backend.tests.test_iteration97_compliance.TestLegalDocs" name="test_terms_document" time="0.164" /><testcase classname="backend.tests.test_iteration97_compliance.TestLegalDocs" name="test_privacy_document" time="0.133" /><testcase classname="backend.tests.test_iteration97_compliance.TestComplianceStatus" name="test_status_master_accepted" time="0.097" /><testcase classname="backend.tests.test_iteration97_compliance.TestComplianceStatus" name="test_status_admin_accepted" time="0.454" /><testcase classname="backend.tests.test_iteration97_compliance.TestComplianceStatus" name="test_status_requires_auth" time="0.098" /><testcase classname="backend.tests.test_iteration97_compliance.TestComplianceAcceptFlow" name="test_tec_status_and_accept" time="0.678" /><testcase classname="backend.tests.test_iteration97_compliance.TestComplianceAcceptFlow" name="test_tec_history" time="0.232" /><testcase classname="backend.tests.test_iteration97_compliance.TestComplianceAcceptFlow" name="test_second_accept_idempotent_or_records_new" time="0.199" /><testcase classname="backend.tests.test_iteration97_compliance.TestRegression" name="test_dashboard_endpoint" time="0.106"><failure message="AssertionError: Dashboard KPIs failed: 404 {&quot;detail&quot;:&quot;Not Found&quot;}&#10;assert 404 == 200&#10; +  where 404 = &lt;Response [404]&gt;.status_code">backend/tests/test_iteration97_compliance.py:163: in test_dashboard_endpoint
    assert r.status_code == 200, f"Dashboard KPIs failed: {r.status_code} {r.text[:200]}"
E   AssertionError: Dashboard KPIs failed: 404 {"detail":"Not Found"}
E   assert 404 == 200
E    +  where 404 = &lt;Response [404]&gt;.status_code</failure></testcase><testcase classname="backend.tests.test_iteration97_compliance.TestRegression" name="test_ativos_list" time="0.113" /><testcase classname="backend.tests.test_iteration97_compliance.TestRegression" name="test_os_list" time="0.121" /></testsuite></testsuites>