<?xml version="1.0" encoding="utf-8"?><testsuites name="pytest tests"><testsuite name="pytest" errors="0" failures="0" skipped="0" tests="10" time="5.948" timestamp="2026-07-06T21:03:01.097816+00:00" hostname="agent-env-478547b6-fd20-49d2-ac3b-a3f74c3e9f49"><testcase classname="backend.tests.test_rbac_audit_rc03.TestP1_07_AdminGetUser" name="test_master_get_user_by_id_returns_200" time="0.633" /><testcase classname="backend.tests.test_rbac_audit_rc03.TestP1_07_AdminGetUser" name="test_master_get_user_nonexistent_returns_404" time="0.453" /><testcase classname="backend.tests.test_rbac_audit_rc03.TestP1_07_AdminGetUser" name="test_non_admin_forbidden" time="0.438" /><testcase classname="backend.tests.test_rbac_audit_rc03.TestP1_06_ExportAuditFiltered" name="test_master_export_audit_excel_returns_spreadsheet" time="0.661" /><testcase classname="backend.tests.test_rbac_audit_rc03.TestP1_05_AtivosAreaFilter" name="test_operador_sees_only_area_assets_vs_master_sees_all" time="0.898" /><testcase classname="backend.tests.test_rbac_audit_rc03.TestP1_05_AtivosAreaFilter" name="test_master_still_sees_all_ativos" time="0.443" /><testcase classname="backend.tests.test_rbac_audit_rc03.TestRegressionMaster" name="test_master_dashboard_stats" time="0.454" /><testcase classname="backend.tests.test_rbac_audit_rc03.TestRegressionMaster" name="test_master_ordens_servico_list" time="0.465" /><testcase classname="backend.tests.test_rbac_audit_rc03.TestRegressionRC02" name="test_tec_mec_can_create_os" time="0.915" /><testcase classname="backend.tests.test_rbac_audit_rc03.TestRegressionRC02" name="test_tec_mec_central_has_vencidas" time="0.511" /></testsuite></testsuites>