<?xml version="1.0" encoding="utf-8"?><testsuites name="pytest tests"><testsuite name="pytest" errors="0" failures="0" skipped="0" tests="7" time="2.963" timestamp="2026-07-06T22:33:10.672500+00:00" hostname="agent-env-478547b6-fd20-49d2-ac3b-a3f74c3e9f49"><testcase classname="backend.tests.test_rc07_viewer.TestViewerReadAccess" name="test_viewer_can_list_ativos" time="1.790" /><testcase classname="backend.tests.test_rc07_viewer.TestViewerBlockedWrites" name="test_post_ordens_servico_forbidden" time="0.115" /><testcase classname="backend.tests.test_rc07_viewer.TestViewerBlockedWrites" name="test_post_ativos_forbidden" time="0.233" /><testcase classname="backend.tests.test_rc07_viewer.TestViewerBlockedWrites" name="test_post_estoque_forbidden" time="0.098" /><testcase classname="backend.tests.test_rc07_viewer.TestViewerBlockedWrites" name="test_export_ativos_forbidden" time="0.135" /><testcase classname="backend.tests.test_rc07_viewer.TestMasterRegression" name="test_master_can_list_ativos" time="0.128" /><testcase classname="backend.tests.test_rc07_viewer.TestMasterRegression" name="test_master_can_export_ativos" time="0.403" /></testsuite></testsuites>