<?xml version="1.0" encoding="utf-8"?><testsuites name="pytest tests"><testsuite name="pytest" errors="0" failures="0" skipped="0" tests="12" time="1.303" timestamp="2026-07-09T14:11:30.227068+00:00" hostname="agent-env-478547b6-fd20-49d2-ac3b-a3f74c3e9f49"><testcase classname="backend.tests.test_iteration88_designsystem_regression" name="test_root_reachable" time="0.170" /><testcase classname="backend.tests.test_iteration88_designsystem_regression" name="test_public_organizations_list" time="0.046" /><testcase classname="backend.tests.test_iteration88_designsystem_regression" name="test_public_branding_astec" time="0.044" /><testcase classname="backend.tests.test_iteration88_designsystem_regression" name="test_login_bad_password" time="0.303" /><testcase classname="backend.tests.test_iteration88_designsystem_regression" name="test_auth_me" time="0.311" /><testcase classname="backend.tests.test_iteration88_designsystem_regression" name="test_dashboard_kpis" time="0.048" /><testcase classname="backend.tests.test_iteration88_designsystem_regression" name="test_estoque_list" time="0.044" /><testcase classname="backend.tests.test_iteration88_designsystem_regression" name="test_sobressalentes_list" time="0.048" /><testcase classname="backend.tests.test_iteration88_designsystem_regression" name="test_os_list" time="0.041" /><testcase classname="backend.tests.test_iteration88_designsystem_regression" name="test_inspecoes_list" time="0.082" /><testcase classname="backend.tests.test_iteration88_designsystem_regression" name="test_ativos_list" time="0.054" /><testcase classname="backend.tests.test_iteration88_designsystem_regression" name="test_org_config_reachable" time="0.047" /></testsuite></testsuites>