<?xml version="1.0" encoding="utf-8"?><testsuites name="pytest tests"><testsuite name="pytest" errors="0" failures="0" skipped="0" tests="16" time="2.709" timestamp="2026-07-06T22:52:12.624917+00:00" hostname="agent-env-478547b6-fd20-49d2-ac3b-a3f74c3e9f49"><testcase classname="backend.tests.test_rc08_multitenant.TestLoginOrgScope" name="test_login_correct_org" time="0.419" /><testcase classname="backend.tests.test_rc08_multitenant.TestLoginOrgScope" name="test_login_wrong_org_returns_401" time="0.048" /><testcase classname="backend.tests.test_rc08_multitenant.TestLoginOrgScope" name="test_login_without_org_backward_compat" time="0.272" /><testcase classname="backend.tests.test_rc08_multitenant.TestLoginOrgScope" name="test_login_wrong_password_401" time="0.266" /><testcase classname="backend.tests.test_rc08_multitenant.TestRegisterBlocked" name="test_register_returns_403" time="0.043" /><testcase classname="backend.tests.test_rc08_multitenant.TestRegisterBlocked" name="test_register_empty_payload_still_403" time="0.047" /><testcase classname="backend.tests.test_rc08_multitenant.TestForgotPassword" name="test_forgot_password_with_correct_org" time="0.049" /><testcase classname="backend.tests.test_rc08_multitenant.TestForgotPassword" name="test_forgot_password_with_wrong_org_generic_response" time="0.045" /><testcase classname="backend.tests.test_rc08_multitenant.TestForgotPassword" name="test_forgot_password_unknown_email_generic" time="0.044" /><testcase classname="backend.tests.test_rc08_multitenant.TestJWTClaims" name="test_jwt_contains_org_claim" time="0.266" /><testcase classname="backend.tests.test_rc08_multitenant.TestOrgScopedData" name="test_ativos_org_scoped" time="0.057" /><testcase classname="backend.tests.test_rc08_multitenant.TestOrgScopedData" name="test_ordens_servico_org_scoped" time="0.087" /><testcase classname="backend.tests.test_rc08_multitenant.TestOrgScopedData" name="test_export_ativos_is_org_scoped" time="0.228" /><testcase classname="backend.tests.test_rc08_multitenant.TestOrgScopedData" name="test_no_auth_ativos_401" time="0.046" /><testcase classname="backend.tests.test_rc08_multitenant.TestAdminCreateUser" name="test_admin_create_user_inherits_org" time="0.612" /><testcase classname="backend.tests.test_rc08_multitenant.TestPublicQR" name="test_public_ativo_returns_org_branding" time="0.097" /></testsuite></testsuites>