<?xml version="1.0" encoding="utf-8"?><testsuites name="pytest tests"><testsuite name="pytest" errors="0" failures="0" skipped="0" tests="20" time="3.175" timestamp="2026-07-02T15:11:01.493709+00:00" hostname="agent-env-478547b6-fd20-49d2-ac3b-a3f74c3e9f49"><testcase classname="backend.tests.test_iteration59_auth_audit.TestLogin" name="test_login_master_maintrix" time="0.579" /><testcase classname="backend.tests.test_iteration59_auth_audit.TestLogin" name="test_login_legacy_master" time="0.233" /><testcase classname="backend.tests.test_iteration59_auth_audit.TestLogin" name="test_login_wrong_password" time="0.598" /><testcase classname="backend.tests.test_iteration59_auth_audit.TestMe" name="test_me_returns_master" time="0.578" /><testcase classname="backend.tests.test_iteration59_auth_audit.TestMe" name="test_me_no_password_hash" time="0.196" /><testcase classname="backend.tests.test_iteration59_auth_audit.TestDiag" name="test_diag_wrong_key_403" time="0.064" /><testcase classname="backend.tests.test_iteration59_auth_audit.TestDiag" name="test_diag_no_key_403" time="0.059" /><testcase classname="backend.tests.test_iteration59_auth_audit.TestDiag" name="test_diag_correct_key_200" time="0.069" /><testcase classname="backend.tests.test_iteration59_auth_audit.TestDiag" name="test_diag_users_have_hash_format" time="0.068" /><testcase classname="backend.tests.test_iteration59_auth_audit.TestDiag" name="test_diag_master_maintrix_bcrypt" time="0.073" /><testcase classname="backend.tests.test_iteration59_auth_audit.TestDiag" name="test_diag_bootstrap_would_run_false" time="0.070" /><testcase classname="backend.tests.test_iteration59_auth_audit.TestDiag" name="test_diag_no_password_hash_leaked" time="0.065" /><testcase classname="backend.tests.test_iteration59_auth_audit.TestBootstrapCode" name="test_bootstrap_checks_master_maintrix_specifically" time="0.001" /><testcase classname="backend.tests.test_iteration59_auth_audit.TestBootstrapCode" name="test_bootstrap_reuses_existing_org_id" time="0.007" /><testcase classname="backend.tests.test_iteration59_auth_audit.TestBootstrapCode" name="test_bootstrap_creates_even_when_other_admins_exist" time="0.001" /><testcase classname="backend.tests.test_iteration59_auth_audit.TestBootstrapCode" name="test_bootstrap_uses_bcrypt_hash" time="0.000" /><testcase classname="backend.tests.test_iteration59_auth_audit.TestBootstrapCode" name="test_bootstrap_sets_force_password_change" time="0.001" /><testcase classname="backend.tests.test_iteration59_auth_audit.TestBootstrapCode" name="test_diag_endpoint_present" time="0.000" /><testcase classname="backend.tests.test_iteration59_auth_audit.TestRailway" name="test_railway_login_responds" time="0.342" /><testcase classname="backend.tests.test_iteration59_auth_audit.TestRailway" name="test_railway_diag_status" time="0.099" /></testsuite></testsuites>