<?xml version="1.0" encoding="utf-8"?><testsuites name="pytest tests"><testsuite name="pytest" errors="0" failures="1" skipped="0" tests="20" time="3.716" timestamp="2026-07-03T18:40:59.058867+00:00" hostname="agent-env-478547b6-fd20-49d2-ac3b-a3f74c3e9f49"><testcase classname="backend.tests.test_iteration72_export_branding.TestExportAtivos" name="test_excel" time="0.816" /><testcase classname="backend.tests.test_iteration72_export_branding.TestExportAtivos" name="test_pdf" time="0.204" /><testcase classname="backend.tests.test_iteration72_export_branding.TestExportOS" name="test_excel" time="0.148" /><testcase classname="backend.tests.test_iteration72_export_branding.TestExportOS" name="test_pdf" time="0.122" /><testcase classname="backend.tests.test_iteration72_export_branding.TestExportInspecoes" name="test_excel" time="0.140" /><testcase classname="backend.tests.test_iteration72_export_branding.TestExportInspecoes" name="test_pdf" time="0.145" /><testcase classname="backend.tests.test_iteration72_export_branding.TestExportEstoque" name="test_excel" time="0.130" /><testcase classname="backend.tests.test_iteration72_export_branding.TestExportEstoque" name="test_pdf" time="0.126" /><testcase classname="backend.tests.test_iteration72_export_branding.TestExportSobressalentes" name="test_excel" time="0.114" /><testcase classname="backend.tests.test_iteration72_export_branding.TestExportSobressalentes" name="test_pdf" time="0.114"><failure message="AssertionError: Sobressalentes pdf filename should NOT be hardcoded 'maintrix': sobressalentes_maintrix.pdf&#10;assert ('maintrix' not in 'sobressalen...maintrix.pdf'&#10;  &#10;  'maintrix' is contained here:&#10;    sobressalentes_maintrix.pdf&#10;  ?                ++++++++ or ('ASTEC Cedro' and 'maintrix' in 'astec cedro'))&#10; +  where 'astec cedro' = &lt;built-in method lower of str object at 0xffbaa700d070&gt;()&#10; +    where &lt;built-in method lower of str object at 0xffbaa700d070&gt; = 'ASTEC Cedro'.lower">backend/tests/test_iteration72_export_branding.py:205: in test_pdf
    assert "maintrix" not in fname.lower() or (empresa_name and "maintrix" in empresa_name.lower()), \
E   AssertionError: Sobressalentes pdf filename should NOT be hardcoded 'maintrix': sobressalentes_maintrix.pdf
E   assert ('maintrix' not in 'sobressalen...maintrix.pdf'
E     
E     'maintrix' is contained here:
E       sobressalentes_maintrix.pdf
E     ?                ++++++++ or ('ASTEC Cedro' and 'maintrix' in 'astec cedro'))
E    +  where 'astec cedro' = &lt;built-in method lower of str object at 0xffbaa700d070&gt;()
E    +    where &lt;built-in method lower of str object at 0xffbaa700d070&gt; = 'ASTEC Cedro'.lower</failure></testcase><testcase classname="backend.tests.test_iteration72_export_branding" name="test_export_smoke[excel-ativos]" time="0.169" /><testcase classname="backend.tests.test_iteration72_export_branding" name="test_export_smoke[excel-ordens-servico]" time="0.124" /><testcase classname="backend.tests.test_iteration72_export_branding" name="test_export_smoke[excel-estoque]" time="0.127" /><testcase classname="backend.tests.test_iteration72_export_branding" name="test_export_smoke[excel-inspecoes]" time="0.138" /><testcase classname="backend.tests.test_iteration72_export_branding" name="test_export_smoke[excel-sobressalentes]" time="0.109" /><testcase classname="backend.tests.test_iteration72_export_branding" name="test_export_smoke[pdf-ativos]" time="0.118" /><testcase classname="backend.tests.test_iteration72_export_branding" name="test_export_smoke[pdf-ordens-servico]" time="0.155" /><testcase classname="backend.tests.test_iteration72_export_branding" name="test_export_smoke[pdf-estoque]" time="0.109" /><testcase classname="backend.tests.test_iteration72_export_branding" name="test_export_smoke[pdf-inspecoes]" time="0.250" /><testcase classname="backend.tests.test_iteration72_export_branding" name="test_export_smoke[pdf-sobressalentes]" time="0.112" /></testsuite></testsuites>