<?xml version="1.0" encoding="utf-8"?><testsuites name="pytest tests"><testsuite name="pytest" errors="0" failures="0" skipped="0" tests="17" time="7.068" timestamp="2026-06-29T22:28:39.075202+00:00" hostname="agent-env-478547b6-fd20-49d2-ac3b-a3f74c3e9f49"><testcase classname="backend.tests.test_iteration49_visibility.TestFrontendLogin" name="test_login_page_loads" time="0.609" /><testcase classname="backend.tests.test_iteration49_visibility.TestOSVisibility" name="test_master_sees_all_5" time="0.374" /><testcase classname="backend.tests.test_iteration49_visibility.TestOSVisibility" name="test_admin_sees_all_5" time="0.567" /><testcase classname="backend.tests.test_iteration49_visibility.TestOSVisibility" name="test_pcm_sees_all_5" time="0.572" /><testcase classname="backend.tests.test_iteration49_visibility.TestOSVisibility" name="test_supervisor_mecanico_sees_only_mecanica" time="0.358" /><testcase classname="backend.tests.test_iteration49_visibility.TestOSVisibility" name="test_supervisor_eletrico_sees_only_eletrica_instr" time="0.378" /><testcase classname="backend.tests.test_iteration49_visibility.TestOSVisibility" name="test_tecnico_mecanico_sees_only_mecanica" time="0.374" /><testcase classname="backend.tests.test_iteration49_visibility.TestOSVisibility" name="test_tecnico_eletrico_sees_only_eletrica_instr" time="0.370" /><testcase classname="backend.tests.test_iteration49_visibility.TestOSVisibility" name="test_operador_never_sees_mecanica_eletrica_instr" time="0.365" /><testcase classname="backend.tests.test_iteration49_visibility.TestDashboardStats" name="test_master_stats_5_open" time="0.377" /><testcase classname="backend.tests.test_iteration49_visibility.TestDashboardStats" name="test_supervisor_mec_stats_scoped" time="0.366" /><testcase classname="backend.tests.test_iteration49_visibility.TestDashboardStats" name="test_operador_stats_only_2" time="0.365" /><testcase classname="backend.tests.test_iteration49_visibility.TestOsPorDisciplina" name="test_operador_never_sees_forbidden_disciplines" time="0.386" /><testcase classname="backend.tests.test_iteration49_visibility.TestOsPorDisciplina" name="test_master_sees_all_disciplines" time="0.397" /><testcase classname="backend.tests.test_iteration49_visibility.TestKpis" name="test_supervisor_mec_backlog_1" time="0.359" /><testcase classname="backend.tests.test_iteration49_visibility.TestKpis" name="test_master_kpis_works" time="0.365" /><testcase classname="backend.tests.test_iteration49_visibility.TestOSCreationSectorDenorm" name="test_create_os_includes_sector_id_from_ativo" time="0.406" /></testsuite></testsuites>