<?xml version="1.0" encoding="utf-8"?><testsuites name="pytest tests"><testsuite name="pytest" errors="0" failures="0" skipped="0" tests="22" time="4.176" timestamp="2026-07-11T08:39:29.208763+00:00" hostname="agent-env-478547b6-fd20-49d2-ac3b-a3f74c3e9f49"><testcase classname="backend.tests.test_iteration93_bloco_a_regression.TestAuth" name="test_public_organizations_loads" time="0.117" /><testcase classname="backend.tests.test_iteration93_bloco_a_regression.TestAuth" name="test_login_master" time="0.318" /><testcase classname="backend.tests.test_iteration93_bloco_a_regression.TestAuth" name="test_login_admin" time="0.325" /><testcase classname="backend.tests.test_iteration93_bloco_a_regression.TestAuth" name="test_login_tecnico" time="0.314" /><testcase classname="backend.tests.test_iteration93_bloco_a_regression.TestAuth" name="test_auth_me_returns_user" time="0.095" /><testcase classname="backend.tests.test_iteration93_bloco_a_regression.TestCentral" name="test_central_carrega" time="0.113" /><testcase classname="backend.tests.test_iteration93_bloco_a_regression.TestCentral" name="test_central_tecnico" time="0.101" /><testcase classname="backend.tests.test_iteration93_bloco_a_regression.TestDashboard" name="test_dashboard_kpis" time="0.097" /><testcase classname="backend.tests.test_iteration93_bloco_a_regression.TestDashboard" name="test_dashboard_mtbf_mttr" time="0.195" /><testcase classname="backend.tests.test_iteration93_bloco_a_regression.TestDashboard" name="test_dashboard_distribuicao_os" time="0.127" /><testcase classname="backend.tests.test_iteration93_bloco_a_regression.TestAtivos" name="test_lista_ativos" time="0.129" /><testcase classname="backend.tests.test_iteration93_bloco_a_regression.TestAtivos" name="test_ativos_multitenant" time="0.107" /><testcase classname="backend.tests.test_iteration93_bloco_a_regression.TestOrdensServico" name="test_lista_os" time="0.107" /><testcase classname="backend.tests.test_iteration93_bloco_a_regression.TestOrdensServico" name="test_os_por_status" time="0.376" /><testcase classname="backend.tests.test_iteration93_bloco_a_regression.TestEstoque" name="test_lista_estoque" time="0.099" /><testcase classname="backend.tests.test_iteration93_bloco_a_regression.TestEstoque" name="test_categorias" time="0.091" /><testcase classname="backend.tests.test_iteration93_bloco_a_regression.TestInspecoes" name="test_lista_inspecoes" time="0.094" /><testcase classname="backend.tests.test_iteration93_bloco_a_regression.TestSobressalentes" name="test_lista_sobressalentes" time="0.095" /><testcase classname="backend.tests.test_iteration93_bloco_a_regression.TestTemplates" name="test_lista_templates" time="0.280" /><testcase classname="backend.tests.test_iteration93_bloco_a_regression.TestAuditoria" name="test_audit_logs" time="0.099" /><testcase classname="backend.tests.test_iteration93_bloco_a_regression.TestCleanupSmoke" name="test_no_500_on_key_endpoints" time="0.630" /><testcase classname="backend.tests.test_iteration93_bloco_a_regression.TestCleanupSmoke" name="test_events_endpoint_not_500" time="0.195" /></testsuite></testsuites>