<?xml version="1.0" encoding="utf-8"?><testsuites name="pytest tests"><testsuite name="pytest" errors="0" failures="0" skipped="0" tests="21" time="39.734" timestamp="2026-07-22T15:39:43.257806+00:00" hostname="agent-env-478547b6-fd20-49d2-ac3b-a3f74c3e9f49"><testcase classname="backend.tests.test_iteration120_pdf_fase3.TestAusenciaTermosDigitais" name="test_no_pendente[pdf_proc_digital]" time="27.675" /><testcase classname="backend.tests.test_iteration120_pdf_fase3.TestAusenciaTermosDigitais" name="test_no_pendente[pdf_proc_manual]" time="3.641" /><testcase classname="backend.tests.test_iteration120_pdf_fase3.TestAusenciaTermosDigitais" name="test_no_concluidas[pdf_proc_digital]" time="0.002" /><testcase classname="backend.tests.test_iteration120_pdf_fase3.TestAusenciaTermosDigitais" name="test_no_concluidas[pdf_proc_manual]" time="0.002" /><testcase classname="backend.tests.test_iteration120_pdf_fase3.TestAusenciaTermosDigitais" name="test_no_executado_por_no_anexo[pdf_proc_digital]" time="0.002" /><testcase classname="backend.tests.test_iteration120_pdf_fase3.TestAusenciaTermosDigitais" name="test_no_executado_por_no_anexo[pdf_proc_manual]" time="0.002" /><testcase classname="backend.tests.test_iteration120_pdf_fase3.TestBlocosRedesenhados" name="test_procedimento_aplicavel" time="0.002" /><testcase classname="backend.tests.test_iteration120_pdf_fase3.TestBlocosRedesenhados" name="test_ler_e_seguir" time="0.002" /><testcase classname="backend.tests.test_iteration120_pdf_fase3.TestBlocosRedesenhados" name="test_preparacao_da_intervencao_com_itens" time="0.002" /><testcase classname="backend.tests.test_iteration120_pdf_fase3.TestBlocosRedesenhados" name="test_anexo1_com_etapas_numeradas" time="0.002" /><testcase classname="backend.tests.test_iteration120_pdf_fase3.TestBlocosRedesenhados" name="test_etapas_sao_texto_sequencial_sem_badge" time="0.002" /><testcase classname="backend.tests.test_iteration120_pdf_fase3.TestAssinaturasNaoIsoladas" name="test_assinaturas_nao_isoladas_com_proc" time="0.002" /><testcase classname="backend.tests.test_iteration120_pdf_fase3.TestAssinaturasNaoIsoladas" name="test_assinaturas_nao_isoladas_os_simples" time="3.217" /><testcase classname="backend.tests.test_iteration120_pdf_fase3.TestAcentos" name="test_acentos_presentes[pdf_proc_digital]" time="0.002" /><testcase classname="backend.tests.test_iteration120_pdf_fase3.TestAcentos" name="test_acentos_presentes[pdf_proc_manual]" time="0.002" /><testcase classname="backend.tests.test_iteration120_pdf_fase3.TestAcentos" name="test_mecanica_com_acento" time="0.002" /><testcase classname="backend.tests.test_iteration120_pdf_fase3.TestQRCode" name="test_qr_decodifica_para_url_publica" time="0.259" /><testcase classname="backend.tests.test_iteration120_pdf_fase3.TestOSSimples" name="test_pdf_simples_digital_ok" time="0.001" /><testcase classname="backend.tests.test_iteration120_pdf_fase3.TestOSSimples" name="test_pdf_simples_manual_ok" time="3.152" /><testcase classname="backend.tests.test_iteration120_pdf_fase3.TestObservacoesAmpliadas" name="test_observacoes_com_area_ampla" time="0.002" /><testcase classname="backend.tests.test_iteration120_pdf_fase3.TestRegressao" name="test_public_dossier_av01" time="1.595" /></testsuite></testsuites>