<?xml version="1.0" encoding="utf-8"?><testsuites name="pytest tests"><testsuite name="pytest" errors="0" failures="1" skipped="0" tests="6" time="2.156" timestamp="2026-07-01T17:53:29.822034+00:00" hostname="agent-env-478547b6-fd20-49d2-ac3b-a3f74c3e9f49"><testcase classname="backend.tests.test_iteration52_central.TestCentralMaster" name="test_master_returns_all_sections" time="0.612" /><testcase classname="backend.tests.test_iteration52_central.TestCentralTecnico" name="test_tecnico_no_resumo_no_planos" time="0.556" /><testcase classname="backend.tests.test_iteration52_central.TestCentralOperador" name="test_operador_visibility_filter" time="0.432"><failure message="AssertionError: operador leaking OS disciplina=instrumentacao: 8743d427-44fb-4b18-a1e8-a0e43093b190&#10;assert 'instrumentacao' not in {'eletrica', 'instrumentacao', 'mecanica'}">backend/tests/test_iteration52_central.py:90: in test_operador_visibility_filter
    assert disc not in forbidden, f"operador leaking OS disciplina={disc}: {o.get('numero_os') or o.get('id')}"
E   AssertionError: operador leaking OS disciplina=instrumentacao: 8743d427-44fb-4b18-a1e8-a0e43093b190
E   assert 'instrumentacao' not in {'eletrica', 'instrumentacao', 'mecanica'}</failure></testcase><testcase classname="backend.tests.test_iteration52_central.TestMigratePlanos" name="test_master_can_migrate" time="0.158" /><testcase classname="backend.tests.test_iteration52_central.TestMigratePlanos" name="test_second_call_returns_zero" time="0.211" /><testcase classname="backend.tests.test_iteration52_central.TestMigratePlanos" name="test_tecnico_forbidden" time="0.112" /></testsuite></testsuites>