<?xml version="1.0" encoding="utf-8"?><testsuites name="pytest tests"><testsuite name="pytest" errors="0" failures="1" skipped="0" tests="8" time="7.665" timestamp="2026-07-02T15:28:00.742277+00:00" hostname="agent-env-478547b6-fd20-49d2-ac3b-a3f74c3e9f49"><testcase classname="backend.tests.test_iteration60_change_password" name="test_00_baseline_login_ok" time="0.741" /><testcase classname="backend.tests.test_iteration60_change_password" name="test_01_force_change_only_new_password_succeeds" time="1.620" /><testcase classname="backend.tests.test_iteration60_change_password" name="test_02_normal_change_with_current_and_new_succeeds" time="2.065" /><testcase classname="backend.tests.test_iteration60_change_password" name="test_03_wrong_current_password_returns_400" time="0.805" /><testcase classname="backend.tests.test_iteration60_change_password" name="test_04_short_new_password_returns_400" time="0.678" /><testcase classname="backend.tests.test_iteration60_change_password" name="test_05_only_new_password_when_force_false_returns_400_not_422" time="0.592" /><testcase classname="backend.tests.test_iteration60_change_password" name="test_06_change_password_without_token_returns_401_or_403" time="0.103" /><testcase classname="backend.tests.test_iteration60_change_password" name="test_07_old_password_still_works_after_change_supabase_bug" time="0.837"><failure message="AssertionError: SECURITY BUG: old password 'master123' still returns 200 after change-password. Response: {&quot;access_token&quot;:&quot;eyJhbGciOiJIUzI1NiIsInR5cCI6IkpXVCJ9.eyJzdWIiOiJiYzIzMjczNi0zOTZiLTQ3ZDUtOWQzYi00MWJlOTFiMzViNjgiLCJyb2xlIjoibWFzdGVyIiwib3JnIjoiOWEyMzJiZjItZmMwMS00MjUzLTgxM2YtOGRmMzU2YmUzMWMxIiwiZXhwIjoxNzgzMDkyNDg3fQ.1DNiThHEDlBW9RC64AA9yBXiMwDDT0uhDfDJ60h4QjA&quot;,&quot;token_type&quot;:&quot;bearer&quot;,&quot;user&quot;:{&quot;id&quot;:&quot;bc232736-396b-47d5-9d3b-41be91b35b68&quot;,&quot;email&quot;:&quot;master@maintrix.com&quot;,&quot;nome&quot;:&quot;Master MAINTRIX&quot;,&quot;role. Root cause: server.py:141 tries supabase_client.auth.sign_in_with_password first; server.py:278 only updates MongoDB password_hash; therefore Supabase Auth continues to accept the original password. Fix: after change-password, call supabase_client.auth.admin.update_user_by_id(user['supabase_id'], {'password': new_password}).&#10;assert 200 == 401&#10; +  where 200 = &lt;Response [200]&gt;.status_code">backend/tests/test_iteration60_change_password.py:268: in test_07_old_password_still_works_after_change_supabase_bug
    assert r.status_code == 401, (
E   AssertionError: SECURITY BUG: old password 'master123' still returns 200 after change-password. Response: {"access_token":"eyJhbGciOiJIUzI1NiIsInR5cCI6IkpXVCJ9.eyJzdWIiOiJiYzIzMjczNi0zOTZiLTQ3ZDUtOWQzYi00MWJlOTFiMzViNjgiLCJyb2xlIjoibWFzdGVyIiwib3JnIjoiOWEyMzJiZjItZmMwMS00MjUzLTgxM2YtOGRmMzU2YmUzMWMxIiwiZXhwIjoxNzgzMDkyNDg3fQ.1DNiThHEDlBW9RC64AA9yBXiMwDDT0uhDfDJ60h4QjA","token_type":"bearer","user":{"id":"bc232736-396b-47d5-9d3b-41be91b35b68","email":"master@maintrix.com","nome":"Master MAINTRIX","role. Root cause: server.py:141 tries supabase_client.auth.sign_in_with_password first; server.py:278 only updates MongoDB password_hash; therefore Supabase Auth continues to accept the original password. Fix: after change-password, call supabase_client.auth.admin.update_user_by_id(user['supabase_id'], {'password': new_password}).
E   assert 200 == 401
E    +  where 200 = &lt;Response [200]&gt;.status_code</failure></testcase></testsuite></testsuites>