<?xml version="1.0" encoding="utf-8"?><testsuites name="pytest tests"><testsuite name="pytest" errors="0" failures="0" skipped="0" tests="24" time="31.602" timestamp="2026-07-22T20:21:35.618502+00:00" hostname="agent-env-478547b6-fd20-49d2-ac3b-a3f74c3e9f49"><testcase classname="backend.tests.test_iteration125_procedure_annex_fields.TestOSSemProcedimento1Pagina" name="test_valid_pdf" time="24.108" /><testcase classname="backend.tests.test_iteration125_procedure_annex_fields.TestOSSemProcedimento1Pagina" name="test_exactly_one_page" time="0.004" /><testcase classname="backend.tests.test_iteration125_procedure_annex_fields.TestOSSemProcedimento1Pagina" name="test_no_empty_procedimento_section" time="0.003" /><testcase classname="backend.tests.test_iteration125_procedure_annex_fields.TestOSSemProcedimento1Pagina" name="test_no_annex_header" time="0.003" /><testcase classname="backend.tests.test_iteration125_procedure_annex_fields.TestOSSemProcedimento1Pagina" name="test_no_fictitious_data" time="0.003" /><testcase classname="backend.tests.test_iteration125_procedure_annex_fields.TestOSComProcedimentoAnexoCompleto" name="test_valid_pdf" time="3.080" /><testcase classname="backend.tests.test_iteration125_procedure_annex_fields.TestOSComProcedimentoAnexoCompleto" name="test_at_least_2_pages" time="0.005" /><testcase classname="backend.tests.test_iteration125_procedure_annex_fields.TestOSComProcedimentoAnexoCompleto" name="test_page1_summary_reference" time="0.005" /><testcase classname="backend.tests.test_iteration125_procedure_annex_fields.TestOSComProcedimentoAnexoCompleto" name="test_annex_header_on_page_2plus" time="0.004" /><testcase classname="backend.tests.test_iteration125_procedure_annex_fields.TestOSComProcedimentoAnexoCompleto" name="test_annex_contains_titulo" time="0.004" /><testcase classname="backend.tests.test_iteration125_procedure_annex_fields.TestOSComProcedimentoAnexoCompleto" name="test_annex_contains_codigo" time="0.004" /><testcase classname="backend.tests.test_iteration125_procedure_annex_fields.TestOSComProcedimentoAnexoCompleto" name="test_annex_contains_revisao" time="0.004" /><testcase classname="backend.tests.test_iteration125_procedure_annex_fields.TestOSComProcedimentoAnexoCompleto" name="test_annex_contains_descricao" time="0.004" /><testcase classname="backend.tests.test_iteration125_procedure_annex_fields.TestOSComProcedimentoAnexoCompleto" name="test_annex_contains_tempo_estimado" time="0.006" /><testcase classname="backend.tests.test_iteration125_procedure_annex_fields.TestOSComProcedimentoAnexoCompleto" name="test_annex_contains_all_7_steps" time="0.004" /><testcase classname="backend.tests.test_iteration125_procedure_annex_fields.TestOSComProcedimentoAnexoCompleto" name="test_annex_steps_are_numbered" time="0.005" /><testcase classname="backend.tests.test_iteration125_procedure_annex_fields.TestOSComProcedimentoAnexoCompleto" name="test_annex_contains_observacoes" time="0.004" /><testcase classname="backend.tests.test_iteration125_procedure_annex_fields.TestOSComProcedimentoAnexoCompleto" name="test_annex_does_not_include_unpopulated_sections" time="0.004" /><testcase classname="backend.tests.test_iteration125_procedure_annex_fields.TestOSComProcedimentoAnexoCompleto" name="test_os_title_preserved" time="0.004" /><testcase classname="backend.tests.test_iteration125_procedure_annex_fields.TestOSComProcedimentoAnexoCompleto" name="test_procedure_annex_not_duplicated" time="0.004" /><testcase classname="backend.tests.test_iteration125_procedure_annex_fields.TestOSComProcedimentoAnexoCompleto" name="test_no_fictitious_data" time="0.004" /><testcase classname="backend.tests.test_iteration125_procedure_annex_fields.TestOSCamposVazios" name="test_valid_pdf_one_page" time="3.053" /><testcase classname="backend.tests.test_iteration125_procedure_annex_fields.TestOSCamposVazios" name="test_no_dash_only_lines" time="0.003" /><testcase classname="backend.tests.test_iteration125_procedure_annex_fields.TestAtivoQR" name="test_ativo_qr_png_200" time="1.124" /></testsuite></testsuites>