<?xml version="1.0" encoding="utf-8"?><testsuites name="pytest tests"><testsuite name="pytest" errors="0" failures="0" skipped="0" tests="10" time="1.844" timestamp="2026-07-02T23:54:47.104737+00:00" hostname="agent-env-478547b6-fd20-49d2-ac3b-a3f74c3e9f49"><testcase classname="backend.tests.test_iteration63_whitelabel.TestPublicBranding" name="test_list_organizations_public" time="0.125" /><testcase classname="backend.tests.test_iteration63_whitelabel.TestPublicBranding" name="test_public_branding_by_org_id" time="0.217" /><testcase classname="backend.tests.test_iteration63_whitelabel.TestPublicBranding" name="test_public_branding_unknown_returns_default" time="0.101" /><testcase classname="backend.tests.test_iteration63_whitelabel.TestOrgConfig" name="test_get_org_config_authenticated" time="0.434" /><testcase classname="backend.tests.test_iteration63_whitelabel.TestOrgConfig" name="test_org_config_optional_menu_colors" time="0.103" /><testcase classname="backend.tests.test_iteration63_whitelabel.TestOrgConfig" name="test_login_returns_user_with_org_id" time="0.326" /><testcase classname="backend.tests.test_iteration63_whitelabel.TestKeyPagesAvailable" name="test_central_endpoint" time="0.131" /><testcase classname="backend.tests.test_iteration63_whitelabel.TestKeyPagesAvailable" name="test_dashboard_kpis" time="0.125" /><testcase classname="backend.tests.test_iteration63_whitelabel.TestKeyPagesAvailable" name="test_list_ativos" time="0.104" /><testcase classname="backend.tests.test_iteration63_whitelabel.TestKeyPagesAvailable" name="test_list_os" time="0.118" /></testsuite></testsuites>