<?xml version="1.0" encoding="utf-8"?><testsuites name="pytest tests"><testsuite name="pytest" errors="0" failures="1" skipped="0" tests="34" time="65.859" timestamp="2026-07-22T12:38:22.650662+00:00" hostname="agent-env-478547b6-fd20-49d2-ac3b-a3f74c3e9f49"><testcase classname="backend.tests.test_iteration117_dossier_digital.TestGetDossier" name="test_get_dossier_requires_auth" time="15.101"><failure message="requests.exceptions.ReadTimeout: HTTPSConnectionPool(host='procure-manutrix.preview.emergentagent.com', port=443): Read timed out. (read timeout=15)">/root/.venv/lib/python3.11/site-packages/urllib3/connectionpool.py:534: in _make_request
    response = conn.getresponse()
               ^^^^^^^^^^^^^^^^^^
/root/.venv/lib/python3.11/site-packages/urllib3/connection.py:571: in getresponse
    httplib_response = super().getresponse()
                       ^^^^^^^^^^^^^^^^^^^^^
/usr/local/lib/python3.11/http/client.py:1415: in getresponse
    response.begin()
/usr/local/lib/python3.11/http/client.py:330: in begin
    version, status, reason = self._read_status()
                              ^^^^^^^^^^^^^^^^^^^
/usr/local/lib/python3.11/http/client.py:291: in _read_status
    line = str(self.fp.readline(_MAXLINE + 1), "iso-8859-1")
               ^^^^^^^^^^^^^^^^^^^^^^^^^^^^^^
/usr/local/lib/python3.11/socket.py:718: in readinto
    return self._sock.recv_into(b)
           ^^^^^^^^^^^^^^^^^^^^^^^
/usr/local/lib/python3.11/ssl.py:1314: in recv_into
    return self.read(nbytes, buffer)
           ^^^^^^^^^^^^^^^^^^^^^^^^^
/usr/local/lib/python3.11/ssl.py:1166: in read
    return self._sslobj.read(len, buffer)
           ^^^^^^^^^^^^^^^^^^^^^^^^^^^^^^
E   TimeoutError: The read operation timed out

The above exception was the direct cause of the following exception:
/root/.venv/lib/python3.11/site-packages/requests/adapters.py:644: in send
    resp = conn.urlopen(
/root/.venv/lib/python3.11/site-packages/urllib3/connectionpool.py:841: in urlopen
    retries = retries.increment(
/root/.venv/lib/python3.11/site-packages/urllib3/util/retry.py:490: in increment
    raise reraise(type(error), error, _stacktrace)
          ^^^^^^^^^^^^^^^^^^^^^^^^^^^^^^^^^^^^^^^^
/root/.venv/lib/python3.11/site-packages/urllib3/util/util.py:39: in reraise
    raise value
/root/.venv/lib/python3.11/site-packages/urllib3/connectionpool.py:787: in urlopen
    response = self._make_request(
/root/.venv/lib/python3.11/site-packages/urllib3/connectionpool.py:536: in _make_request
    self._raise_timeout(err=e, url=url, timeout_value=read_timeout)
/root/.venv/lib/python3.11/site-packages/urllib3/connectionpool.py:367: in _raise_timeout
    raise ReadTimeoutError(
E   urllib3.exceptions.ReadTimeoutError: HTTPSConnectionPool(host='procure-manutrix.preview.emergentagent.com', port=443): Read timed out. (read timeout=15)

During handling of the above exception, another exception occurred:
backend/tests/test_iteration117_dossier_digital.py:61: in test_get_dossier_requires_auth
    r = requests.get(f"{BASE_URL}/api/ativos/{ATIVO_ID}/dossier", timeout=15)
        ^^^^^^^^^^^^^^^^^^^^^^^^^^^^^^^^^^^^^^^^^^^^^^^^^^^^^^^^^^^^^^^^^^^^^
/root/.venv/lib/python3.11/site-packages/requests/api.py:73: in get
    return request("get", url, params=params, **kwargs)
           ^^^^^^^^^^^^^^^^^^^^^^^^^^^^^^^^^^^^^^^^^^^^
/root/.venv/lib/python3.11/site-packages/requests/api.py:59: in request
    return session.request(method=method, url=url, **kwargs)
           ^^^^^^^^^^^^^^^^^^^^^^^^^^^^^^^^^^^^^^^^^^^^^^^^^
/root/.venv/lib/python3.11/site-packages/requests/sessions.py:589: in request
    resp = self.send(prep, **send_kwargs)
           ^^^^^^^^^^^^^^^^^^^^^^^^^^^^^^
/root/.venv/lib/python3.11/site-packages/requests/sessions.py:703: in send
    r = adapter.send(request, **kwargs)
        ^^^^^^^^^^^^^^^^^^^^^^^^^^^^^^^
/root/.venv/lib/python3.11/site-packages/requests/adapters.py:690: in send
    raise ReadTimeout(e, request=request)
E   requests.exceptions.ReadTimeout: HTTPSConnectionPool(host='procure-manutrix.preview.emergentagent.com', port=443): Read timed out. (read timeout=15)</failure></testcase><testcase classname="backend.tests.test_iteration117_dossier_digital.TestGetDossier" name="test_get_dossier_admin_returns_structure" time="6.582" /><testcase classname="backend.tests.test_iteration117_dossier_digital.TestGetDossier" name="test_get_dossier_pcm_ok" time="1.302" /><testcase classname="backend.tests.test_iteration117_dossier_digital.TestGetDossier" name="test_get_dossier_invalid_id_404" time="0.396" /><testcase classname="backend.tests.test_iteration117_dossier_digital.TestUpdateDossier" name="test_put_rejects_operador_403" time="1.021" /><testcase classname="backend.tests.test_iteration117_dossier_digital.TestUpdateDossier" name="test_put_rejects_no_auth_401" time="0.115" /><testcase classname="backend.tests.test_iteration117_dossier_digital.TestUpdateDossier" name="test_put_admin_updates_all_fields" time="1.363" /><testcase classname="backend.tests.test_iteration117_dossier_digital.TestUpdateDossier" name="test_put_invalid_public_status_400" time="0.419" /><testcase classname="backend.tests.test_iteration117_dossier_digital.TestUpdateDossier" name="test_put_invalid_visibility_level_ignored" time="0.414" /><testcase classname="backend.tests.test_iteration117_dossier_digital.TestUpdateDossier" name="test_put_pcm_can_update" time="1.296" /><testcase classname="backend.tests.test_iteration117_dossier_digital.TestPublicEndpoint" name="test_public_no_auth_returns_200" time="1.553" /><testcase classname="backend.tests.test_iteration117_dossier_digital.TestPublicEndpoint" name="test_public_invalid_token_404" time="0.283" /><testcase classname="backend.tests.test_iteration117_dossier_digital.TestPublicEndpoint" name="test_public_invalid_slug_404" time="0.242" /><testcase classname="backend.tests.test_iteration117_dossier_digital.TestPublicEndpoint" name="test_public_returns_branding" time="1.562" /><testcase classname="backend.tests.test_iteration117_dossier_digital.TestPublicEndpoint" name="test_public_returns_location" time="1.558" /><testcase classname="backend.tests.test_iteration117_dossier_digital.TestPublicEndpoint" name="test_public_returns_technical_data" time="1.878" /><testcase classname="backend.tests.test_iteration117_dossier_digital.TestPublicEndpoint" name="test_public_returns_status_publico_color" time="1.520" /><testcase classname="backend.tests.test_iteration117_dossier_digital.TestPublicEndpoint" name="test_public_returns_dossier_blocks_when_public" time="2.375" /><testcase classname="backend.tests.test_iteration117_dossier_digital.TestPublicEndpoint" name="test_public_hides_block_when_visibility_hidden" time="3.197" /><testcase classname="backend.tests.test_iteration117_dossier_digital.TestPublicEndpoint" name="test_public_hides_technical_data_when_hidden" time="3.224" /><testcase classname="backend.tests.test_iteration117_dossier_digital.TestPublicEndpoint" name="test_public_returns_history_summary" time="2.343" /><testcase classname="backend.tests.test_iteration117_dossier_digital.TestPublicEndpoint" name="test_public_inspections_max_3_safe_fields" time="2.390" /><testcase classname="backend.tests.test_iteration117_dossier_digital.TestPublicEndpoint" name="test_public_maintenance_max_3_safe_fields" time="2.342" /><testcase classname="backend.tests.test_iteration117_dossier_digital.TestPublicEndpoint" name="test_public_does_not_leak_sensitive_fields" time="1.525" /><testcase classname="backend.tests.test_iteration117_dossier_digital.TestDossierDocuments" name="test_upload_document" time="1.643" /><testcase classname="backend.tests.test_iteration117_dossier_digital.TestDossierDocuments" name="test_upload_rejects_operador" time="0.250" /><testcase classname="backend.tests.test_iteration117_dossier_digital.TestDossierDocuments" name="test_toggle_publish_true" time="0.993" /><testcase classname="backend.tests.test_iteration117_dossier_digital.TestDossierDocuments" name="test_public_document_download_when_published" time="2.234" /><testcase classname="backend.tests.test_iteration117_dossier_digital.TestDossierDocuments" name="test_toggle_publish_false_hides_from_public" time="1.462" /><testcase classname="backend.tests.test_iteration117_dossier_digital.TestDossierDocuments" name="test_delete_document_soft" time="1.509" /><testcase classname="backend.tests.test_iteration117_dossier_digital.TestDossierDocuments" name="test_delete_nonexistent_doc_404" time="0.562" /><testcase classname="backend.tests.test_iteration117_dossier_digital.TestBackwardsCompat" name="test_qr_public_url_still_present" time="1.408" /><testcase classname="backend.tests.test_iteration117_dossier_digital.TestBackwardsCompat" name="test_ativos_list_without_dossier_works" time="0.691" /><testcase classname="backend.tests.test_iteration117_dossier_digital.TestCleanup" name="test_zzz_restore_visibility_public" time="0.858" /></testsuite></testsuites>