<?xml version="1.0" encoding="utf-8"?><testsuites name="pytest tests"><testsuite name="pytest" errors="0" failures="0" skipped="0" tests="9" time="1.412" timestamp="2026-07-01T19:19:08.862382+00:00" hostname="agent-env-478547b6-fd20-49d2-ac3b-a3f74c3e9f49"><testcase classname="backend.tests.test_iteration55_prontuario.TestAtivoDetail" name="test_get_br01_returns_full_identification" time="0.464" /><testcase classname="backend.tests.test_iteration55_prontuario.TestAtivoDetail" name="test_get_br01_returns_kpis" time="0.106" /><testcase classname="backend.tests.test_iteration55_prontuario.TestAtivoDetail" name="test_get_br01_returns_related_lists" time="0.113" /><testcase classname="backend.tests.test_iteration55_prontuario.TestAtivoSaude" name="test_saude_returns_all_expected_fields" time="0.111" /><testcase classname="backend.tests.test_iteration55_prontuario.TestAtivoSaude" name="test_saude_br01_has_pending_next_inspecao" time="0.113" /><testcase classname="backend.tests.test_iteration55_prontuario.TestAtivoSaude" name="test_saude_404_for_unknown_ativo" time="0.107" /><testcase classname="backend.tests.test_iteration55_prontuario.TestAtivoSaude" name="test_saude_requires_auth" time="0.120" /><testcase classname="backend.tests.test_iteration55_prontuario.TestBR01ProntuarioContext" name="test_br01_has_3_approved_plans" time="0.107" /><testcase classname="backend.tests.test_iteration55_prontuario.TestBR01ProntuarioContext" name="test_br01_has_open_os" time="0.106" /></testsuite></testsuites>