<?xml version="1.0" encoding="utf-8"?><testsuites name="pytest tests"><testsuite name="pytest" errors="0" failures="0" skipped="0" tests="18" time="7.763" timestamp="2026-07-09T18:33:10.519975+00:00" hostname="agent-env-478547b6-fd20-49d2-ac3b-a3f74c3e9f49"><testcase classname="backend.tests.test_orr_shift_simulation.TestORRShift" name="test_0700_login_operador" time="2.522" /><testcase classname="backend.tests.test_orr_shift_simulation.TestORRShift" name="test_0705_operador_creates_corretiva" time="0.233" /><testcase classname="backend.tests.test_orr_shift_simulation.TestORRShift" name="test_0710_verify_solicitada_not_in_kpis" time="0.230" /><testcase classname="backend.tests.test_orr_shift_simulation.TestORRShift" name="test_0715_supervisor_em_analise" time="0.102" /><testcase classname="backend.tests.test_orr_shift_simulation.TestORRShift" name="test_0720_pcm_programada" time="0.231" /><testcase classname="backend.tests.test_orr_shift_simulation.TestORRShift" name="test_0725_pcm_add_material" time="0.455" /><testcase classname="backend.tests.test_orr_shift_simulation.TestORRShift" name="test_0730_tecnico_em_execucao" time="0.220" /><testcase classname="backend.tests.test_orr_shift_simulation.TestORRShift" name="test_0745_tecnico_concluir" time="0.236" /><testcase classname="backend.tests.test_orr_shift_simulation.TestORRShift" name="test_0750_kpis_after_conclusion" time="0.229" /><testcase classname="backend.tests.test_orr_shift_simulation.TestORRShift" name="test_0755_audit_trail" time="0.106" /><testcase classname="backend.tests.test_orr_shift_simulation.TestORRShift" name="test_0800_historico_ativo" time="0.106" /><testcase classname="backend.tests.test_orr_shift_simulation.TestORRShift" name="test_0805_preventiva" time="0.509" /><testcase classname="backend.tests.test_orr_shift_simulation.TestORRShift" name="test_0815_lubrificacao" time="0.544" /><testcase classname="backend.tests.test_orr_shift_simulation.TestORRShift" name="test_0825_cross_check" time="0.429" /><testcase classname="backend.tests.test_orr_shift_simulation.TestORRShift" name="test_0830_exports" time="0.607" /><testcase classname="backend.tests.test_orr_shift_simulation.TestORRShift" name="test_0835_rbac_final" time="0.530" /><testcase classname="backend.tests.test_orr_shift_simulation.TestORRShift" name="test_zzz_cleanup" time="0.406" /><testcase classname="backend.tests.test_orr_shift_simulation.TestORRShift" name="test_zzzz_final_dump" time="0.001" /></testsuite></testsuites>