<?xml version="1.0" encoding="utf-8"?><testsuites name="pytest tests"><testsuite name="pytest" errors="0" failures="0" skipped="0" tests="15" time="0.827" timestamp="2026-06-18T14:16:16.052342+00:00" hostname="agent-env-478547b6-fd20-49d2-ac3b-a3f74c3e9f49"><testcase classname="backend.tests.test_iteration34_inspecao_detalhamento.TestInspecaoDetalhamento" name="test_get_inspecao_returns_200" time="0.762" /><testcase classname="backend.tests.test_iteration34_inspecao_detalhamento.TestInspecaoDetalhamento" name="test_inspecao_is_concluded" time="0.000" /><testcase classname="backend.tests.test_iteration34_inspecao_detalhamento.TestInspecaoDetalhamento" name="test_ativo_enriched" time="0.000" /><testcase classname="backend.tests.test_iteration34_inspecao_detalhamento.TestInspecaoDetalhamento" name="test_ativo_has_sector" time="0.000" /><testcase classname="backend.tests.test_iteration34_inspecao_detalhamento.TestInspecaoDetalhamento" name="test_ativo_has_fabricante_modelo_serie" time="0.000" /><testcase classname="backend.tests.test_iteration34_inspecao_detalhamento.TestInspecaoDetalhamento" name="test_os_vinculadas_present" time="0.000" /><testcase classname="backend.tests.test_iteration34_inspecao_detalhamento.TestInspecaoDetalhamento" name="test_os_vinculadas_enriched_when_present" time="0.000" /><testcase classname="backend.tests.test_iteration34_inspecao_detalhamento.TestInspecaoDetalhamento" name="test_historico_array_present" time="0.000" /><testcase classname="backend.tests.test_iteration34_inspecao_detalhamento.TestInspecaoDetalhamento" name="test_historico_entries_structure" time="0.000" /><testcase classname="backend.tests.test_iteration34_inspecao_detalhamento.TestInspecaoDetalhamento" name="test_actor_names_enriched" time="0.000" /><testcase classname="backend.tests.test_iteration34_inspecao_detalhamento.TestInspecaoDetalhamento" name="test_concluido_por_nome_for_concluded" time="0.000" /><testcase classname="backend.tests.test_iteration34_inspecao_detalhamento.TestInspecaoDetalhamento" name="test_checklist_has_response_fields" time="0.000" /><testcase classname="backend.tests.test_iteration34_inspecao_detalhamento.TestInspecaoDetalhamento" name="test_no_objectid_leaked" time="0.000" /><testcase classname="backend.tests.test_iteration34_inspecao_detalhamento.TestInspecaoDetalhamento" name="test_executantes_nomes_when_present" time="0.000" /><testcase classname="backend.tests.test_iteration34_inspecao_detalhamento.TestInspecaoDetalhamento" name="test_dates_present_for_concluded" time="0.000" /></testsuite></testsuites>