<?xml version="1.0" encoding="utf-8"?><testsuites name="pytest tests"><testsuite name="pytest" errors="0" failures="0" skipped="0" tests="9" time="1.982" timestamp="2026-06-13T12:20:22.683144+00:00" hostname="agent-env-478547b6-fd20-49d2-ac3b-a3f74c3e9f49"><testcase classname="backend.tests.test_iteration17_estoque_bugfix.TestEstoqueCreate" name="test_create_estoque_happy_path" time="0.706" /><testcase classname="backend.tests.test_iteration17_estoque_bugfix.TestEstoqueCreate" name="test_create_estoque_with_optional_fields" time="0.047" /><testcase classname="backend.tests.test_iteration17_estoque_bugfix.TestEstoqueCreate" name="test_create_estoque_empty_body_returns_422_array" time="0.047" /><testcase classname="backend.tests.test_iteration17_estoque_bugfix.TestEstoqueCreate" name="test_get_created_estoque_persisted" time="0.570" /><testcase classname="backend.tests.test_iteration17_estoque_bugfix.TestRegression" name="test_login_works" time="0.261" /><testcase classname="backend.tests.test_iteration17_estoque_bugfix.TestRegression" name="test_dashboard_loads" time="0.059" /><testcase classname="backend.tests.test_iteration17_estoque_bugfix.TestRegression" name="test_os_list" time="0.050" /><testcase classname="backend.tests.test_iteration17_estoque_bugfix.TestRegression" name="test_checklists_templates_3" time="0.048" /><testcase classname="backend.tests.test_iteration17_estoque_bugfix.TestRegression" name="test_inspecoes_list" time="0.091" /></testsuite></testsuites>