<?xml version="1.0" encoding="utf-8"?><testsuites name="pytest tests"><testsuite name="pytest" errors="0" failures="0" skipped="0" tests="14" time="3.875" timestamp="2026-06-17T13:52:46.049880+00:00" hostname="agent-env-478547b6-fd20-49d2-ac3b-a3f74c3e9f49"><testcase classname="backend.tests.test_iteration29_pcm_permissions.TestPCMAllowed" name="test_pcm_can_list_os" time="1.273" /><testcase classname="backend.tests.test_iteration29_pcm_permissions.TestPCMAllowed" name="test_pcm_can_create_os" time="0.540" /><testcase classname="backend.tests.test_iteration29_pcm_permissions.TestPCMAllowed" name="test_pcm_can_edit_os_priority" time="0.248" /><testcase classname="backend.tests.test_iteration29_pcm_permissions.TestPCMAllowed" name="test_pcm_can_kanban_move" time="0.102" /><testcase classname="backend.tests.test_iteration29_pcm_permissions.TestPCMAllowed" name="test_pcm_can_list_inspecoes" time="0.156" /><testcase classname="backend.tests.test_iteration29_pcm_permissions.TestPCMAllowed" name="test_pcm_can_edit_inspecao" time="0.258" /><testcase classname="backend.tests.test_iteration29_pcm_permissions.TestPCMAllowed" name="test_pcm_can_export_os_excel" time="0.291" /><testcase classname="backend.tests.test_iteration29_pcm_permissions.TestPCMForbidden" name="test_pcm_cannot_iniciar_os" time="0.259" /><testcase classname="backend.tests.test_iteration29_pcm_permissions.TestPCMForbidden" name="test_pcm_cannot_concluir_os" time="0.103" /><testcase classname="backend.tests.test_iteration29_pcm_permissions.TestPCMForbidden" name="test_pcm_cannot_pausar_os" time="0.117" /><testcase classname="backend.tests.test_iteration29_pcm_permissions.TestPCMForbidden" name="test_pcm_cannot_delete_os" time="0.107" /><testcase classname="backend.tests.test_iteration29_pcm_permissions.TestPCMForbidden" name="test_pcm_cannot_iniciar_inspecao" time="0.102" /><testcase classname="backend.tests.test_iteration29_pcm_permissions.TestPCMForbidden" name="test_pcm_cannot_concluir_inspecao" time="0.100" /><testcase classname="backend.tests.test_iteration29_pcm_permissions.TestPCMForbidden" name="test_pcm_cannot_delete_inspecao" time="0.105" /></testsuite></testsuites>