<?xml version="1.0" encoding="utf-8"?><testsuites name="pytest tests"><testsuite name="pytest" errors="0" failures="0" skipped="0" tests="20" time="6.020" timestamp="2026-06-13T15:21:06.431281+00:00" hostname="agent-env-478547b6-fd20-49d2-ac3b-a3f74c3e9f49"><testcase classname="backend.tests.test_iteration22_e2e_audit.TestLogin" name="test_admin_login" time="0.422" /><testcase classname="backend.tests.test_iteration22_e2e_audit.TestLogin" name="test_supervisor_login" time="0.498" /><testcase classname="backend.tests.test_iteration22_e2e_audit.TestLogin" name="test_tecnico_login" time="0.505" /><testcase classname="backend.tests.test_iteration22_e2e_audit.TestLogin" name="test_invalid_login" time="0.504" /><testcase classname="backend.tests.test_iteration22_e2e_audit.TestLogin" name="test_unauth_request_blocked" time="0.105" /><testcase classname="backend.tests.test_iteration22_e2e_audit.TestSectors" name="test_list_sectors" time="0.392" /><testcase classname="backend.tests.test_iteration22_e2e_audit.TestSectors" name="test_create_edit_delete_sector" time="0.406" /><testcase classname="backend.tests.test_iteration22_e2e_audit.TestAtivos" name="test_post_ativos_no_404" time="0.417" /><testcase classname="backend.tests.test_iteration22_e2e_audit.TestAtivos" name="test_duplicate_tag_same_area_rejected" time="0.319" /><testcase classname="backend.tests.test_iteration22_e2e_audit.TestAtivos" name="test_same_tag_different_area_ok" time="0.525" /><testcase classname="backend.tests.test_iteration22_e2e_audit.TestAtivos" name="test_list_ativos" time="0.111" /><testcase classname="backend.tests.test_iteration22_e2e_audit.TestInspecoes" name="test_list_inspecoes" time="0.132" /><testcase classname="backend.tests.test_iteration22_e2e_audit.TestInspecoes" name="test_checklist_templates" time="0.111" /><testcase classname="backend.tests.test_iteration22_e2e_audit.TestRonda" name="test_list_rondas" time="0.108" /><testcase classname="backend.tests.test_iteration22_e2e_audit.TestOS" name="test_list_os" time="0.100" /><testcase classname="backend.tests.test_iteration22_e2e_audit.TestOS" name="test_create_preventiva" time="0.546" /><testcase classname="backend.tests.test_iteration22_e2e_audit.TestEstoque" name="test_list_estoque" time="0.093" /><testcase classname="backend.tests.test_iteration22_e2e_audit.TestEstoque" name="test_create_edit_delete_estoque" time="0.338" /><testcase classname="backend.tests.test_iteration22_e2e_audit.TestSobressalentes" name="test_list_sobressalentes" time="0.103" /><testcase classname="backend.tests.test_iteration22_e2e_audit.TestSobressalentes" name="test_create_delete_sobressalente" time="0.201" /></testsuite></testsuites>