<?xml version="1.0" encoding="utf-8"?><testsuites name="pytest tests"><testsuite name="pytest" errors="0" failures="0" skipped="0" tests="22" time="11.524" timestamp="2026-06-11T17:19:01.857316+00:00" hostname="agent-env-478547b6-fd20-49d2-ac3b-a3f74c3e9f49"><testcase classname="backend.tests.test_iteration12_audit_fixes.TestAuthenticationFixes" name="test_admin_login" time="0.484" /><testcase classname="backend.tests.test_iteration12_audit_fixes.TestAuthenticationFixes" name="test_supervisor_login" time="0.528" /><testcase classname="backend.tests.test_iteration12_audit_fixes.TestAuthenticationFixes" name="test_tecnico_login" time="0.527" /><testcase classname="backend.tests.test_iteration12_audit_fixes.TestAuthenticationFixes" name="test_invalid_credentials_rejected" time="0.204" /><testcase classname="backend.tests.test_iteration12_audit_fixes.TestKPICalculationFixes" name="test_kpis_endpoint_returns_data" time="0.397" /><testcase classname="backend.tests.test_iteration12_audit_fixes.TestKPICalculationFixes" name="test_preventiva_corretiva_percent_realistic" time="0.397" /><testcase classname="backend.tests.test_iteration12_audit_fixes.TestKPICalculationFixes" name="test_conformidade_excludes_pending" time="0.442" /><testcase classname="backend.tests.test_iteration12_audit_fixes.TestDashboardTrendFixes" name="test_trend_endpoint_returns_data" time="0.398" /><testcase classname="backend.tests.test_iteration12_audit_fixes.TestDashboardTrendFixes" name="test_trend_has_is_estimated_flag" time="0.387" /><testcase classname="backend.tests.test_iteration12_audit_fixes.TestDashboardTrendFixes" name="test_trend_data_structure" time="0.457" /><testcase classname="backend.tests.test_iteration12_audit_fixes.TestOSListFix" name="test_os_list_no_500_error" time="0.390" /><testcase classname="backend.tests.test_iteration12_audit_fixes.TestOSListFix" name="test_os_list_with_filters" time="0.526" /><testcase classname="backend.tests.test_iteration12_audit_fixes.TestRBACAdminOnly" name="test_tecnico_cannot_delete_os" time="1.025" /><testcase classname="backend.tests.test_iteration12_audit_fixes.TestRBACAdminOnly" name="test_tecnico_cannot_delete_estoque" time="1.025" /><testcase classname="backend.tests.test_iteration12_audit_fixes.TestRBACAdminOnly" name="test_tecnico_cannot_update_os" time="1.008" /><testcase classname="backend.tests.test_iteration12_audit_fixes.TestRBACAdminOnly" name="test_admin_can_delete_os" time="0.491" /><testcase classname="backend.tests.test_iteration12_audit_fixes.TestDashboardStats" name="test_dashboard_stats_endpoint" time="0.391" /><testcase classname="backend.tests.test_iteration12_audit_fixes.TestRegressionPages" name="test_ativos_list" time="0.383" /><testcase classname="backend.tests.test_iteration12_audit_fixes.TestRegressionPages" name="test_inspecoes_list" time="0.416" /><testcase classname="backend.tests.test_iteration12_audit_fixes.TestRegressionPages" name="test_anomalias_list" time="0.446" /><testcase classname="backend.tests.test_iteration12_audit_fixes.TestRegressionPages" name="test_estoque_list" time="0.596" /><testcase classname="backend.tests.test_iteration12_audit_fixes.TestRegressionPages" name="test_sobressalentes_list" time="0.533" /></testsuite></testsuites>