<?xml version="1.0" encoding="utf-8"?><testsuites name="pytest tests"><testsuite name="pytest" errors="0" failures="0" skipped="0" tests="9" time="1.926" timestamp="2026-06-19T11:10:39.923685+00:00" hostname="agent-env-478547b6-fd20-49d2-ac3b-a3f74c3e9f49"><testcase classname="backend.tests.test_iteration36_spares_advanced.TestSpareCondicoesOrigem" name="test_create_returns_origem_condicoes_total" time="0.560" /><testcase classname="backend.tests.test_iteration36_spares_advanced.TestSpareCondicoesOrigem" name="test_get_list_includes_fields" time="0.200" /><testcase classname="backend.tests.test_iteration36_spares_advanced.TestSpareCondicoesOrigem" name="test_get_single_includes_reformas_array" time="0.096" /><testcase classname="backend.tests.test_iteration36_spares_advanced.TestSpareCondicoesOrigem" name="test_put_recalculates_quantidade_total" time="0.215" /><testcase classname="backend.tests.test_iteration36_spares_advanced.TestSpareReformas" name="test_create_reforma" time="0.098" /><testcase classname="backend.tests.test_iteration36_spares_advanced.TestSpareReformas" name="test_list_reformas_sorted_desc" time="0.195" /><testcase classname="backend.tests.test_iteration36_spares_advanced.TestSpareReformas" name="test_single_spare_includes_reformas" time="0.095" /><testcase classname="backend.tests.test_iteration36_spares_advanced.TestSpareReformas" name="test_delete_reforma_soft_deletes" time="0.197" /><testcase classname="backend.tests.test_iteration36_spares_advanced.TestSpareReformas" name="test_audit_log_records_reforma_actions" time="0.206" /></testsuite></testsuites>