<?xml version="1.0" encoding="utf-8"?><testsuites name="pytest tests"><testsuite name="pytest" errors="0" failures="0" skipped="0" tests="17" time="46.320" timestamp="2026-04-21T14:42:53.509771+00:00" hostname="agent-env-478547b6-fd20-49d2-ac3b-a3f74c3e9f49"><testcase classname="backend.tests.test_auth_iteration10.TestAuthBasics" name="test_admin_login_success" time="0.381" /><testcase classname="backend.tests.test_auth_iteration10.TestAuthBasics" name="test_tecnico_login_success" time="0.337" /><testcase classname="backend.tests.test_auth_iteration10.TestAuthBasics" name="test_login_invalid_credentials" time="0.320" /><testcase classname="backend.tests.test_auth_iteration10.TestForgotPassword" name="test_forgot_password_returns_token" time="0.124" /><testcase classname="backend.tests.test_auth_iteration10.TestForgotPassword" name="test_forgot_password_nonexistent_email" time="0.137" /><testcase classname="backend.tests.test_auth_iteration10.TestResetPassword" name="test_reset_password_with_valid_token" time="1.263" /><testcase classname="backend.tests.test_auth_iteration10.TestResetPassword" name="test_reset_password_invalid_token" time="0.121" /><testcase classname="backend.tests.test_auth_iteration10.TestResetPassword" name="test_reset_password_short_password" time="0.234" /><testcase classname="backend.tests.test_auth_iteration10.TestChangePassword" name="test_change_password_authenticated" time="1.813" /><testcase classname="backend.tests.test_auth_iteration10.TestAdminUserManagement" name="test_admin_list_users" time="0.467" /><testcase classname="backend.tests.test_auth_iteration10.TestAdminUserManagement" name="test_admin_reset_user_password" time="1.462" /><testcase classname="backend.tests.test_auth_iteration10.TestAdminUserManagement" name="test_admin_update_user" time="36.628" /><testcase classname="backend.tests.test_auth_iteration10.TestAdminUserManagement" name="test_admin_create_user" time="1.215" /><testcase classname="backend.tests.test_auth_iteration10.TestBcryptHashing" name="test_password_hash_format" time="0.328" /><testcase classname="backend.tests.test_auth_iteration10.TestBcryptHashing" name="test_legacy_sha256_migration" time="0.388" /><testcase classname="backend.tests.test_auth_iteration10.TestRegressionAuth" name="test_get_me_endpoint" time="0.458" /><testcase classname="backend.tests.test_auth_iteration10.TestRegressionAuth" name="test_dashboard_loads_after_login" time="0.571" /></testsuite></testsuites>