<?xml version="1.0" encoding="utf-8"?><testsuites name="pytest tests"><testsuite name="pytest" errors="0" failures="0" skipped="0" tests="2" time="2.609" timestamp="2026-06-17T14:42:58.733442+00:00" hostname="agent-env-478547b6-fd20-49d2-ac3b-a3f74c3e9f49"><testcase classname="backend.tests.test_iteration30_rastreabilidade.TestOSRastreabilidade" name="test_full_traceability_flow" time="2.339" /><testcase classname="backend.tests.test_iteration30_rastreabilidade.TestInspecaoExecutantes" name="test_create_with_executantes_and_get_enriched" time="0.207" /></testsuite></testsuites>