<?xml version="1.0" encoding="utf-8"?><testsuites name="pytest tests"><testsuite name="pytest" errors="0" failures="1" skipped="0" tests="31" time="16.085" timestamp="2026-04-20T14:48:02.570106+00:00" hostname="agent-env-478547b6-fd20-49d2-ac3b-a3f74c3e9f49"><testcase classname="backend.tests.test_iteration6_features.TestAuth" name="test_admin_login" time="0.178" /><testcase classname="backend.tests.test_iteration6_features.TestAuth" name="test_tecnico_login" time="0.134" /><testcase classname="backend.tests.test_iteration6_features.TestSobressalentes" name="test_list_sobressalentes" time="0.313" /><testcase classname="backend.tests.test_iteration6_features.TestSobressalentes" name="test_create_sobressalente_admin" time="0.376" /><testcase classname="backend.tests.test_iteration6_features.TestSobressalentes" name="test_get_sobressalente_detail" time="0.459" /><testcase classname="backend.tests.test_iteration6_features.TestSobressalentes" name="test_create_sobressalente_tecnico_forbidden" time="0.254" /><testcase classname="backend.tests.test_iteration6_features.TestAnomalias" name="test_list_anomalias" time="0.218" /><testcase classname="backend.tests.test_iteration6_features.TestAnomalias" name="test_create_anomalia_with_intelligent_priority" time="0.364" /><testcase classname="backend.tests.test_iteration6_features.TestAnomalias" name="test_anomalia_os_priority_mapping" time="0.437" /><testcase classname="backend.tests.test_iteration6_features.TestKnowledgeBase" name="test_list_knowledge_base" time="0.317" /><testcase classname="backend.tests.test_iteration6_features.TestKnowledgeBase" name="test_create_knowledge_entry" time="0.222" /><testcase classname="backend.tests.test_iteration6_features.TestKnowledgeBase" name="test_search_knowledge_base" time="0.475" /><testcase classname="backend.tests.test_iteration6_features.TestAdminUsers" name="test_admin_list_users" time="0.221" /><testcase classname="backend.tests.test_iteration6_features.TestAdminUsers" name="test_admin_create_user" time="0.250" /><testcase classname="backend.tests.test_iteration6_features.TestAdminUsers" name="test_tecnico_cannot_list_users" time="0.276" /><testcase classname="backend.tests.test_iteration6_features.TestAdminUsers" name="test_tecnico_cannot_create_user" time="0.235" /><testcase classname="backend.tests.test_iteration6_features.TestRBAC" name="test_tecnico_cannot_create_ativo" time="0.345" /><testcase classname="backend.tests.test_iteration6_features.TestRBAC" name="test_tecnico_cannot_delete_ativo" time="0.479" /><testcase classname="backend.tests.test_iteration6_features.TestRBAC" name="test_admin_can_create_ativo" time="0.393" /><testcase classname="backend.tests.test_iteration6_features.TestRBAC" name="test_tecnico_can_create_os" time="0.537" /><testcase classname="backend.tests.test_iteration6_features.TestExport" name="test_export_ativos_excel" time="1.065" /><testcase classname="backend.tests.test_iteration6_features.TestExport" name="test_export_os_excel" time="0.267" /><testcase classname="backend.tests.test_iteration6_features.TestExport" name="test_export_estoque_excel" time="0.233" /><testcase classname="backend.tests.test_iteration6_features.TestExport" name="test_export_inspecoes_excel" time="0.240" /><testcase classname="backend.tests.test_iteration6_features.TestExport" name="test_tecnico_cannot_export" time="0.274" /><testcase classname="backend.tests.test_iteration6_features.TestAttachments" name="test_list_attachments" time="0.256" /><testcase classname="backend.tests.test_iteration6_features.TestAssistenteIA" name="test_assistente_chat" time="5.977"><failure message="AssertionError: Chat failed: {&quot;detail&quot;:&quot;Erro no assistente: Failed to generate chat completion: litellm.BadRequestError: OpenAIException - Budget has been exceeded! Current cost: 0.0015872, Max budget: 0.001&quot;}&#10;assert 500 == 200&#10; +  where 500 = &lt;Response [500]&gt;.status_code">backend/tests/test_iteration6_features.py:440: in test_assistente_chat
    assert response.status_code == 200, f"Chat failed: {response.text}"
E   AssertionError: Chat failed: {"detail":"Erro no assistente: Failed to generate chat completion: litellm.BadRequestError: OpenAIException - Budget has been exceeded! Current cost: 0.0015872, Max budget: 0.001"}
E   assert 500 == 200
E    +  where 500 = &lt;Response [500]&gt;.status_code</failure></testcase><testcase classname="backend.tests.test_iteration6_features.TestRegressionCRUD" name="test_ativos_list" time="0.260" /><testcase classname="backend.tests.test_iteration6_features.TestRegressionCRUD" name="test_os_list" time="0.299" /><testcase classname="backend.tests.test_iteration6_features.TestRegressionCRUD" name="test_estoque_list" time="0.251" /><testcase classname="backend.tests.test_iteration6_features.TestRegressionCRUD" name="test_inspecoes_list" time="0.251" /></testsuite></testsuites>