<?xml version="1.0" encoding="utf-8"?><testsuites name="pytest tests"><testsuite name="pytest" errors="0" failures="0" skipped="0" tests="9" time="2.551" timestamp="2026-06-16T18:45:15.181138+00:00" hostname="agent-env-478547b6-fd20-49d2-ac3b-a3f74c3e9f49"><testcase classname="backend.tests.test_iteration28_qrcode_url.TestQrCodeLookup" name="test_get_ativo_by_qr_valid" time="1.060" /><testcase classname="backend.tests.test_iteration28_qrcode_url.TestQrCodeLookup" name="test_get_ativo_by_qr_invalid_returns_404" time="0.120" /><testcase classname="backend.tests.test_iteration28_qrcode_url.TestTagLookup" name="test_get_ativo_by_tag_valid" time="0.138" /><testcase classname="backend.tests.test_iteration28_qrcode_url.TestTagLookup" name="test_get_ativo_by_tag_lowercase_works" time="0.159" /><testcase classname="backend.tests.test_iteration28_qrcode_url.TestTagLookup" name="test_get_ativo_by_tag_invalid_returns_404" time="0.108" /><testcase classname="backend.tests.test_iteration28_qrcode_url.TestQrAndTagSameAsset" name="test_qr_and_tag_resolve_to_same_asset" time="0.257" /><testcase classname="backend.tests.test_iteration28_qrcode_url.TestSobressalentesRBACRegression" name="test_admin_can_list_spares" time="0.103" /><testcase classname="backend.tests.test_iteration28_qrcode_url.TestSobressalentesRBACRegression" name="test_tecnico_can_list_spares" time="0.402" /><testcase classname="backend.tests.test_iteration28_qrcode_url.TestSobressalentesRBACRegression" name="test_tecnico_cannot_create_spare" time="0.098" /></testsuite></testsuites>