<?xml version="1.0" encoding="utf-8"?><testsuites name="pytest tests"><testsuite name="pytest" errors="0" failures="0" skipped="0" tests="14" time="3.723" timestamp="2026-06-12T16:30:37.815305+00:00" hostname="agent-env-478547b6-fd20-49d2-ac3b-a3f74c3e9f49"><testcase classname="backend.tests.test_iteration14_kanban.TestRegressionEndpoints" name="test_plants_returns_one" time="0.806" /><testcase classname="backend.tests.test_iteration14_kanban.TestRegressionEndpoints" name="test_sectors_returns_four" time="0.140" /><testcase classname="backend.tests.test_iteration14_kanban.TestRegressionEndpoints" name="test_kpis" time="0.119" /><testcase classname="backend.tests.test_iteration14_kanban.TestRegressionEndpoints" name="test_dashboard_stats" time="0.114" /><testcase classname="backend.tests.test_iteration14_kanban.TestRegressionEndpoints" name="test_ativos_returns_nine" time="0.106" /><testcase classname="backend.tests.test_iteration14_kanban.TestRegressionEndpoints" name="test_ordens_servico_list" time="0.152" /><testcase classname="backend.tests.test_iteration14_kanban.TestRegressionEndpoints" name="test_inspecoes_list" time="0.133" /><testcase classname="backend.tests.test_iteration14_kanban.TestRegressionEndpoints" name="test_dashboard_trend" time="0.115" /><testcase classname="backend.tests.test_iteration14_kanban.TestKanbanOS" name="test_patch_status_aberta_to_planejada" time="0.510" /><testcase classname="backend.tests.test_iteration14_kanban.TestKanbanOS" name="test_patch_status_invalid_status" time="0.110" /><testcase classname="backend.tests.test_iteration14_kanban.TestKanbanOS" name="test_patch_status_to_em_execucao_sets_data_inicio" time="0.219" /><testcase classname="backend.tests.test_iteration14_kanban.TestKanbanOS" name="test_historico_returns_audit_logs" time="0.127" /><testcase classname="backend.tests.test_iteration14_kanban.TestKanbanOS" name="test_patch_status_404_for_invalid_os" time="0.112" /><testcase classname="backend.tests.test_iteration14_kanban.TestKanbanOS" name="test_tecnico_cannot_patch_status" time="0.776" /></testsuite></testsuites>