<?xml version="1.0" encoding="utf-8"?><testsuites name="pytest tests"><testsuite name="pytest" errors="0" failures="0" skipped="0" tests="44" time="6.733" timestamp="2026-06-13T12:31:14.130388+00:00" hostname="agent-env-478547b6-fd20-49d2-ac3b-a3f74c3e9f49"><testcase classname="backend.tests.test_iteration18_prod_audit.TestAuth" name="test_admin_login" time="1.034" /><testcase classname="backend.tests.test_iteration18_prod_audit.TestAuth" name="test_me_admin" time="0.107" /><testcase classname="backend.tests.test_iteration18_prod_audit.TestSectors" name="test_create_sector" time="0.101" /><testcase classname="backend.tests.test_iteration18_prod_audit.TestSectors" name="test_read_sector" time="0.109" /><testcase classname="backend.tests.test_iteration18_prod_audit.TestSectors" name="test_update_sector" time="0.139" /><testcase classname="backend.tests.test_iteration18_prod_audit.TestSectors" name="test_list_sectors" time="0.107" /><testcase classname="backend.tests.test_iteration18_prod_audit.TestSectors" name="test_toggle_sector" time="0.110" /><testcase classname="backend.tests.test_iteration18_prod_audit.TestSectors" name="test_delete_sector" time="0.103" /><testcase classname="backend.tests.test_iteration18_prod_audit.TestAtivos" name="test_setup_sector" time="0.103" /><testcase classname="backend.tests.test_iteration18_prod_audit.TestAtivos" name="test_create_ativo" time="0.103" /><testcase classname="backend.tests.test_iteration18_prod_audit.TestAtivos" name="test_read_ativo" time="0.105" /><testcase classname="backend.tests.test_iteration18_prod_audit.TestAtivos" name="test_update_ativo" time="0.122" /><testcase classname="backend.tests.test_iteration18_prod_audit.TestAtivos" name="test_list_filter_by_sector" time="0.099" /><testcase classname="backend.tests.test_iteration18_prod_audit.TestEstoque" name="test_create_estoque" time="0.098" /><testcase classname="backend.tests.test_iteration18_prod_audit.TestEstoque" name="test_read_estoque" time="0.096" /><testcase classname="backend.tests.test_iteration18_prod_audit.TestEstoque" name="test_update_estoque" time="0.102" /><testcase classname="backend.tests.test_iteration18_prod_audit.TestEstoque" name="test_movement_saida" time="0.144" /><testcase classname="backend.tests.test_iteration18_prod_audit.TestEstoque" name="test_list_estoque" time="0.097" /><testcase classname="backend.tests.test_iteration18_prod_audit.TestSpares" name="test_create" time="0.104" /><testcase classname="backend.tests.test_iteration18_prod_audit.TestSpares" name="test_read" time="0.105" /><testcase classname="backend.tests.test_iteration18_prod_audit.TestSpares" name="test_update" time="0.097" /><testcase classname="backend.tests.test_iteration18_prod_audit.TestSpares" name="test_list" time="0.101" /><testcase classname="backend.tests.test_iteration18_prod_audit.TestOS" name="test_create_os" time="0.100" /><testcase classname="backend.tests.test_iteration18_prod_audit.TestOS" name="test_read_os" time="0.104" /><testcase classname="backend.tests.test_iteration18_prod_audit.TestOS" name="test_list_filter_tipo_disciplina" time="0.107" /><testcase classname="backend.tests.test_iteration18_prod_audit.TestOS" name="test_kanban_move" time="0.097" /><testcase classname="backend.tests.test_iteration18_prod_audit.TestOS" name="test_historico" time="0.099" /><testcase classname="backend.tests.test_iteration18_prod_audit.TestInspecoes" name="test_create_mecanica" time="0.105" /><testcase classname="backend.tests.test_iteration18_prod_audit.TestInspecoes" name="test_create_lubrificacao" time="0.108" /><testcase classname="backend.tests.test_iteration18_prod_audit.TestInspecoes" name="test_create_eletrica" time="0.103" /><testcase classname="backend.tests.test_iteration18_prod_audit.TestInspecoes" name="test_list" time="0.118" /><testcase classname="backend.tests.test_iteration18_prod_audit.TestInspecoes" name="test_detail" time="0.102" /><testcase classname="backend.tests.test_iteration18_prod_audit.TestChecklists" name="test_templates" time="0.099" /><testcase classname="backend.tests.test_iteration18_prod_audit.TestDashboard" name="test_endpoint[/kpis]" time="0.108" /><testcase classname="backend.tests.test_iteration18_prod_audit.TestDashboard" name="test_endpoint[/dashboard/stats]" time="0.099" /><testcase classname="backend.tests.test_iteration18_prod_audit.TestDashboard" name="test_endpoint[/dashboard/trend]" time="0.104" /><testcase classname="backend.tests.test_iteration18_prod_audit.TestDashboard" name="test_endpoint[/dashboard/os-por-setor]" time="0.110" /><testcase classname="backend.tests.test_iteration18_prod_audit.TestDashboard" name="test_endpoint[/dashboard/os-por-disciplina]" time="0.100" /><testcase classname="backend.tests.test_iteration18_prod_audit.TestDashboard" name="test_endpoint[/dashboard/ativos-mais-falhas]" time="0.101" /><testcase classname="backend.tests.test_iteration18_prod_audit.TestDashboard" name="test_endpoint[/migration/report]" time="0.133" /><testcase classname="backend.tests.test_iteration18_prod_audit.TestUsers" name="test_list" time="0.121" /><testcase classname="backend.tests.test_iteration18_prod_audit.TestPermissions" name="test_tecnico_cannot_create_sector" time="0.739" /><testcase classname="backend.tests.test_iteration18_prod_audit.TestPermissions" name="test_tecnico_cannot_delete_ativo" time="0.097" /><testcase classname="backend.tests.test_iteration18_prod_audit.TestZCleanup" name="test_cleanup" time="0.495" /></testsuite></testsuites>