<?xml version="1.0" encoding="utf-8"?><testsuites name="pytest tests"><testsuite name="pytest" errors="0" failures="0" skipped="0" tests="14" time="2.053" timestamp="2026-06-11T19:40:04.009568+00:00" hostname="agent-env-478547b6-fd20-49d2-ac3b-a3f74c3e9f49"><testcase classname="backend.tests.test_iteration13_multiplant.TestPlants" name="test_get_plants_list" time="0.820" /><testcase classname="backend.tests.test_iteration13_multiplant.TestPlants" name="test_create_plant" time="0.222" /><testcase classname="backend.tests.test_iteration13_multiplant.TestSectors" name="test_get_sectors_list" time="0.059" /><testcase classname="backend.tests.test_iteration13_multiplant.TestSectors" name="test_create_sector" time="0.155" /><testcase classname="backend.tests.test_iteration13_multiplant.TestMigration" name="test_migration_report" time="0.058" /><testcase classname="backend.tests.test_iteration13_multiplant.TestKPIsFilter" name="test_kpis_no_filter" time="0.056" /><testcase classname="backend.tests.test_iteration13_multiplant.TestKPIsFilter" name="test_kpis_with_plant_filter" time="0.052" /><testcase classname="backend.tests.test_iteration13_multiplant.TestKPIsFilter" name="test_kpis_with_sector_filter" time="0.109" /><testcase classname="backend.tests.test_iteration13_multiplant.TestDashboardFilter" name="test_dashboard_stats_plant_filter" time="0.072" /><testcase classname="backend.tests.test_iteration13_multiplant.TestDashboardFilter" name="test_dashboard_trend_plant_filter" time="0.059" /><testcase classname="backend.tests.test_iteration13_multiplant.TestResourceFilters" name="test_ordens_servico_plant_filter" time="0.052" /><testcase classname="backend.tests.test_iteration13_multiplant.TestResourceFilters" name="test_inspecoes_plant_filter" time="0.053" /><testcase classname="backend.tests.test_iteration13_multiplant.TestResourceFilters" name="test_anomalias_plant_filter" time="0.052" /><testcase classname="backend.tests.test_iteration13_multiplant.TestResourceFilters" name="test_ativos_plant_sector_filter" time="0.114" /></testsuite></testsuites>