<?xml version="1.0" encoding="utf-8"?><testsuites name="pytest tests"><testsuite name="pytest" errors="0" failures="0" skipped="0" tests="15" time="1.583" timestamp="2026-06-14T16:58:57.828971+00:00" hostname="agent-env-478547b6-fd20-49d2-ac3b-a3f74c3e9f49"><testcase classname="backend.tests.test_iteration25_anomalia_templates.TestAnomaliaWorkflow" name="test_01_create_anomalia" time="0.769" /><testcase classname="backend.tests.test_iteration25_anomalia_templates.TestAnomaliaWorkflow" name="test_02_get_detail_includes_comentarios_historico" time="0.047" /><testcase classname="backend.tests.test_iteration25_anomalia_templates.TestAnomaliaWorkflow" name="test_03_transition_aberta_to_em_analise" time="0.049" /><testcase classname="backend.tests.test_iteration25_anomalia_templates.TestAnomaliaWorkflow" name="test_04_invalid_transition_em_analise_to_aberta" time="0.046" /><testcase classname="backend.tests.test_iteration25_anomalia_templates.TestAnomaliaWorkflow" name="test_05_add_comment" time="0.091" /><testcase classname="backend.tests.test_iteration25_anomalia_templates.TestAnomaliaWorkflow" name="test_06_empty_comment_rejected" time="0.045" /><testcase classname="backend.tests.test_iteration25_anomalia_templates.TestAnomaliaWorkflow" name="test_07_put_update_descricao" time="0.094" /><testcase classname="backend.tests.test_iteration25_anomalia_templates.TestAnomaliaWorkflow" name="test_08_transition_em_analise_to_corrigida" time="0.046" /><testcase classname="backend.tests.test_iteration25_anomalia_templates.TestAnomaliaWorkflow" name="test_09_transition_corrigida_to_encerrada" time="0.046" /><testcase classname="backend.tests.test_iteration25_anomalia_templates.TestAnomaliaWorkflow" name="test_10_encerrada_still_in_list_not_deleted" time="0.048" /><testcase classname="backend.tests.test_iteration25_anomalia_templates.TestAnomaliaWorkflow" name="test_11_cannot_transition_from_encerrada" time="0.047" /><testcase classname="backend.tests.test_iteration25_anomalia_templates.TestInspectionTemplates" name="test_01_create_template_for_tipo_alimentador_vibratorio" time="0.047" /><testcase classname="backend.tests.test_iteration25_anomalia_templates.TestInspectionTemplates" name="test_02_filter_templates_by_tipo_equipamento" time="0.047" /><testcase classname="backend.tests.test_iteration25_anomalia_templates.TestInspectionTemplates" name="test_03_cleanup_template" time="0.045" /><testcase classname="backend.tests.test_iteration25_anomalia_templates.TestSobressalentes" name="test_01_estoque_items_have_codigo_field" time="0.044" /></testsuite></testsuites>