<?xml version="1.0" encoding="utf-8"?><testsuites name="pytest tests"><testsuite name="pytest" errors="0" failures="0" skipped="0" tests="10" time="9.620" timestamp="2026-06-21T14:22:29.761281+00:00" hostname="agent-env-478547b6-fd20-49d2-ac3b-a3f74c3e9f49"><testcase classname="backend.tests.test_iteration39_field_audit" name="test_os_prioridade_change_creates_field_change_log" time="1.786" /><testcase classname="backend.tests.test_iteration39_field_audit" name="test_ativo_fabricante_change_creates_field_change_log" time="1.174" /><testcase classname="backend.tests.test_iteration39_field_audit" name="test_estoque_quantidade_change_creates_field_change_log" time="1.141" /><testcase classname="backend.tests.test_iteration39_field_audit" name="test_sobressalente_descricao_change_creates_field_change_log" time="1.272" /><testcase classname="backend.tests.test_iteration39_field_audit" name="test_get_audit_logs_filter_action_field_change_returns_changes" time="0.048" /><testcase classname="backend.tests.test_iteration39_field_audit" name="test_noop_change_does_not_create_field_change_log" time="1.269" /><testcase classname="backend.tests.test_iteration39_field_audit" name="test_updated_at_and_alterado_por_not_in_changes" time="0.046" /><testcase classname="backend.tests.test_iteration39_field_audit" name="test_multiple_field_changes_single_put" time="1.146" /><testcase classname="backend.tests.test_iteration39_field_audit" name="test_field_change_log_has_required_attributes" time="0.051" /><testcase classname="backend.tests.test_iteration39_field_audit" name="test_pcm_field_change_attributed_to_pcm" time="1.554" /></testsuite></testsuites>