<?xml version="1.0" encoding="utf-8"?><testsuites name="pytest tests"><testsuite name="pytest" errors="0" failures="0" skipped="0" tests="12" time="3.580" timestamp="2026-06-12T17:50:48.804759+00:00" hostname="agent-env-478547b6-fd20-49d2-ac3b-a3f74c3e9f49"><testcase classname="backend.tests.test_iteration15_restructure" name="test_sectors_no_plant_id" time="1.198" /><testcase classname="backend.tests.test_iteration15_restructure" name="test_ativos_no_plant_id_has_sector" time="0.108" /><testcase classname="backend.tests.test_iteration15_restructure" name="test_plantas_endpoint_removed" time="0.134" /><testcase classname="backend.tests.test_iteration15_restructure" name="test_migration_report" time="0.106" /><testcase classname="backend.tests.test_iteration15_restructure" name="test_dashboard_os_por_setor" time="0.101" /><testcase classname="backend.tests.test_iteration15_restructure" name="test_dashboard_os_por_disciplina" time="0.103" /><testcase classname="backend.tests.test_iteration15_restructure" name="test_dashboard_ativos_mais_falhas" time="0.119" /><testcase classname="backend.tests.test_iteration15_restructure" name="test_kpis_with_sector_filter" time="0.227" /><testcase classname="backend.tests.test_iteration15_restructure" name="test_create_sector_and_verify" time="0.398" /><testcase classname="backend.tests.test_iteration15_restructure" name="test_create_os_with_disciplina_and_lubrificacao" time="0.549" /><testcase classname="backend.tests.test_iteration15_restructure" name="test_create_os_missing_disciplina_rejected" time="0.247" /><testcase classname="backend.tests.test_iteration15_restructure" name="test_os_estatisticas_includes_por_disciplina" time="0.108" /></testsuite></testsuites>