<?xml version="1.0" encoding="utf-8"?><testsuites name="pytest tests"><testsuite name="pytest" errors="0" failures="0" skipped="0" tests="11" time="2.091" timestamp="2026-06-13T13:59:16.684368+00:00" hostname="agent-env-478547b6-fd20-49d2-ac3b-a3f74c3e9f49"><testcase classname="backend.tests.test_iteration20_qrcode.TestRouteOrdering" name="test_get_ativo_by_tag_works" time="0.722" /><testcase classname="backend.tests.test_iteration20_qrcode.TestRouteOrdering" name="test_get_ativo_by_tag_404" time="0.158" /><testcase classname="backend.tests.test_iteration20_qrcode.TestRouteOrdering" name="test_get_ativo_by_qr_works" time="0.103" /><testcase classname="backend.tests.test_iteration20_qrcode.TestAtivoDetailKPIs" name="test_detail_has_kpis_object" time="0.120" /><testcase classname="backend.tests.test_iteration20_qrcode.TestAtivoDetailKPIs" name="test_detail_has_materiais_array" time="0.103" /><testcase classname="backend.tests.test_iteration20_qrcode.TestMateriais" name="test_create_list_delete_material" time="0.305" /><testcase classname="backend.tests.test_iteration20_qrcode.TestRegression" name="test_dashboard_stats" time="0.110" /><testcase classname="backend.tests.test_iteration20_qrcode.TestRegression" name="test_kanban_endpoint" time="0.106" /><testcase classname="backend.tests.test_iteration20_qrcode.TestRegression" name="test_ativos_list" time="0.104" /><testcase classname="backend.tests.test_iteration20_qrcode.TestRegression" name="test_ativo_create_ignores_legacy_fields" time="0.100" /><testcase classname="backend.tests.test_iteration20_qrcode.TestZZZCleanup" name="test_cleanup" time="0.100" /></testsuite></testsuites>