<?xml version="1.0" encoding="utf-8"?><testsuites name="pytest tests"><testsuite name="pytest" errors="0" failures="0" skipped="0" tests="13" time="1.434" timestamp="2026-06-18T12:32:59.048422+00:00" hostname="agent-env-478547b6-fd20-49d2-ac3b-a3f74c3e9f49"><testcase classname="backend.tests.test_iteration33_os_detalhamento.TestOSDetailEnriched" name="test_get_os_returns_200" time="0.743" /><testcase classname="backend.tests.test_iteration33_os_detalhamento.TestOSDetailEnriched" name="test_os_has_core_fields" time="0.047" /><testcase classname="backend.tests.test_iteration33_os_detalhamento.TestOSDetailEnriched" name="test_os_has_origem_field" time="0.046" /><testcase classname="backend.tests.test_iteration33_os_detalhamento.TestOSDetailEnriched" name="test_os_ativo_with_sector" time="0.046" /><testcase classname="backend.tests.test_iteration33_os_detalhamento.TestOSDetailEnriched" name="test_os_responsavel_enriched" time="0.050" /><testcase classname="backend.tests.test_iteration33_os_detalhamento.TestOSDetailEnriched" name="test_os_equipe_nomes_enriched" time="0.049" /><testcase classname="backend.tests.test_iteration33_os_detalhamento.TestOSDetailEnriched" name="test_os_rastreabilidade_actor_names" time="0.053" /><testcase classname="backend.tests.test_iteration33_os_detalhamento.TestOSDetailEnriched" name="test_os_custos_fields" time="0.051" /><testcase classname="backend.tests.test_iteration33_os_detalhamento.TestOSDetailEnriched" name="test_os_servico_executado_and_observacoes_fields" time="0.048" /><testcase classname="backend.tests.test_iteration33_os_detalhamento.TestOSDetailEnriched" name="test_os_materiais_sugeridos_present" time="0.049" /><testcase classname="backend.tests.test_iteration33_os_detalhamento.TestOSDetailEnriched" name="test_no_mongo_objectid_in_response" time="0.050" /><testcase classname="backend.tests.test_iteration33_os_detalhamento.TestOSDetailEnriched" name="test_os_historico_endpoint" time="0.045" /><testcase classname="backend.tests.test_iteration33_os_detalhamento.TestOSDetailEnriched" name="test_os_2026_00107_specific_fields" time="0.092" /></testsuite></testsuites>