<?xml version="1.0" encoding="utf-8"?><testsuites name="pytest tests"><testsuite name="pytest" errors="0" failures="0" skipped="0" tests="29" time="3.932" timestamp="2026-06-21T13:31:05.961368+00:00" hostname="agent-env-478547b6-fd20-49d2-ac3b-a3f74c3e9f49"><testcase classname="backend.tests.test_iteration38_multitenant_isolation.TestListIsolation" name="test_astec_ativos_only_astec" time="0.881" /><testcase classname="backend.tests.test_iteration38_multitenant_isolation.TestListIsolation" name="test_vale_ativos_only_vale" time="0.099" /><testcase classname="backend.tests.test_iteration38_multitenant_isolation.TestListIsolation" name="test_csn_ativos_only_csn" time="0.176" /><testcase classname="backend.tests.test_iteration38_multitenant_isolation.TestListIsolation" name="test_astec_os_only_astec" time="0.096" /><testcase classname="backend.tests.test_iteration38_multitenant_isolation.TestListIsolation" name="test_astec_estoque_only_astec" time="0.099" /><testcase classname="backend.tests.test_iteration38_multitenant_isolation.TestListIsolation" name="test_astec_sectors_only_astec" time="0.098" /><testcase classname="backend.tests.test_iteration38_multitenant_isolation.TestListIsolation" name="test_astec_inspecoes_zero" time="0.096" /><testcase classname="backend.tests.test_iteration38_multitenant_isolation.TestSelfAccess" name="test_astec_can_get_own_ativo" time="0.110" /><testcase classname="backend.tests.test_iteration38_multitenant_isolation.TestSelfAccess" name="test_vale_can_get_own_ativo" time="0.112" /><testcase classname="backend.tests.test_iteration38_multitenant_isolation.TestSelfAccess" name="test_csn_can_get_own_ativo" time="0.101" /><testcase classname="backend.tests.test_iteration38_multitenant_isolation.TestSelfAccess" name="test_astec_can_get_own_os" time="0.102" /><testcase classname="backend.tests.test_iteration38_multitenant_isolation.TestSelfAccess" name="test_astec_can_get_own_estoque" time="0.095" /><testcase classname="backend.tests.test_iteration38_multitenant_isolation" name="test_cross_org_ativos_returns_404[astec-ed00ed27-4ed5-4a2c-9da9-ec30c5406eb3]" time="0.094" /><testcase classname="backend.tests.test_iteration38_multitenant_isolation" name="test_cross_org_ativos_returns_404[astec-15d2f442-ae73-4e3c-a3f8-769a610108a8]" time="0.106" /><testcase classname="backend.tests.test_iteration38_multitenant_isolation" name="test_cross_org_ativos_returns_404[vale-55cd6deb-7eee-467d-9410-9ac144a7d360]" time="0.092" /><testcase classname="backend.tests.test_iteration38_multitenant_isolation" name="test_cross_org_ativos_returns_404[vale-15d2f442-ae73-4e3c-a3f8-769a610108a8]" time="0.094" /><testcase classname="backend.tests.test_iteration38_multitenant_isolation" name="test_cross_org_ativos_returns_404[csn-55cd6deb-7eee-467d-9410-9ac144a7d360]" time="0.108" /><testcase classname="backend.tests.test_iteration38_multitenant_isolation" name="test_cross_org_ativos_returns_404[csn-ed00ed27-4ed5-4a2c-9da9-ec30c5406eb3]" time="0.099" /><testcase classname="backend.tests.test_iteration38_multitenant_isolation" name="test_cross_org_os_returns_404[astec-1eaecd19-c3f2-4638-8bd7-7b5a6b2eb7e0]" time="0.093" /><testcase classname="backend.tests.test_iteration38_multitenant_isolation" name="test_cross_org_os_returns_404[astec-0a2d97ea-7ecf-413d-a5c3-36bb77c13f95]" time="0.096" /><testcase classname="backend.tests.test_iteration38_multitenant_isolation" name="test_cross_org_os_returns_404[vale-da8f42af-89bf-4d98-b7bf-db96ad7c02b7]" time="0.095" /><testcase classname="backend.tests.test_iteration38_multitenant_isolation" name="test_cross_org_os_returns_404[vale-0a2d97ea-7ecf-413d-a5c3-36bb77c13f95]" time="0.090" /><testcase classname="backend.tests.test_iteration38_multitenant_isolation" name="test_cross_org_os_returns_404[csn-da8f42af-89bf-4d98-b7bf-db96ad7c02b7]" time="0.099" /><testcase classname="backend.tests.test_iteration38_multitenant_isolation" name="test_cross_org_os_returns_404[csn-1eaecd19-c3f2-4638-8bd7-7b5a6b2eb7e0]" time="0.093" /><testcase classname="backend.tests.test_iteration38_multitenant_isolation" name="test_cross_org_estoque_returns_404[astec-c6bc4a1c-9b32-41b2-a841-f3d03944c411]" time="0.100" /><testcase classname="backend.tests.test_iteration38_multitenant_isolation" name="test_cross_org_estoque_returns_404[astec-3c8fa072-2888-444d-ab43-50b093dd2a69]" time="0.100" /><testcase classname="backend.tests.test_iteration38_multitenant_isolation" name="test_cross_org_estoque_returns_404[vale-82e63300-7d2e-4771-81ea-c5742d1c3a0e]" time="0.096" /><testcase classname="backend.tests.test_iteration38_multitenant_isolation" name="test_cross_org_estoque_returns_404[csn-82e63300-7d2e-4771-81ea-c5742d1c3a0e]" time="0.094" /><testcase classname="backend.tests.test_iteration38_multitenant_isolation.TestExportIsolation" name="test_astec_export_ativos_only_astec" time="0.257" /></testsuite></testsuites>