<?xml version="1.0" encoding="utf-8"?><testsuites name="pytest tests"><testsuite name="pytest" errors="0" failures="0" skipped="0" tests="18" time="1.800" timestamp="2026-06-14T14:55:20.648372+00:00" hostname="agent-env-478547b6-fd20-49d2-ac3b-a3f74c3e9f49"><testcase classname="backend.tests.test_iteration24_phase2.TestInspectionTemplates" name="test_01_create_template" time="0.598" /><testcase classname="backend.tests.test_iteration24_phase2.TestInspectionTemplates" name="test_02_list_templates" time="0.050" /><testcase classname="backend.tests.test_iteration24_phase2.TestInspectionTemplates" name="test_03_filter_by_tipo" time="0.044" /><testcase classname="backend.tests.test_iteration24_phase2.TestInspectionTemplates" name="test_04_get_template" time="0.046" /><testcase classname="backend.tests.test_iteration24_phase2.TestInspectionTemplates" name="test_05_update_template" time="0.099" /><testcase classname="backend.tests.test_iteration24_phase2.TestInspectionTemplates" name="test_06_duplicate_template" time="0.097" /><testcase classname="backend.tests.test_iteration24_phase2.TestInspectionTemplates" name="test_07_delete_template" time="0.086" /><testcase classname="backend.tests.test_iteration24_phase2.TestEquipmentTypes" name="test_list_equipment_types" time="0.045" /><testcase classname="backend.tests.test_iteration24_phase2.TestBOM" name="test_01_create_material" time="0.047" /><testcase classname="backend.tests.test_iteration24_phase2.TestBOM" name="test_02_list_materials" time="0.046" /><testcase classname="backend.tests.test_iteration24_phase2.TestBOM" name="test_03_update_material" time="0.049" /><testcase classname="backend.tests.test_iteration24_phase2.TestBOM" name="test_04_delete_material" time="0.091" /><testcase classname="backend.tests.test_iteration24_phase2.TestInspecaoChecklistMixed" name="test_01_create_inspecao_mecanica" time="0.047" /><testcase classname="backend.tests.test_iteration24_phase2.TestInspecaoChecklistMixed" name="test_02_iniciar" time="0.048" /><testcase classname="backend.tests.test_iteration24_phase2.TestInspecaoChecklistMixed" name="test_03_concluir_with_mixed_filled_items" time="0.096" /><testcase classname="backend.tests.test_iteration24_phase2.TestInspecaoChecklistMixed" name="test_04_cleanup" time="0.046" /><testcase classname="backend.tests.test_iteration24_phase2.TestOSExecutantes" name="test_create_os_with_equipe" time="0.153" /><testcase classname="backend.tests.test_iteration24_phase2.TestOSExecutantes" name="test_cleanup" time="0.047" /></testsuite></testsuites>