<?xml version="1.0" encoding="utf-8"?><testsuites name="pytest tests"><testsuite name="pytest" errors="0" failures="0" skipped="0" tests="15" time="50.127" timestamp="2026-04-20T15:39:58.758311+00:00" hostname="agent-env-478547b6-fd20-49d2-ac3b-a3f74c3e9f49"><testcase classname="backend.tests.test_iteration8_features.TestAuth" name="test_admin_login" time="0.234" /><testcase classname="backend.tests.test_iteration8_features.TestPDFManuals" name="test_list_manuais_endpoint" time="0.427" /><testcase classname="backend.tests.test_iteration8_features.TestPDFManuals" name="test_upload_pdf_manual" time="0.403" /><testcase classname="backend.tests.test_iteration8_features.TestPDFManuals" name="test_get_manual_file_no_auth" time="0.519" /><testcase classname="backend.tests.test_iteration8_features.TestPDFManuals" name="test_reject_non_pdf_upload" time="0.428" /><testcase classname="backend.tests.test_iteration8_features.TestPDFManuals" name="test_delete_manual_admin_only" time="0.667" /><testcase classname="backend.tests.test_iteration8_features.TestAIAssistant" name="test_assistente_chat_endpoint" time="3.914" /><testcase classname="backend.tests.test_iteration8_features.TestPowerBIEndpoints" name="test_powerbi_ativos" time="0.260" /><testcase classname="backend.tests.test_iteration8_features.TestPowerBIEndpoints" name="test_powerbi_ordens_servico" time="0.272" /><testcase classname="backend.tests.test_iteration8_features.TestPowerBIEndpoints" name="test_powerbi_inspecoes" time="0.280" /><testcase classname="backend.tests.test_iteration8_features.TestPowerBIEndpoints" name="test_powerbi_kpis_historico" time="0.265" /><testcase classname="backend.tests.test_iteration8_features.TestDashboardRegression" name="test_dashboard_stats" time="0.249" /><testcase classname="backend.tests.test_iteration8_features.TestDashboardRegression" name="test_ativos_list" time="36.461" /><testcase classname="backend.tests.test_iteration8_features.TestDashboardRegression" name="test_os_list" time="0.283" /><testcase classname="backend.tests.test_iteration8_features.TestDashboardRegression" name="test_inspecoes_list" time="5.398" /></testsuite></testsuites>