<?xml version="1.0" encoding="utf-8"?><testsuites name="pytest tests"><testsuite name="pytest" errors="0" failures="0" skipped="0" tests="20" time="5.971" timestamp="2026-04-21T14:15:22.162869+00:00" hostname="agent-env-478547b6-fd20-49d2-ac3b-a3f74c3e9f49"><testcase classname="backend.tests.test_dashboard_iteration9.TestDashboardBackend" name="test_kpis_endpoint_returns_200" time="0.348" /><testcase classname="backend.tests.test_dashboard_iteration9.TestDashboardBackend" name="test_kpis_has_required_fields" time="0.299" /><testcase classname="backend.tests.test_dashboard_iteration9.TestDashboardBackend" name="test_dashboard_stats_returns_200" time="0.271" /><testcase classname="backend.tests.test_dashboard_iteration9.TestDashboardBackend" name="test_dashboard_stats_has_os_data" time="0.236" /><testcase classname="backend.tests.test_dashboard_iteration9.TestDashboardBackend" name="test_dashboard_stats_has_inspecoes_data" time="0.273" /><testcase classname="backend.tests.test_dashboard_iteration9.TestDashboardBackend" name="test_dashboard_stats_has_estoque_data" time="0.263" /><testcase classname="backend.tests.test_dashboard_iteration9.TestDashboardBackend" name="test_dashboard_trend_returns_200" time="0.394" /><testcase classname="backend.tests.test_dashboard_iteration9.TestDashboardBackend" name="test_dashboard_trend_returns_6_months" time="0.233" /><testcase classname="backend.tests.test_dashboard_iteration9.TestDashboardBackend" name="test_dashboard_trend_has_mtbf_mttr" time="0.222" /><testcase classname="backend.tests.test_dashboard_iteration9.TestDashboardBackend" name="test_dashboard_trend_has_os_breakdown" time="0.285" /><testcase classname="backend.tests.test_dashboard_iteration9.TestDashboardBackend" name="test_backlog_drilldown_endpoint" time="0.272" /><testcase classname="backend.tests.test_dashboard_iteration9.TestDashboardBackend" name="test_os_list_for_drilldown" time="0.230" /><testcase classname="backend.tests.test_dashboard_iteration9.TestDashboardBackend" name="test_estoque_list_for_drilldown" time="0.226" /><testcase classname="backend.tests.test_dashboard_iteration9.TestDashboardBackend" name="test_inspecoes_list_for_drilldown" time="0.245" /><testcase classname="backend.tests.test_dashboard_iteration9.TestDashboardBackend" name="test_export_os_excel" time="0.671" /><testcase classname="backend.tests.test_dashboard_iteration9.TestDashboardBackend" name="test_export_ativos_excel" time="0.358" /><testcase classname="backend.tests.test_dashboard_iteration9.TestRegressionSidebarNavigation" name="test_ativos_endpoint" time="0.230" /><testcase classname="backend.tests.test_dashboard_iteration9.TestRegressionSidebarNavigation" name="test_os_endpoint" time="0.283" /><testcase classname="backend.tests.test_dashboard_iteration9.TestRegressionSidebarNavigation" name="test_inspecoes_endpoint" time="0.262" /><testcase classname="backend.tests.test_dashboard_iteration9.TestRegressionSidebarNavigation" name="test_estoque_endpoint" time="0.239" /></testsuite></testsuites>