<?xml version="1.0" encoding="utf-8"?><testsuites name="pytest tests"><testsuite name="pytest" errors="0" failures="0" skipped="0" tests="11" time="3.324" timestamp="2026-06-14T13:21:45.721709+00:00" hostname="agent-env-478547b6-fd20-49d2-ac3b-a3f74c3e9f49"><testcase classname="backend.tests.test_iteration23_phase1_audit.TestAtivoHistorico" name="test_historico_returns_array" time="0.605" /><testcase classname="backend.tests.test_iteration23_phase1_audit.TestAtivoHistorico" name="test_historico_not_found" time="0.112" /><testcase classname="backend.tests.test_iteration23_phase1_audit.TestAtivoHistorico" name="test_historico_sorted_desc" time="0.107" /><testcase classname="backend.tests.test_iteration23_phase1_audit.TestOSConclusion" name="test_concluir_without_tempo_fails" time="0.307" /><testcase classname="backend.tests.test_iteration23_phase1_audit.TestOSConclusion" name="test_concluir_without_descricao_fails" time="0.305" /><testcase classname="backend.tests.test_iteration23_phase1_audit.TestOSConclusion" name="test_concluir_with_required_fields_succeeds" time="0.416" /><testcase classname="backend.tests.test_iteration23_phase1_audit.TestTagDuplicateValidation" name="test_tag_unique_per_area" time="0.520" /><testcase classname="backend.tests.test_iteration23_phase1_audit.TestExportAtivos" name="test_export_xlsx_area_first_column" time="0.441" /><testcase classname="backend.tests.test_iteration23_phase1_audit.TestSectorEnrichment" name="test_os_detail_has_sector_data" time="0.214" /><testcase classname="backend.tests.test_iteration23_phase1_audit.TestSectorEnrichment" name="test_inspecoes_list_has_sector_data" time="0.142" /><testcase classname="backend.tests.test_iteration23_phase1_audit.TestSectorEnrichment" name="test_anomalias_list_has_sector_data" time="0.106" /></testsuite></testsuites>