<?xml version="1.0" encoding="utf-8"?><testsuites name="pytest tests"><testsuite name="pytest" errors="0" failures="0" skipped="0" tests="10" time="2.407" timestamp="2026-06-13T11:03:33.034948+00:00" hostname="agent-env-478547b6-fd20-49d2-ac3b-a3f74c3e9f49"><testcase classname="backend.tests.test_iteration16_field_ops" name="test_login_admin" time="0.555" /><testcase classname="backend.tests.test_iteration16_field_ops" name="test_checklist_templates_returns_3_types" time="0.428" /><testcase classname="backend.tests.test_iteration16_field_ops" name="test_checklist_templates_item_types_valid" time="0.101" /><testcase classname="backend.tests.test_iteration16_field_ops" name="test_create_os_with_new_fields" time="0.419" /><testcase classname="backend.tests.test_iteration16_field_ops" name="test_list_os_includes_new_fields" time="0.307" /><testcase classname="backend.tests.test_iteration16_field_ops" name="test_sectors_regression" time="0.104" /><testcase classname="backend.tests.test_iteration16_field_ops" name="test_kpis_regression" time="0.108" /><testcase classname="backend.tests.test_iteration16_field_ops" name="test_dashboard_os_por_setor_regression" time="0.103" /><testcase classname="backend.tests.test_iteration16_field_ops" name="test_manifest_accessible" time="0.104" /><testcase classname="backend.tests.test_iteration16_field_ops" name="test_service_worker_accessible" time="0.101" /></testsuite></testsuites>