<?xml version="1.0" encoding="utf-8"?><testsuites name="pytest tests"><testsuite name="pytest" errors="0" failures="0" skipped="0" tests="12" time="5.259" timestamp="2026-04-11T17:17:18.418848+00:00" hostname="agent-env-478547b6-fd20-49d2-ac3b-a3f74c3e9f49"><testcase classname="backend.tests.test_inspecao_lubrificacao.TestInspecaoLubrificacao" name="test_create_inspecao_diaria" time="0.393" /><testcase classname="backend.tests.test_inspecao_lubrificacao.TestInspecaoLubrificacao" name="test_create_inspecao_quinzenal" time="0.375" /><testcase classname="backend.tests.test_inspecao_lubrificacao.TestInspecaoLubrificacao" name="test_create_inspecao_mensal" time="0.365" /><testcase classname="backend.tests.test_inspecao_lubrificacao.TestInspecaoLubrificacao" name="test_create_lubrificacao" time="0.465" /><testcase classname="backend.tests.test_inspecao_lubrificacao.TestInspecaoLubrificacao" name="test_create_lubrificacao_graxa" time="0.466" /><testcase classname="backend.tests.test_inspecao_lubrificacao.TestInspecaoLubrificacao" name="test_list_inspecoes_shows_type" time="0.546" /><testcase classname="backend.tests.test_inspecao_lubrificacao.TestInspecaoLubrificacao" name="test_get_lubrificacao_detail" time="0.438" /><testcase classname="backend.tests.test_inspecao_lubrificacao.TestInspecaoLubrificacao" name="test_create_inspecao_requires_ativo" time="0.328" /><testcase classname="backend.tests.test_inspecao_lubrificacao.TestInspecaoLubrificacao" name="test_create_inspecao_requires_responsavel" time="0.365" /><testcase classname="backend.tests.test_inspecao_lubrificacao.TestInspecaoLubrificacao" name="test_ativos_crud_regression" time="0.533" /><testcase classname="backend.tests.test_inspecao_lubrificacao.TestInspecaoLubrificacao" name="test_os_crud_regression" time="0.532" /><testcase classname="backend.tests.test_inspecao_lubrificacao.TestInspecaoLubrificacao" name="test_estoque_crud_regression" time="0.395" /></testsuite></testsuites>