<?xml version="1.0" encoding="utf-8"?><testsuites name="pytest tests"><testsuite name="pytest" errors="0" failures="0" skipped="0" tests="9" time="3.809" timestamp="2026-06-15T19:56:47.029261+00:00" hostname="agent-env-478547b6-fd20-49d2-ac3b-a3f74c3e9f49"><testcase classname="backend.tests.test_spares_rbac_audit.TestAdminSparesCRUD" name="test_admin_create_spare" time="0.571" /><testcase classname="backend.tests.test_spares_rbac_audit.TestAdminSparesCRUD" name="test_admin_list_includes_created" time="0.110" /><testcase classname="backend.tests.test_spares_rbac_audit.TestAdminSparesCRUD" name="test_admin_update_spare" time="0.220" /><testcase classname="backend.tests.test_spares_rbac_audit.TestAdminSparesCRUD" name="test_admin_delete_spare" time="0.221" /><testcase classname="backend.tests.test_spares_rbac_audit.TestTecnicoRBAC" name="test_tecnico_can_list" time="0.380" /><testcase classname="backend.tests.test_spares_rbac_audit.TestTecnicoRBAC" name="test_tecnico_cannot_create" time="0.116" /><testcase classname="backend.tests.test_spares_rbac_audit.TestTecnicoRBAC" name="test_tecnico_cannot_update" time="0.359" /><testcase classname="backend.tests.test_spares_rbac_audit.TestTecnicoRBAC" name="test_tecnico_cannot_delete" time="0.343" /><testcase classname="backend.tests.test_spares_rbac_audit.TestAuditLogs" name="test_audit_log_update_and_delete" time="1.442" /></testsuite></testsuites>