<?xml version="1.0" encoding="utf-8"?><testsuites name="pytest tests"><testsuite name="pytest" errors="0" failures="0" skipped="0" tests="10" time="4.963" timestamp="2026-06-18T16:36:43.811689+00:00" hostname="agent-env-478547b6-fd20-49d2-ac3b-a3f74c3e9f49"><testcase classname="backend.tests.test_iteration35_spares_exports.TestExportExcel" name="test_excel_status_and_content_type" time="1.161" /><testcase classname="backend.tests.test_iteration35_spares_exports.TestExportExcel" name="test_excel_headers_and_row_count" time="0.161" /><testcase classname="backend.tests.test_iteration35_spares_exports.TestExportPDF" name="test_pdf_status_and_content_type" time="0.170" /><testcase classname="backend.tests.test_iteration35_spares_exports.TestExportPDF" name="test_pdf_magic_and_size" time="0.120" /><testcase classname="backend.tests.test_iteration35_spares_exports.TestEditDelete" name="test_create_for_edit_delete" time="0.126" /><testcase classname="backend.tests.test_iteration35_spares_exports.TestEditDelete" name="test_edit_spare" time="0.233" /><testcase classname="backend.tests.test_iteration35_spares_exports.TestEditDelete" name="test_delete_spare" time="0.227" /><testcase classname="backend.tests.test_iteration35_spares_exports.TestAudit" name="test_audit_logs_for_edit_and_delete" time="1.490" /><testcase classname="backend.tests.test_iteration35_spares_exports.TestTecnicoForbidden" name="test_tecnico_put_forbidden" time="0.712" /><testcase classname="backend.tests.test_iteration35_spares_exports.TestTecnicoForbidden" name="test_tecnico_delete_forbidden" time="0.320" /></testsuite></testsuites>