<?xml version="1.0" encoding="utf-8"?><testsuites name="pytest tests"><testsuite name="pytest" errors="0" failures="0" skipped="0" tests="17" time="3.927" timestamp="2026-04-20T15:10:04.203618+00:00" hostname="agent-env-478547b6-fd20-49d2-ac3b-a3f74c3e9f49"><testcase classname="backend.tests.test_iteration7_features.TestManualUpload" name="test_list_ativos_to_get_id" time="0.298" /><testcase classname="backend.tests.test_iteration7_features.TestManualUpload" name="test_upload_pdf_manual_admin" time="0.157" /><testcase classname="backend.tests.test_iteration7_features.TestManualUpload" name="test_upload_non_pdf_rejected" time="0.139" /><testcase classname="backend.tests.test_iteration7_features.TestManualUpload" name="test_list_manuais_for_ativo" time="0.126" /><testcase classname="backend.tests.test_iteration7_features.TestManualUpload" name="test_view_manual_pdf" time="0.129" /><testcase classname="backend.tests.test_iteration7_features.TestManualUpload" name="test_tecnico_cannot_upload_manual" time="0.222" /><testcase classname="backend.tests.test_iteration7_features.TestManualUpload" name="test_tecnico_cannot_delete_manual" time="0.250" /><testcase classname="backend.tests.test_iteration7_features.TestManualUpload" name="test_delete_manual_admin" time="0.154" /><testcase classname="backend.tests.test_iteration7_features.TestPowerBIEndpoints" name="test_powerbi_ativos_returns_flat_json" time="0.261" /><testcase classname="backend.tests.test_iteration7_features.TestPowerBIEndpoints" name="test_powerbi_ordens_servico_returns_flat_json" time="0.119" /><testcase classname="backend.tests.test_iteration7_features.TestPowerBIEndpoints" name="test_powerbi_inspecoes_returns_flat_json" time="0.152" /><testcase classname="backend.tests.test_iteration7_features.TestPowerBIEndpoints" name="test_powerbi_kpis_historico_returns_snapshot" time="0.127" /><testcase classname="backend.tests.test_iteration7_features.TestPowerBIEndpoints" name="test_powerbi_requires_auth" time="0.450" /><testcase classname="backend.tests.test_iteration7_features.TestRegressionBasics" name="test_dashboard_loads" time="0.263" /><testcase classname="backend.tests.test_iteration7_features.TestRegressionBasics" name="test_ativos_list" time="0.143" /><testcase classname="backend.tests.test_iteration7_features.TestRegressionBasics" name="test_os_list" time="0.134" /><testcase classname="backend.tests.test_iteration7_features.TestRegressionBasics" name="test_sidebar_navigation_endpoints" time="0.724" /></testsuite></testsuites>