<?xml version="1.0" encoding="utf-8"?><testsuites name="pytest tests"><testsuite name="pytest" errors="0" failures="0" skipped="0" tests="20" time="11.462" timestamp="2026-04-21T14:54:00.477677+00:00" hostname="agent-env-478547b6-fd20-49d2-ac3b-a3f74c3e9f49"><testcase classname="backend.tests.test_photo_system_iteration11.TestAuthAndLogin" name="test_admin_login_success" time="0.405" /><testcase classname="backend.tests.test_photo_system_iteration11.TestAuthAndLogin" name="test_tecnico_login_success" time="0.378" /><testcase classname="backend.tests.test_photo_system_iteration11.TestAuthAndLogin" name="test_invalid_credentials_rejected" time="0.352" /><testcase classname="backend.tests.test_photo_system_iteration11.TestAttachmentsAPI" name="test_upload_attachment_work_order_foto_antes" time="0.813" /><testcase classname="backend.tests.test_photo_system_iteration11.TestAttachmentsAPI" name="test_upload_attachment_work_order_foto_depois" time="0.732" /><testcase classname="backend.tests.test_photo_system_iteration11.TestAttachmentsAPI" name="test_list_attachments_work_order" time="0.679" /><testcase classname="backend.tests.test_photo_system_iteration11.TestAttachmentsAPI" name="test_upload_attachment_inspection" time="0.617" /><testcase classname="backend.tests.test_photo_system_iteration11.TestAttachmentsAPI" name="test_list_attachments_inspection" time="0.575" /><testcase classname="backend.tests.test_photo_system_iteration11.TestAttachmentsAPI" name="test_upload_attachment_anomaly" time="0.633" /><testcase classname="backend.tests.test_photo_system_iteration11.TestAttachmentsAPI" name="test_list_attachments_anomaly" time="0.594" /><testcase classname="backend.tests.test_photo_system_iteration11.TestAttachmentsAPI" name="test_delete_attachment" time="0.807" /><testcase classname="backend.tests.test_photo_system_iteration11.TestAttachmentsAPI" name="test_invalid_file_type_rejected" time="0.701" /><testcase classname="backend.tests.test_photo_system_iteration11.TestOSPhotoRequirements" name="test_corretiva_os_requires_photo_to_close" time="0.811" /><testcase classname="backend.tests.test_photo_system_iteration11.TestDashboardRegression" name="test_dashboard_kpis" time="0.467" /><testcase classname="backend.tests.test_photo_system_iteration11.TestDashboardRegression" name="test_dashboard_stats" time="0.462" /><testcase classname="backend.tests.test_photo_system_iteration11.TestDashboardRegression" name="test_ativos_list" time="0.465" /><testcase classname="backend.tests.test_photo_system_iteration11.TestDashboardRegression" name="test_os_list" time="0.489" /><testcase classname="backend.tests.test_photo_system_iteration11.TestDashboardRegression" name="test_inspecoes_list" time="0.498" /><testcase classname="backend.tests.test_photo_system_iteration11.TestDashboardRegression" name="test_anomalias_list" time="0.455" /><testcase classname="backend.tests.test_photo_system_iteration11.TestDashboardRegression" name="test_estoque_list" time="0.454" /></testsuite></testsuites>