<?xml version="1.0" encoding="utf-8"?><testsuites name="pytest tests"><testsuite name="pytest" errors="0" failures="1" skipped="0" tests="12" time="3.403" timestamp="2026-06-17T15:49:07.733389+00:00" hostname="agent-env-478547b6-fd20-49d2-ac3b-a3f74c3e9f49"><testcase classname="backend.tests.test_iteration31_materiais.TestMaterialConsumption" name="test_add_material_deducts_stock" time="1.524" /><testcase classname="backend.tests.test_iteration31_materiais.TestMaterialConsumption" name="test_list_materiais" time="0.108" /><testcase classname="backend.tests.test_iteration31_materiais.TestMaterialConsumption" name="test_block_negative_stock" time="0.133" /><testcase classname="backend.tests.test_iteration31_materiais.TestMaterialConsumption" name="test_block_missing_item" time="0.131" /><testcase classname="backend.tests.test_iteration31_materiais.TestMaterialConsumption" name="test_block_zero_or_negative_qty" time="0.202" /><testcase classname="backend.tests.test_iteration31_materiais.TestMovimentacoes" name="test_list_movements_includes_consumo" time="0.102" /><testcase classname="backend.tests.test_iteration31_materiais.TestMovimentacoes" name="test_filter_by_item" time="0.106" /><testcase classname="backend.tests.test_iteration31_materiais.TestMovimentacoes" name="test_filter_by_ativo" time="0.114" /><testcase classname="backend.tests.test_iteration31_materiais.TestMovimentacoes" name="test_filter_by_user" time="0.101" /><testcase classname="backend.tests.test_iteration31_materiais.TestReturnFlow" name="test_delete_material_returns_stock" time="0.406" /><testcase classname="backend.tests.test_iteration31_materiais.TestAlteradoPor" name="test_os_update_sets_alterado_por" time="0.287"><failure message="AssertionError: Update: 403 {&quot;detail&quot;:&quot;Sem permissão para esta operação&quot;}&#10;assert 403 == 200&#10; +  where 403 = &lt;Response [403]&gt;.status_code">backend/tests/test_iteration31_materiais.py:213: in test_os_update_sets_alterado_por
    assert r2.status_code == 200, f"Update: {r2.status_code} {r2.text}"
E   AssertionError: Update: 403 {"detail":"Sem permissão para esta operação"}
E   assert 403 == 200
E    +  where 403 = &lt;Response [403]&gt;.status_code</failure></testcase><testcase classname="backend.tests.test_iteration31_materiais.TestAuditLog" name="test_audit_actions_present" time="0.108" /></testsuite></testsuites>