<?xml version="1.0" encoding="utf-8"?><testsuites name="pytest tests"><testsuite name="pytest" errors="0" failures="0" skipped="0" tests="13" time="3.630" timestamp="2026-06-21T14:29:30.656187+00:00" hostname="agent-env-478547b6-fd20-49d2-ac3b-a3f74c3e9f49"><testcase classname="backend.tests.test_iteration40_paradas.TestListParadas" name="test_list_returns_array_with_enrichment" time="0.591" /><testcase classname="backend.tests.test_iteration40_paradas.TestListParadas" name="test_existing_p01_indicators" time="0.105" /><testcase classname="backend.tests.test_iteration40_paradas.TestCreateParada" name="test_create_minimal" time="0.213" /><testcase classname="backend.tests.test_iteration40_paradas.TestCreateParada" name="test_create_with_os_and_full_payload" time="0.252" /><testcase classname="backend.tests.test_iteration40_paradas.TestCreateParada" name="test_tecnico_forbidden" time="0.348" /><testcase classname="backend.tests.test_iteration40_paradas.TestDetailParada" name="test_detail_has_os_detalhes_and_indicators" time="0.200" /><testcase classname="backend.tests.test_iteration40_paradas.TestDetailParada" name="test_detail_existing_p01" time="0.101" /><testcase classname="backend.tests.test_iteration40_paradas.TestDetailParada" name="test_detail_not_found" time="0.100" /><testcase classname="backend.tests.test_iteration40_paradas.TestUpdateParada" name="test_update_creates_field_change_audit" time="0.432" /><testcase classname="backend.tests.test_iteration40_paradas.TestUpdateParada" name="test_tecnico_cannot_update" time="0.227" /><testcase classname="backend.tests.test_iteration40_paradas.TestDeleteParada" name="test_soft_delete" time="0.432" /><testcase classname="backend.tests.test_iteration40_paradas.TestDeleteParada" name="test_tecnico_cannot_delete" time="0.203" /><testcase classname="backend.tests.test_iteration40_paradas.TestAssetHistorico" name="test_historico_includes_parada_event" time="0.309" /></testsuite></testsuites>