<?xml version="1.0" encoding="utf-8"?><testsuites name="pytest tests"><testsuite name="pytest" errors="0" failures="0" skipped="0" tests="13" time="4.308" timestamp="2026-06-14T17:14:10.797491+00:00" hostname="agent-env-478547b6-fd20-49d2-ac3b-a3f74c3e9f49"><testcase classname="backend.tests.test_iteration26_exports.TestAtivosExport" name="test_excel" time="1.237" /><testcase classname="backend.tests.test_iteration26_exports.TestAtivosExport" name="test_pdf" time="0.178" /><testcase classname="backend.tests.test_iteration26_exports.TestOSExport" name="test_excel" time="0.125" /><testcase classname="backend.tests.test_iteration26_exports.TestOSExport" name="test_pdf" time="0.122" /><testcase classname="backend.tests.test_iteration26_exports.TestEstoqueExport" name="test_excel" time="0.116" /><testcase classname="backend.tests.test_iteration26_exports.TestEstoqueExport" name="test_pdf" time="0.113" /><testcase classname="backend.tests.test_iteration26_exports.TestInspecoesExport" name="test_excel" time="0.131" /><testcase classname="backend.tests.test_iteration26_exports.TestSobressalentesExport" name="test_excel" time="0.113" /><testcase classname="backend.tests.test_iteration26_exports.TestAtivoCRUD" name="test_create_search_update_delete_ativo" time="0.541" /><testcase classname="backend.tests.test_iteration26_exports.TestOSWorkflow" name="test_create_iniciar_concluir_with_modal_fields" time="0.536" /><testcase classname="backend.tests.test_iteration26_exports.TestAnomaliasWorkflow" name="test_full_lifecycle" time="0.659" /><testcase classname="backend.tests.test_iteration26_exports.TestEstoqueAPI" name="test_estoque_list" time="0.099" /><testcase classname="backend.tests.test_iteration26_exports.TestSobressalentesAPI" name="test_list" time="0.108" /></testsuite></testsuites>