<?xml version="1.0" encoding="utf-8"?><testsuites name="pytest tests"><testsuite name="pytest" errors="0" failures="1" skipped="0" tests="32" time="49.516" timestamp="2026-04-11T14:34:02.053560+00:00" hostname="agent-env-478547b6-fd20-49d2-ac3b-a3f74c3e9f49"><testcase classname="backend.tests.test_manutrix_crud.TestAuth" name="test_admin_login_success" time="0.195" /><testcase classname="backend.tests.test_manutrix_crud.TestAuth" name="test_tecnico_login_success" time="0.119" /><testcase classname="backend.tests.test_manutrix_crud.TestAuth" name="test_login_invalid_credentials" time="0.106" /><testcase classname="backend.tests.test_manutrix_crud.TestAtivosCRUD" name="test_list_ativos" time="0.251" /><testcase classname="backend.tests.test_manutrix_crud.TestAtivosCRUD" name="test_list_areas" time="0.245" /><testcase classname="backend.tests.test_manutrix_crud.TestAtivosCRUD" name="test_create_ativo_admin" time="0.365" /><testcase classname="backend.tests.test_manutrix_crud.TestAtivosCRUD" name="test_get_ativo_by_id" time="0.459" /><testcase classname="backend.tests.test_manutrix_crud.TestAtivosCRUD" name="test_update_ativo" time="0.445" /><testcase classname="backend.tests.test_manutrix_crud.TestAtivosCRUD" name="test_delete_ativo_admin" time="0.534" /><testcase classname="backend.tests.test_manutrix_crud.TestEstoqueCRUD" name="test_list_estoque" time="0.200" /><testcase classname="backend.tests.test_manutrix_crud.TestEstoqueCRUD" name="test_create_estoque_item" time="0.214" /><testcase classname="backend.tests.test_manutrix_crud.TestEstoqueCRUD" name="test_get_estoque_item" time="0.340" /><testcase classname="backend.tests.test_manutrix_crud.TestEstoqueCRUD" name="test_update_estoque_item" time="0.356" /><testcase classname="backend.tests.test_manutrix_crud.TestEstoqueCRUD" name="test_delete_estoque_item" time="0.419" /><testcase classname="backend.tests.test_manutrix_crud.TestOSCRUD" name="test_list_os" time="0.199" /><testcase classname="backend.tests.test_manutrix_crud.TestOSCRUD" name="test_create_os_with_falha_tipo" time="0.326" /><testcase classname="backend.tests.test_manutrix_crud.TestOSCRUD" name="test_create_os_all_tipos" time="0.804" /><testcase classname="backend.tests.test_manutrix_crud.TestOSCRUD" name="test_get_os_by_id" time="0.432" /><testcase classname="backend.tests.test_manutrix_crud.TestOSCRUD" name="test_update_os" time="0.428" /><testcase classname="backend.tests.test_manutrix_crud.TestOSCRUD" name="test_os_workflow" time="0.655" /><testcase classname="backend.tests.test_manutrix_crud.TestOSCRUD" name="test_delete_os_admin" time="0.540" /><testcase classname="backend.tests.test_manutrix_crud.TestInspecoesCRUD" name="test_list_inspecoes" time="0.222" /><testcase classname="backend.tests.test_manutrix_crud.TestInspecoesCRUD" name="test_list_tecnicos" time="0.226" /><testcase classname="backend.tests.test_manutrix_crud.TestInspecoesCRUD" name="test_create_inspecao" time="0.439" /><testcase classname="backend.tests.test_manutrix_crud.TestInspecoesCRUD" name="test_get_inspecao_by_id" time="0.558" /><testcase classname="backend.tests.test_manutrix_crud.TestInspecoesCRUD" name="test_inspecao_workflow" time="1.326" /><testcase classname="backend.tests.test_manutrix_crud.TestInspecoesCRUD" name="test_delete_inspecao" time="0.647" /><testcase classname="backend.tests.test_manutrix_crud.TestRBACPermissions" name="test_tecnico_cannot_delete_ativo" time="0.696" /><testcase classname="backend.tests.test_manutrix_crud.TestRBACPermissions" name="test_tecnico_can_create_os" time="0.428" /><testcase classname="backend.tests.test_manutrix_crud.TestRBACPermissions" name="test_admin_full_access" time="36.676" /><testcase classname="backend.tests.test_manutrix_crud.TestDashboardKPIs" name="test_kpis_endpoint" time="0.212" /><testcase classname="backend.tests.test_manutrix_crud.TestDashboardKPIs" name="test_dashboard_stats" time="0.218"><failure message="KeyError: 'total'">backend/tests/test_manutrix_crud.py:739: in test_dashboard_stats
    print(f"✓ Dashboard stats: {data['ativos']['total']} ativos, {data['ordens_servico']['total']} OS")
                                                                  ^^^^^^^^^^^^^^^^^^^^^^^^^^^^^^^
E   KeyError: 'total'</failure></testcase></testsuite></testsuites>