<?xml version="1.0" encoding="utf-8"?><testsuites name="pytest tests"><testsuite name="pytest" errors="0" failures="0" skipped="0" tests="53" time="133.385" timestamp="2026-07-17T20:00:02.531035+00:00" hostname="agent-env-478547b6-fd20-49d2-ac3b-a3f74c3e9f49"><testcase classname="backend.tests.test_rc41.TestAuth" name="test_login_all_roles" time="2.584" /><testcase classname="backend.tests.test_rc41.TestAuth" name="test_login_wrong_password" time="0.505" /><testcase classname="backend.tests.test_rc41.TestAuth" name="test_login_auto_resolve" time="0.766" /><testcase classname="backend.tests.test_rc41.TestAuth" name="test_login_master_requires_org" time="0.273" /><testcase classname="backend.tests.test_rc41.TestAuth" name="test_lookup_email" time="0.395" /><testcase classname="backend.tests.test_rc41.TestAuth" name="test_auth_me" time="0.385" /><testcase classname="backend.tests.test_rc41.TestStateMachine" name="test_direct_execution" time="1.982" /><testcase classname="backend.tests.test_rc41.TestStateMachine" name="test_programada_to_em_execucao" time="3.340" /><testcase classname="backend.tests.test_rc41.TestStateMachine" name="test_invalid_transition" time="2.265" /><testcase classname="backend.tests.test_rc41.TestStateMachine" name="test_get_transitions" time="2.270" /><testcase classname="backend.tests.test_rc41.TestStateMachine" name="test_full_lifecycle_direct" time="6.034" /><testcase classname="backend.tests.test_rc41.TestStateMachine" name="test_full_lifecycle_long" time="4.754" /><testcase classname="backend.tests.test_rc41.TestStateMachine" name="test_foto_obrigatoria_corretiva" time="2.519" /><testcase classname="backend.tests.test_rc41.TestStateMachine" name="test_concluir_sem_descricao" time="2.405" /><testcase classname="backend.tests.test_rc41.TestStateMachine" name="test_terminal_state_no_transition" time="2.959" /><testcase classname="backend.tests.test_rc41.TestStateMachine" name="test_audit_trail" time="3.087" /><testcase classname="backend.tests.test_rc41.TestStateMachine" name="test_error_message_consistency" time="2.207" /><testcase classname="backend.tests.test_rc41.TestDashboard" name="test_dashboard_stats" time="2.623" /><testcase classname="backend.tests.test_rc41.TestDashboard" name="test_dashboard_executivo" time="2.422" /><testcase classname="backend.tests.test_rc41.TestDashboard" name="test_indicadores" time="1.862" /><testcase classname="backend.tests.test_rc41.TestDashboard" name="test_minha_area" time="0.974" /><testcase classname="backend.tests.test_rc41.TestDossier" name="test_dossier" time="2.269" /><testcase classname="backend.tests.test_rc41.TestPerformance" name="test_health_fast" time="0.293" /><testcase classname="backend.tests.test_rc41.TestPerformance" name="test_dashboard_fast" time="2.267" /><testcase classname="backend.tests.test_rc41.TestRBAC" name="test_unauthenticated_rejected" time="0.112" /><testcase classname="backend.tests.test_rc41.TestRBAC" name="test_system_status_admin" time="0.661" /><testcase classname="backend.tests.test_rc41.TestRBAC" name="test_system_status_tecnico_denied" time="0.262" /><testcase classname="backend.tests.test_rc41.TestRBAC" name="test_tecnico_cannot_approve" time="2.404" /><testcase classname="backend.tests.test_rc41.TestRBAC" name="test_tecnico_can_execute" time="3.362" /><testcase classname="backend.tests.test_rc41.TestRBAC" name="test_pcm_can_plan" time="2.697" /><testcase classname="backend.tests.test_rc41.TestRBAC" name="test_tecnico_cannot_cancel" time="2.414" /><testcase classname="backend.tests.test_rc41.TestExports" name="test_os_individual_pdf" time="3.164" /><testcase classname="backend.tests.test_rc41.TestExports" name="test_os_batch_pdf" time="2.532" /><testcase classname="backend.tests.test_rc41.TestExports" name="test_batch_pdf_rbac_tecnico_denied" time="0.242" /><testcase classname="backend.tests.test_rc41.TestExports" name="test_batch_pdf_rbac_pcm_allowed" time="2.590" /><testcase classname="backend.tests.test_rc41.TestExports" name="test_export_os_excel" time="1.450" /><testcase classname="backend.tests.test_rc41.TestExports" name="test_export_ativos_excel" time="0.688" /><testcase classname="backend.tests.test_rc41.TestExports" name="test_export_inspecoes_excel" time="0.567" /><testcase classname="backend.tests.test_rc41.TestExports" name="test_export_preventivas_excel" time="0.735" /><testcase classname="backend.tests.test_rc41.TestExports" name="test_export_preventivas_pdf" time="0.756" /><testcase classname="backend.tests.test_rc41.TestExports" name="test_qr_code_in_os_pdf" time="2.856" /><testcase classname="backend.tests.test_rc41.TestDocConfig" name="test_get_doc_config" time="0.430" /><testcase classname="backend.tests.test_rc41.TestDocConfig" name="test_update_doc_config" time="0.410" /><testcase classname="backend.tests.test_rc41.TestDocConfig" name="test_doc_config_rbac_tecnico_blocked" time="0.258" /><testcase classname="backend.tests.test_rc41.TestDocConfig" name="test_doc_config_pcm_allowed" time="0.399" /><testcase classname="backend.tests.test_rc41.TestDocConfig" name="test_procedimento_crud" time="2.557" /><testcase classname="backend.tests.test_rc41.TestDocConfig" name="test_seguranca_crud" time="1.639" /><testcase classname="backend.tests.test_rc41.TestDocConfig" name="test_os_with_procedure_and_safety" time="2.945" /><testcase classname="backend.tests.test_rc41.TestDocConfig" name="test_pdf_digital_mode" time="3.039" /><testcase classname="backend.tests.test_rc41.TestDocConfig" name="test_pdf_manual_mode" time="2.943" /><testcase classname="backend.tests.test_rc41.TestDocConfig" name="test_inspection_pdf_digital" time="0.424" /><testcase classname="backend.tests.test_rc41.TestDocConfig" name="test_inspection_pdf_manual" time="0.399" /><testcase classname="backend.tests.test_rc41.TestDocConfig" name="test_old_os_pdf_fallback" time="38.901" /></testsuite></testsuites>