<?xml version="1.0" encoding="utf-8"?><testsuites name="pytest tests"><testsuite name="pytest" errors="0" failures="1" skipped="0" tests="53" time="97.714" timestamp="2026-07-17T18:15:04.604022+00:00" hostname="agent-env-478547b6-fd20-49d2-ac3b-a3f74c3e9f49"><testcase classname="tests.test_rc41.TestAuth" name="test_login_all_roles" time="2.574" /><testcase classname="tests.test_rc41.TestAuth" name="test_login_wrong_password" time="0.488" /><testcase classname="tests.test_rc41.TestAuth" name="test_login_auto_resolve" time="0.778" /><testcase classname="tests.test_rc41.TestAuth" name="test_login_master_requires_org" time="0.132"><failure message="assert 429 == 400&#10; +  where 429 = &lt;Response [429 Too Many Requests]&gt;.status_code">tests/test_rc41.py:59: in test_login_master_requires_org
    assert r.status_code == 400
E   assert 429 == 400
E    +  where 429 = &lt;Response [429 Too Many Requests]&gt;.status_code</failure></testcase><testcase classname="tests.test_rc41.TestAuth" name="test_lookup_email" time="0.390" /><testcase classname="tests.test_rc41.TestAuth" name="test_auth_me" time="0.740" /><testcase classname="tests.test_rc41.TestStateMachine" name="test_direct_execution" time="1.797" /><testcase classname="tests.test_rc41.TestStateMachine" name="test_programada_to_em_execucao" time="3.237" /><testcase classname="tests.test_rc41.TestStateMachine" name="test_invalid_transition" time="2.090" /><testcase classname="tests.test_rc41.TestStateMachine" name="test_get_transitions" time="2.164" /><testcase classname="tests.test_rc41.TestStateMachine" name="test_full_lifecycle_direct" time="5.866" /><testcase classname="tests.test_rc41.TestStateMachine" name="test_full_lifecycle_long" time="4.589" /><testcase classname="tests.test_rc41.TestStateMachine" name="test_foto_obrigatoria_corretiva" time="2.378" /><testcase classname="tests.test_rc41.TestStateMachine" name="test_concluir_sem_descricao" time="2.052" /><testcase classname="tests.test_rc41.TestStateMachine" name="test_terminal_state_no_transition" time="2.807" /><testcase classname="tests.test_rc41.TestStateMachine" name="test_audit_trail" time="2.772" /><testcase classname="tests.test_rc41.TestStateMachine" name="test_error_message_consistency" time="2.952" /><testcase classname="tests.test_rc41.TestDashboard" name="test_dashboard_stats" time="2.555" /><testcase classname="tests.test_rc41.TestDashboard" name="test_dashboard_executivo" time="2.950" /><testcase classname="tests.test_rc41.TestDashboard" name="test_indicadores" time="2.095" /><testcase classname="tests.test_rc41.TestDashboard" name="test_minha_area" time="0.959" /><testcase classname="tests.test_rc41.TestDossier" name="test_dossier" time="2.515" /><testcase classname="tests.test_rc41.TestPerformance" name="test_health_fast" time="0.278" /><testcase classname="tests.test_rc41.TestPerformance" name="test_dashboard_fast" time="2.805" /><testcase classname="tests.test_rc41.TestRBAC" name="test_unauthenticated_rejected" time="0.129" /><testcase classname="tests.test_rc41.TestRBAC" name="test_system_status_admin" time="0.624" /><testcase classname="tests.test_rc41.TestRBAC" name="test_system_status_tecnico_denied" time="0.261" /><testcase classname="tests.test_rc41.TestRBAC" name="test_tecnico_cannot_approve" time="2.050" /><testcase classname="tests.test_rc41.TestRBAC" name="test_tecnico_can_execute" time="2.909" /><testcase classname="tests.test_rc41.TestRBAC" name="test_pcm_can_plan" time="2.181" /><testcase classname="tests.test_rc41.TestRBAC" name="test_tecnico_cannot_cancel" time="1.922" /><testcase classname="tests.test_rc41.TestExports" name="test_os_individual_pdf" time="3.486" /><testcase classname="tests.test_rc41.TestExports" name="test_os_batch_pdf" time="2.685" /><testcase classname="tests.test_rc41.TestExports" name="test_batch_pdf_rbac_tecnico_denied" time="0.265" /><testcase classname="tests.test_rc41.TestExports" name="test_batch_pdf_rbac_pcm_allowed" time="2.659" /><testcase classname="tests.test_rc41.TestExports" name="test_export_os_excel" time="2.295" /><testcase classname="tests.test_rc41.TestExports" name="test_export_ativos_excel" time="0.839" /><testcase classname="tests.test_rc41.TestExports" name="test_export_inspecoes_excel" time="0.541" /><testcase classname="tests.test_rc41.TestExports" name="test_export_preventivas_excel" time="0.701" /><testcase classname="tests.test_rc41.TestExports" name="test_export_preventivas_pdf" time="0.753" /><testcase classname="tests.test_rc41.TestExports" name="test_qr_code_in_os_pdf" time="2.945" /><testcase classname="tests.test_rc41.TestDocConfig" name="test_get_doc_config" time="0.407" /><testcase classname="tests.test_rc41.TestDocConfig" name="test_update_doc_config" time="0.435" /><testcase classname="tests.test_rc41.TestDocConfig" name="test_doc_config_rbac_tecnico_blocked" time="0.249" /><testcase classname="tests.test_rc41.TestDocConfig" name="test_doc_config_pcm_allowed" time="0.442" /><testcase classname="tests.test_rc41.TestDocConfig" name="test_procedimento_crud" time="2.505" /><testcase classname="tests.test_rc41.TestDocConfig" name="test_seguranca_crud" time="1.630" /><testcase classname="tests.test_rc41.TestDocConfig" name="test_os_with_procedure_and_safety" time="2.844" /><testcase classname="tests.test_rc41.TestDocConfig" name="test_pdf_digital_mode" time="2.961" /><testcase classname="tests.test_rc41.TestDocConfig" name="test_pdf_manual_mode" time="3.104" /><testcase classname="tests.test_rc41.TestDocConfig" name="test_inspection_pdf_digital" time="0.387" /><testcase classname="tests.test_rc41.TestDocConfig" name="test_inspection_pdf_manual" time="0.388" /><testcase classname="tests.test_rc41.TestDocConfig" name="test_old_os_pdf_fallback" time="3.012" /></testsuite></testsuites>