<?xml version="1.0" encoding="utf-8"?><testsuites name="pytest tests"><testsuite name="pytest" errors="0" failures="0" skipped="0" tests="42" time="58.614" timestamp="2026-07-17T19:38:12.550784+00:00" hostname="agent-env-478547b6-fd20-49d2-ac3b-a3f74c3e9f49"><testcase classname="tests.test_sprint3_personalizacao.TestLogin" name="test_all_logins" time="12.339" /><testcase classname="tests.test_sprint3_personalizacao.TestCamposCreateAllTypes" name="test_create_all_17_types" time="12.031" /><testcase classname="tests.test_sprint3_personalizacao.TestCamposValidation" name="test_invalid_tipo_422" time="0.253" /><testcase classname="tests.test_sprint3_personalizacao.TestCamposValidation" name="test_invalid_identificador_uppercase_422" time="0.250" /><testcase classname="tests.test_sprint3_personalizacao.TestCamposValidation" name="test_invalid_identificador_starts_with_digit_422" time="0.258" /><testcase classname="tests.test_sprint3_personalizacao.TestCamposValidation" name="test_invalid_identificador_dashes_422" time="0.275" /><testcase classname="tests.test_sprint3_personalizacao.TestCamposValidation" name="test_invalid_modulo_422" time="0.260" /><testcase classname="tests.test_sprint3_personalizacao.TestCamposDuplicateIdent" name="test_duplicate_identificador_returns_409" time="1.101" /><testcase classname="tests.test_sprint3_personalizacao.TestCamposLifecycle" name="test_01_create_v1" time="1.114" /><testcase classname="tests.test_sprint3_personalizacao.TestCamposLifecycle" name="test_02_update_v2_preserves_identifier" time="1.263" /><testcase classname="tests.test_sprint3_personalizacao.TestCamposLifecycle" name="test_03_list_versions" time="0.434" /><testcase classname="tests.test_sprint3_personalizacao.TestCamposLifecycle" name="test_04_restore_v1_creates_v3" time="1.432" /><testcase classname="tests.test_sprint3_personalizacao.TestCamposLifecycle" name="test_05_soft_delete" time="1.495" /><testcase classname="tests.test_sprint3_personalizacao.TestCamposPorModulo" name="test_01_seed_fields" time="2.108" /><testcase classname="tests.test_sprint3_personalizacao.TestCamposPorModulo" name="test_02_por_modulo_os_corretiva" time="0.395" /><testcase classname="tests.test_sprint3_personalizacao.TestCamposPorModulo" name="test_03_por_modulo_os_preventiva" time="0.400" /><testcase classname="tests.test_sprint3_personalizacao.TestCamposPorModulo" name="test_04_por_modulo_inspecao" time="0.417" /><testcase classname="tests.test_sprint3_personalizacao.TestCabecalhosRodapes" name="test_01_create_cabecalho" time="0.556" /><testcase classname="tests.test_sprint3_personalizacao.TestCabecalhosRodapes" name="test_02_create_rodape" time="0.546" /><testcase classname="tests.test_sprint3_personalizacao.TestCabecalhosRodapes" name="test_03_invalid_tipo_422" time="0.246" /><testcase classname="tests.test_sprint3_personalizacao.TestCabecalhosRodapes" name="test_04_update_v2" time="0.920" /><testcase classname="tests.test_sprint3_personalizacao.TestCabecalhosRodapes" name="test_05_list_versions_and_restore" time="1.403" /><testcase classname="tests.test_sprint3_personalizacao.TestCabecalhosRodapes" name="test_06_soft_delete" time="0.689" /><testcase classname="tests.test_sprint3_personalizacao.TestBlocosAssinatura" name="test_01_create_with_campos" time="0.964" /><testcase classname="tests.test_sprint3_personalizacao.TestBlocosAssinatura" name="test_02_update_v2" time="0.836" /><testcase classname="tests.test_sprint3_personalizacao.TestBlocosAssinatura" name="test_03_delete" time="0.701" /><testcase classname="tests.test_sprint3_personalizacao.TestLayouts" name="test_01_seed_cabecalho_and_rodape" time="1.133" /><testcase classname="tests.test_sprint3_personalizacao.TestLayouts" name="test_02_create_layout_auto_snapshot" time="1.247" /><testcase classname="tests.test_sprint3_personalizacao.TestLayouts" name="test_03_snapshot_isolation_after_cabecalho_update" time="1.269" /><testcase classname="tests.test_sprint3_personalizacao.TestLayouts" name="test_04_invalid_orientacao_422" time="0.281" /><testcase classname="tests.test_sprint3_personalizacao.TestLayouts" name="test_05_update_layout_v2_and_versions" time="1.575" /><testcase classname="tests.test_sprint3_personalizacao.TestLayouts" name="test_06_restore_v1" time="1.387" /><testcase classname="tests.test_sprint3_personalizacao.TestLayouts" name="test_07_soft_delete" time="1.154" /><testcase classname="tests.test_sprint3_personalizacao.TestRBAC" name="test_tecnico_blocked_campos_post" time="0.264" /><testcase classname="tests.test_sprint3_personalizacao.TestRBAC" name="test_tecnico_blocked_cabecalhos_post" time="0.276" /><testcase classname="tests.test_sprint3_personalizacao.TestRBAC" name="test_tecnico_blocked_assinaturas_post" time="0.249" /><testcase classname="tests.test_sprint3_personalizacao.TestRBAC" name="test_tecnico_blocked_layouts_post" time="0.247" /><testcase classname="tests.test_sprint3_personalizacao.TestRBAC" name="test_tecnico_blocked_put_delete" time="1.227" /><testcase classname="tests.test_sprint3_personalizacao.TestRBAC" name="test_pcm_can_create_all_4_types" time="2.401" /><testcase classname="tests.test_sprint3_personalizacao.TestRBAC" name="test_pcm_can_update_campo" time="1.550" /><testcase classname="tests.test_sprint3_personalizacao.TestEdgeCases" name="test_get_nonexistent_campo_404" time="0.397" /><testcase classname="tests.test_sprint3_personalizacao.TestEdgeCases" name="test_restore_nonexistent_version_404" time="1.134" /></testsuite></testsuites>