<?xml version="1.0" encoding="utf-8"?><testsuites name="pytest tests"><testsuite name="pytest" errors="0" failures="0" skipped="0" tests="29" time="37.378" timestamp="2026-07-17T18:38:49.733397+00:00" hostname="agent-env-478547b6-fd20-49d2-ac3b-a3f74c3e9f49"><testcase classname="tests.test_sprint2_biblioteca.TestLogin" name="test_all_logins" time="13.125" /><testcase classname="tests.test_sprint2_biblioteca.TestChecklistsCRUD" name="test_01_create_v1_with_items" time="0.977" /><testcase classname="tests.test_sprint2_biblioteca.TestChecklistsCRUD" name="test_02_get_item" time="0.393" /><testcase classname="tests.test_sprint2_biblioteca.TestChecklistsCRUD" name="test_03_update_to_v2" time="1.224" /><testcase classname="tests.test_sprint2_biblioteca.TestChecklistsCRUD" name="test_04_update_to_v3" time="0.846" /><testcase classname="tests.test_sprint2_biblioteca.TestChecklistsCRUD" name="test_05_list_versions_desc" time="0.383" /><testcase classname="tests.test_sprint2_biblioteca.TestChecklistsCRUD" name="test_06_restore_v1_creates_v4" time="1.434" /><testcase classname="tests.test_sprint2_biblioteca.TestChecklistsCRUD" name="test_07_soft_delete" time="1.910" /><testcase classname="tests.test_sprint2_biblioteca.TestModelosInspecao" name="test_01_seed_source_checklist" time="0.534" /><testcase classname="tests.test_sprint2_biblioteca.TestModelosInspecao" name="test_02_create_mi_with_auto_snapshot" time="1.115" /><testcase classname="tests.test_sprint2_biblioteca.TestModelosInspecao" name="test_03_snapshot_isolation_after_source_update" time="1.218" /><testcase classname="tests.test_sprint2_biblioteca.TestModelosInspecao" name="test_04_update_mi_to_v2" time="0.889" /><testcase classname="tests.test_sprint2_biblioteca.TestModelosInspecao" name="test_05_list_mi_versions" time="0.386" /><testcase classname="tests.test_sprint2_biblioteca.TestModelosInspecao" name="test_06_restore_mi_v1" time="0.998" /><testcase classname="tests.test_sprint2_biblioteca.TestModelosOS" name="test_01_create_mo_v1" time="0.543" /><testcase classname="tests.test_sprint2_biblioteca.TestModelosOS" name="test_02_update_mo_v2_v3" time="1.674" /><testcase classname="tests.test_sprint2_biblioteca.TestModelosOS" name="test_03_list_versions" time="0.424" /><testcase classname="tests.test_sprint2_biblioteca.TestModelosOS" name="test_04_restore_v1" time="0.973" /><testcase classname="tests.test_sprint2_biblioteca.TestModelosOS" name="test_05_delete_archived" time="0.688" /><testcase classname="tests.test_sprint2_biblioteca.TestRBAC" name="test_tecnico_blocked_on_checklists_post" time="0.260" /><testcase classname="tests.test_sprint2_biblioteca.TestRBAC" name="test_tecnico_blocked_on_modelos_inspecao_post" time="0.266" /><testcase classname="tests.test_sprint2_biblioteca.TestRBAC" name="test_tecnico_blocked_on_modelos_os_post" time="0.250" /><testcase classname="tests.test_sprint2_biblioteca.TestRBAC" name="test_tecnico_blocked_put_delete_and_restore" time="1.319" /><testcase classname="tests.test_sprint2_biblioteca.TestRBAC" name="test_pcm_can_create_checklists" time="0.536" /><testcase classname="tests.test_sprint2_biblioteca.TestRBAC" name="test_pcm_can_create_modelos_inspecao" time="0.544" /><testcase classname="tests.test_sprint2_biblioteca.TestRBAC" name="test_pcm_can_create_modelos_os" time="0.539" /><testcase classname="tests.test_sprint2_biblioteca.TestRBAC" name="test_pcm_can_update_and_restore" time="2.390" /><testcase classname="tests.test_sprint2_biblioteca.TestEdgeCases" name="test_get_nonexistent_checklist_404" time="0.427" /><testcase classname="tests.test_sprint2_biblioteca.TestEdgeCases" name="test_restore_nonexistent_version_404" time="0.992" /></testsuite></testsuites>