<?xml version="1.0" encoding="utf-8"?><testsuites name="pytest tests"><testsuite name="pytest" errors="0" failures="1" skipped="0" tests="73" time="146.482" timestamp="2026-07-17T18:39:33.490794+00:00" hostname="agent-env-478547b6-fd20-49d2-ac3b-a3f74c3e9f49"><testcase classname="tests.test_rc41.TestAuth" name="test_login_all_roles" time="2.553" /><testcase classname="tests.test_rc41.TestAuth" name="test_login_wrong_password" time="0.514" /><testcase classname="tests.test_rc41.TestAuth" name="test_login_auto_resolve" time="0.767" /><testcase classname="tests.test_rc41.TestAuth" name="test_login_master_requires_org" time="0.118"><failure message="assert 429 == 400&#10; +  where 429 = &lt;Response [429 Too Many Requests]&gt;.status_code">E   assert 429 == 400
     +  where 429 = &lt;Response [429 Too Many Requests]&gt;.status_code</failure></testcase><testcase classname="tests.test_rc41.TestAuth" name="test_lookup_email" time="0.385" /><testcase classname="tests.test_rc41.TestAuth" name="test_auth_me" time="0.390" /><testcase classname="tests.test_rc41.TestStateMachine" name="test_direct_execution" time="1.669" /><testcase classname="tests.test_rc41.TestStateMachine" name="test_programada_to_em_execucao" time="2.918" /><testcase classname="tests.test_rc41.TestStateMachine" name="test_invalid_transition" time="1.954" /><testcase classname="tests.test_rc41.TestStateMachine" name="test_get_transitions" time="1.921" /><testcase classname="tests.test_rc41.TestStateMachine" name="test_full_lifecycle_direct" time="5.816" /><testcase classname="tests.test_rc41.TestStateMachine" name="test_full_lifecycle_long" time="4.322" /><testcase classname="tests.test_rc41.TestStateMachine" name="test_foto_obrigatoria_corretiva" time="2.229" /><testcase classname="tests.test_rc41.TestStateMachine" name="test_concluir_sem_descricao" time="1.986" /><testcase classname="tests.test_rc41.TestStateMachine" name="test_terminal_state_no_transition" time="2.662" /><testcase classname="tests.test_rc41.TestStateMachine" name="test_audit_trail" time="2.676" /><testcase classname="tests.test_rc41.TestStateMachine" name="test_error_message_consistency" time="1.973" /><testcase classname="tests.test_rc41.TestDashboard" name="test_dashboard_stats" time="2.546" /><testcase classname="tests.test_rc41.TestDashboard" name="test_dashboard_executivo" time="2.412" /><testcase classname="tests.test_rc41.TestDashboard" name="test_indicadores" time="1.856" /><testcase classname="tests.test_rc41.TestDashboard" name="test_minha_area" time="0.952" /><testcase classname="tests.test_rc41.TestDossier" name="test_dossier" time="2.233" /><testcase classname="tests.test_rc41.TestPerformance" name="test_health_fast" time="0.281" /><testcase classname="tests.test_rc41.TestPerformance" name="test_dashboard_fast" time="2.276" /><testcase classname="tests.test_rc41.TestRBAC" name="test_unauthenticated_rejected" time="0.129" /><testcase classname="tests.test_rc41.TestRBAC" name="test_system_status_admin" time="0.657" /><testcase classname="tests.test_rc41.TestRBAC" name="test_system_status_tecnico_denied" time="0.241" /><testcase classname="tests.test_rc41.TestRBAC" name="test_tecnico_cannot_approve" time="1.938" /><testcase classname="tests.test_rc41.TestRBAC" name="test_tecnico_can_execute" time="2.907" /><testcase classname="tests.test_rc41.TestRBAC" name="test_pcm_can_plan" time="2.262" /><testcase classname="tests.test_rc41.TestRBAC" name="test_tecnico_cannot_cancel" time="1.997" /><testcase classname="tests.test_rc41.TestExports" name="test_os_individual_pdf" time="2.953" /><testcase classname="tests.test_rc41.TestExports" name="test_os_batch_pdf" time="38.609" /><testcase classname="tests.test_rc41.TestExports" name="test_batch_pdf_rbac_tecnico_denied" time="0.245" /><testcase classname="tests.test_rc41.TestExports" name="test_batch_pdf_rbac_pcm_allowed" time="2.542" /><testcase classname="tests.test_rc41.TestExports" name="test_export_os_excel" time="1.351" /><testcase classname="tests.test_rc41.TestExports" name="test_export_ativos_excel" time="0.704" /><testcase classname="tests.test_rc41.TestExports" name="test_export_inspecoes_excel" time="0.572" /><testcase classname="tests.test_rc41.TestExports" name="test_export_preventivas_excel" time="0.690" /><testcase classname="tests.test_rc41.TestExports" name="test_export_preventivas_pdf" time="0.769" /><testcase classname="tests.test_rc41.TestExports" name="test_qr_code_in_os_pdf" time="2.593" /><testcase classname="tests.test_rc41.TestDocConfig" name="test_get_doc_config" time="0.410" /><testcase classname="tests.test_rc41.TestDocConfig" name="test_update_doc_config" time="0.393" /><testcase classname="tests.test_rc41.TestDocConfig" name="test_doc_config_rbac_tecnico_blocked" time="0.261" /><testcase classname="tests.test_rc41.TestDocConfig" name="test_doc_config_pcm_allowed" time="0.432" /><testcase classname="tests.test_rc41.TestDocConfig" name="test_procedimento_crud" time="2.500" /><testcase classname="tests.test_rc41.TestDocConfig" name="test_seguranca_crud" time="1.661" /><testcase classname="tests.test_rc41.TestDocConfig" name="test_os_with_procedure_and_safety" time="2.639" /><testcase classname="tests.test_rc41.TestDocConfig" name="test_pdf_digital_mode" time="2.817" /><testcase classname="tests.test_rc41.TestDocConfig" name="test_pdf_manual_mode" time="2.872" /><testcase classname="tests.test_rc41.TestDocConfig" name="test_inspection_pdf_digital" time="0.401" /><testcase classname="tests.test_rc41.TestDocConfig" name="test_inspection_pdf_manual" time="0.385" /><testcase classname="tests.test_rc41.TestDocConfig" name="test_old_os_pdf_fallback" time="2.767" /><testcase classname="tests.test_sprint1_versioning.TestLogin" name="test_master_login_with_org" time="1.027" /><testcase classname="tests.test_sprint1_versioning.TestLogin" name="test_all_users_login" time="2.347" /><testcase classname="tests.test_sprint1_versioning.TestProcedimentoVersioning" name="test_01_create_procedimento_v1" time="0.965" /><testcase classname="tests.test_sprint1_versioning.TestProcedimentoVersioning" name="test_02_update_to_v2" time="0.847" /><testcase classname="tests.test_sprint1_versioning.TestProcedimentoVersioning" name="test_03_update_to_v3" time="0.886" /><testcase classname="tests.test_sprint1_versioning.TestProcedimentoVersioning" name="test_04_list_versions_returns_3_desc" time="0.443" /><testcase classname="tests.test_sprint1_versioning.TestProcedimentoVersioning" name="test_05_restore_v1_creates_v4" time="0.981" /><testcase classname="tests.test_sprint1_versioning.TestProcedimentoVersioning" name="test_06_current_state_has_v1_data_and_v4_number" time="0.435" /><testcase classname="tests.test_sprint1_versioning.TestProcedimentoVersioning" name="test_07_versoes_after_restore_has_4" time="0.391" /><testcase classname="tests.test_sprint1_versioning.TestSegurancaVersioning" name="test_01_create_seguranca_v1" time="0.543" /><testcase classname="tests.test_sprint1_versioning.TestSegurancaVersioning" name="test_02_update_v2_v3" time="1.687" /><testcase classname="tests.test_sprint1_versioning.TestSegurancaVersioning" name="test_03_list_versoes" time="0.409" /><testcase classname="tests.test_sprint1_versioning.TestSegurancaVersioning" name="test_04_restore_v1" time="1.389" /><testcase classname="tests.test_sprint1_versioning.TestRBAC" name="test_tecnico_cannot_create_procedimento" time="0.295" /><testcase classname="tests.test_sprint1_versioning.TestRBAC" name="test_tecnico_cannot_update_procedimento" time="0.806" /><testcase classname="tests.test_sprint1_versioning.TestRBAC" name="test_tecnico_cannot_delete_procedimento" time="0.784" /><testcase classname="tests.test_sprint1_versioning.TestRBAC" name="test_tecnico_cannot_restore" time="0.818" /><testcase classname="tests.test_sprint1_versioning.TestRBAC" name="test_pcm_can_create_procedimento" time="0.547" /><testcase classname="tests.test_sprint1_versioning.TestRBAC" name="test_pcm_can_update_procedimento" time="1.407" /><testcase classname="tests.test_sprint1_versioning.TestUnicodeVersioning" name="test_unicode_survives_create_update_restore" time="3.240" /></testsuite></testsuites>