<?xml version="1.0" encoding="utf-8"?><testsuites name="pytest tests"><testsuite name="pytest" errors="0" failures="0" skipped="0" tests="13" time="3.332" timestamp="2026-07-03T15:59:11.138325+00:00" hostname="agent-env-478547b6-fd20-49d2-ac3b-a3f74c3e9f49"><testcase classname="backend.tests.test_sprint56_governance.TestOperadorFlow" name="test_operador_can_create_solicitacao" time="0.494" /><testcase classname="backend.tests.test_sprint56_governance.TestOperadorFlow" name="test_get_solicitacao_persisted" time="0.139" /><testcase classname="backend.tests.test_sprint56_governance.TestPCMApprovalFlow" name="test_pcm_creates_melhoria_requires_approval" time="0.425" /><testcase classname="backend.tests.test_sprint56_governance.TestPCMApprovalFlow" name="test_send_to_approval" time="0.128" /><testcase classname="backend.tests.test_sprint56_governance.TestPCMApprovalFlow" name="test_approve_by_master" time="0.423" /><testcase classname="backend.tests.test_sprint56_governance.TestPCMApprovalFlow" name="test_reject_flow" time="0.327" /><testcase classname="backend.tests.test_sprint56_governance.TestPCMApprovalFlow" name="test_revisao_flow" time="0.432" /><testcase classname="backend.tests.test_sprint56_governance.TestPCMApprovalFlow" name="test_invalid_decisao" time="0.361" /><testcase classname="backend.tests.test_sprint56_governance.TestEstatisticas" name="test_estatisticas_shape" time="0.112" /><testcase classname="backend.tests.test_sprint56_governance.TestEstatisticas" name="test_operador_stats_scoped" time="0.108" /><testcase classname="backend.tests.test_sprint56_governance.TestListAndFilters" name="test_list_filter_by_origem" time="0.105" /><testcase classname="backend.tests.test_sprint56_governance.TestListAndFilters" name="test_list_filter_by_status_solicitada" time="0.104" /><testcase classname="backend.tests.test_sprint56_governance.TestFreeStringTipo" name="test_custom_tipo_accepted" time="0.101" /></testsuite></testsuites>