<?xml version="1.0" encoding="utf-8"?><testsuites name="pytest tests"><testsuite name="pytest" errors="0" failures="0" skipped="0" tests="25" time="45.137" timestamp="2026-07-17T19:59:12.049647+00:00" hostname="agent-env-478547b6-fd20-49d2-ac3b-a3f74c3e9f49"><testcase classname="backend.tests.test_sprint3_integration.TestSprint3IntSetup" name="test_01_create_cabecalho" time="14.642" /><testcase classname="backend.tests.test_sprint3_integration.TestSprint3IntSetup" name="test_02_create_rodape" time="0.560" /><testcase classname="backend.tests.test_sprint3_integration.TestSprint3IntSetup" name="test_03_create_campo_decimal" time="0.706" /><testcase classname="backend.tests.test_sprint3_integration.TestSprint3IntSetup" name="test_04_create_layout_with_snapshots" time="1.242" /><testcase classname="backend.tests.test_sprint3_integration.TestOSAutoSnapshot" name="test_01_create_os_corretiva_with_layout_and_custom_field" time="1.280" /><testcase classname="backend.tests.test_sprint3_integration.TestOSAutoSnapshot" name="test_02_verify_layout_snapshot_populated" time="0.995" /><testcase classname="backend.tests.test_sprint3_integration.TestOSAutoSnapshot" name="test_03_verify_campo_definitions_frozen" time="0.994" /><testcase classname="backend.tests.test_sprint3_integration.TestSignatureCapture" name="test_01_capturar_assinatura" time="0.726" /><testcase classname="backend.tests.test_sprint3_integration.TestSignatureCapture" name="test_02_signature_attached_to_os" time="0.972" /><testcase classname="backend.tests.test_sprint3_integration.TestSignatureCapture" name="test_03_signature_404_on_nonexistent" time="0.402" /><testcase classname="backend.tests.test_sprint3_integration.TestPDFCustomLayout" name="test_01_pdf_has_cabecalho_razao_or_cnpj" time="2.299" /><testcase classname="backend.tests.test_sprint3_integration.TestPDFCustomLayout" name="test_02_pdf_has_rodape_texto_personalizado" time="0.000" /><testcase classname="backend.tests.test_sprint3_integration.TestPDFCustomLayout" name="test_03_pdf_has_custom_field_name_and_value" time="0.000" /><testcase classname="backend.tests.test_sprint3_integration.TestPDFCustomLayout" name="test_04_pdf_has_signature_and_status" time="0.000" /><testcase classname="backend.tests.test_sprint3_integration.TestSnapshotIsolation" name="test_01_mutate_cabecalho_source" time="0.853" /><testcase classname="backend.tests.test_sprint3_integration.TestSnapshotIsolation" name="test_02_os_pdf_still_has_original" time="1.796" /><testcase classname="backend.tests.test_sprint3_integration.TestRBACIntegration" name="test_tecnico_blocked_campos" time="1.030" /><testcase classname="backend.tests.test_sprint3_integration.TestRBACIntegration" name="test_tecnico_blocked_layouts" time="0.246" /><testcase classname="backend.tests.test_sprint3_integration.TestRBACIntegration" name="test_tecnico_blocked_cabecalho" time="0.276" /><testcase classname="backend.tests.test_sprint3_integration.TestRBACIntegration" name="test_tecnico_signature_capture_allowed_or_403" time="0.685" /><testcase classname="backend.tests.test_sprint3_integration.TestOldOSCompatibility" name="test_01_find_or_create_old_os" time="11.884" /><testcase classname="backend.tests.test_sprint3_integration.TestOldOSCompatibility" name="test_02_pdf_generation_no_layout_works" time="1.765" /><testcase classname="backend.tests.test_sprint3_integration.TestCampoValidation" name="test_invalid_tipo_422" time="0.306" /><testcase classname="backend.tests.test_sprint3_integration.TestCampoValidation" name="test_duplicate_ident_409" time="1.090" /><testcase classname="backend.tests.test_sprint3_integration.TestCampoValidation" name="test_uppercase_ident_422" time="0.242" /></testsuite></testsuites>