<?xml version="1.0" encoding="utf-8"?><testsuites name="pytest tests"><testsuite name="pytest" errors="0" failures="0" skipped="0" tests="53" time="122.611" timestamp="2026-07-17T19:39:16.271852+00:00" hostname="agent-env-478547b6-fd20-49d2-ac3b-a3f74c3e9f49"><testcase classname="tests.test_rc41.TestAuth" name="test_login_all_roles" time="2.662" /><testcase classname="tests.test_rc41.TestAuth" name="test_login_wrong_password" time="0.479" /><testcase classname="tests.test_rc41.TestAuth" name="test_login_auto_resolve" time="0.791" /><testcase classname="tests.test_rc41.TestAuth" name="test_login_master_requires_org" time="0.244" /><testcase classname="tests.test_rc41.TestAuth" name="test_lookup_email" time="0.397" /><testcase classname="tests.test_rc41.TestAuth" name="test_auth_me" time="0.429" /><testcase classname="tests.test_rc41.TestStateMachine" name="test_direct_execution" time="1.689" /><testcase classname="tests.test_rc41.TestStateMachine" name="test_programada_to_em_execucao" time="2.956" /><testcase classname="tests.test_rc41.TestStateMachine" name="test_invalid_transition" time="1.987" /><testcase classname="tests.test_rc41.TestStateMachine" name="test_get_transitions" time="1.987" /><testcase classname="tests.test_rc41.TestStateMachine" name="test_full_lifecycle_direct" time="5.801" /><testcase classname="tests.test_rc41.TestStateMachine" name="test_full_lifecycle_long" time="4.373" /><testcase classname="tests.test_rc41.TestStateMachine" name="test_foto_obrigatoria_corretiva" time="2.198" /><testcase classname="tests.test_rc41.TestStateMachine" name="test_concluir_sem_descricao" time="2.002" /><testcase classname="tests.test_rc41.TestStateMachine" name="test_terminal_state_no_transition" time="2.702" /><testcase classname="tests.test_rc41.TestStateMachine" name="test_audit_trail" time="2.623" /><testcase classname="tests.test_rc41.TestStateMachine" name="test_error_message_consistency" time="1.982" /><testcase classname="tests.test_rc41.TestDashboard" name="test_dashboard_stats" time="2.603" /><testcase classname="tests.test_rc41.TestDashboard" name="test_dashboard_executivo" time="2.452" /><testcase classname="tests.test_rc41.TestDashboard" name="test_indicadores" time="1.840" /><testcase classname="tests.test_rc41.TestDashboard" name="test_minha_area" time="1.011" /><testcase classname="tests.test_rc41.TestDossier" name="test_dossier" time="32.504" /><testcase classname="tests.test_rc41.TestPerformance" name="test_health_fast" time="0.320" /><testcase classname="tests.test_rc41.TestPerformance" name="test_dashboard_fast" time="2.443" /><testcase classname="tests.test_rc41.TestRBAC" name="test_unauthenticated_rejected" time="0.099" /><testcase classname="tests.test_rc41.TestRBAC" name="test_system_status_admin" time="0.635" /><testcase classname="tests.test_rc41.TestRBAC" name="test_system_status_tecnico_denied" time="0.256" /><testcase classname="tests.test_rc41.TestRBAC" name="test_tecnico_cannot_approve" time="2.011" /><testcase classname="tests.test_rc41.TestRBAC" name="test_tecnico_can_execute" time="2.947" /><testcase classname="tests.test_rc41.TestRBAC" name="test_pcm_can_plan" time="2.266" /><testcase classname="tests.test_rc41.TestRBAC" name="test_tecnico_cannot_cancel" time="1.941" /><testcase classname="tests.test_rc41.TestExports" name="test_os_individual_pdf" time="3.172" /><testcase classname="tests.test_rc41.TestExports" name="test_os_batch_pdf" time="2.804" /><testcase classname="tests.test_rc41.TestExports" name="test_batch_pdf_rbac_tecnico_denied" time="0.257" /><testcase classname="tests.test_rc41.TestExports" name="test_batch_pdf_rbac_pcm_allowed" time="2.651" /><testcase classname="tests.test_rc41.TestExports" name="test_export_os_excel" time="1.378" /><testcase classname="tests.test_rc41.TestExports" name="test_export_ativos_excel" time="0.708" /><testcase classname="tests.test_rc41.TestExports" name="test_export_inspecoes_excel" time="0.548" /><testcase classname="tests.test_rc41.TestExports" name="test_export_preventivas_excel" time="0.684" /><testcase classname="tests.test_rc41.TestExports" name="test_export_preventivas_pdf" time="0.792" /><testcase classname="tests.test_rc41.TestExports" name="test_qr_code_in_os_pdf" time="2.854" /><testcase classname="tests.test_rc41.TestDocConfig" name="test_get_doc_config" time="0.445" /><testcase classname="tests.test_rc41.TestDocConfig" name="test_update_doc_config" time="0.420" /><testcase classname="tests.test_rc41.TestDocConfig" name="test_doc_config_rbac_tecnico_blocked" time="0.271" /><testcase classname="tests.test_rc41.TestDocConfig" name="test_doc_config_pcm_allowed" time="0.394" /><testcase classname="tests.test_rc41.TestDocConfig" name="test_procedimento_crud" time="2.567" /><testcase classname="tests.test_rc41.TestDocConfig" name="test_seguranca_crud" time="1.686" /><testcase classname="tests.test_rc41.TestDocConfig" name="test_os_with_procedure_and_safety" time="2.660" /><testcase classname="tests.test_rc41.TestDocConfig" name="test_pdf_digital_mode" time="2.748" /><testcase classname="tests.test_rc41.TestDocConfig" name="test_pdf_manual_mode" time="2.895" /><testcase classname="tests.test_rc41.TestDocConfig" name="test_inspection_pdf_digital" time="0.394" /><testcase classname="tests.test_rc41.TestDocConfig" name="test_inspection_pdf_manual" time="0.423" /><testcase classname="tests.test_rc41.TestDocConfig" name="test_old_os_pdf_fallback" time="3.100" /></testsuite></testsuites>