<?xml version="1.0" encoding="utf-8"?><testsuites name="pytest tests"><testsuite name="pytest" errors="0" failures="0" skipped="0" tests="20" time="26.948" timestamp="2026-07-17T18:14:30.856141+00:00" hostname="agent-env-478547b6-fd20-49d2-ac3b-a3f74c3e9f49"><testcase classname="tests.test_sprint1_versioning.TestLogin" name="test_master_login_with_org" time="7.674" /><testcase classname="tests.test_sprint1_versioning.TestLogin" name="test_all_users_login" time="2.368" /><testcase classname="tests.test_sprint1_versioning.TestProcedimentoVersioning" name="test_01_create_procedimento_v1" time="0.957" /><testcase classname="tests.test_sprint1_versioning.TestProcedimentoVersioning" name="test_02_update_to_v2" time="0.838" /><testcase classname="tests.test_sprint1_versioning.TestProcedimentoVersioning" name="test_03_update_to_v3" time="0.884" /><testcase classname="tests.test_sprint1_versioning.TestProcedimentoVersioning" name="test_04_list_versions_returns_3_desc" time="0.434" /><testcase classname="tests.test_sprint1_versioning.TestProcedimentoVersioning" name="test_05_restore_v1_creates_v4" time="0.998" /><testcase classname="tests.test_sprint1_versioning.TestProcedimentoVersioning" name="test_06_current_state_has_v1_data_and_v4_number" time="0.395" /><testcase classname="tests.test_sprint1_versioning.TestProcedimentoVersioning" name="test_07_versoes_after_restore_has_4" time="0.411" /><testcase classname="tests.test_sprint1_versioning.TestSegurancaVersioning" name="test_01_create_seguranca_v1" time="0.554" /><testcase classname="tests.test_sprint1_versioning.TestSegurancaVersioning" name="test_02_update_v2_v3" time="1.669" /><testcase classname="tests.test_sprint1_versioning.TestSegurancaVersioning" name="test_03_list_versoes" time="0.409" /><testcase classname="tests.test_sprint1_versioning.TestSegurancaVersioning" name="test_04_restore_v1" time="1.416" /><testcase classname="tests.test_sprint1_versioning.TestRBAC" name="test_tecnico_cannot_create_procedimento" time="0.267" /><testcase classname="tests.test_sprint1_versioning.TestRBAC" name="test_tecnico_cannot_update_procedimento" time="0.847" /><testcase classname="tests.test_sprint1_versioning.TestRBAC" name="test_tecnico_cannot_delete_procedimento" time="0.808" /><testcase classname="tests.test_sprint1_versioning.TestRBAC" name="test_tecnico_cannot_restore" time="0.810" /><testcase classname="tests.test_sprint1_versioning.TestRBAC" name="test_pcm_can_create_procedimento" time="0.566" /><testcase classname="tests.test_sprint1_versioning.TestRBAC" name="test_pcm_can_update_procedimento" time="1.386" /><testcase classname="tests.test_sprint1_versioning.TestUnicodeVersioning" name="test_unicode_survives_create_update_restore" time="3.145" /></testsuite></testsuites>